ARM GAS  C:\Users\Hesham\AppData\Local\Temp\cc0cfYsm.s 			page 1


   1              		.syntax unified
   2              		.cpu cortex-m3
   3              		.fpu softvfp
   4              		.eabi_attribute 20, 1
   5              		.eabi_attribute 21, 1
   6              		.eabi_attribute 23, 3
   7              		.eabi_attribute 24, 1
   8              		.eabi_attribute 25, 1
   9              		.eabi_attribute 26, 1
  10              		.eabi_attribute 30, 1
  11              		.eabi_attribute 34, 1
  12              		.eabi_attribute 18, 4
  13              		.thumb
  14              		.file	"cymetadata.c"
  15              		.text
  16              	.Ltext0:
  17              		.cfi_sections	.debug_frame
  18              		.global	cy_metadata
  19              		.global	cy_meta_flashprotect
  20              		.global	cy_meta_wonvl
  21              		.global	cy_meta_custnvl
  22              		.global	cy_meta_configecc
  23              		.section	.cyconfigecc,"a",%progbits
  24              		.align	2
  25              		.type	cy_meta_configecc, %object
  26              		.size	cy_meta_configecc, 1248
  27              	cy_meta_configecc:
  28 0000 02       		.byte	2
  29 0001 52       		.byte	82
  30 0002 00       		.byte	0
  31 0003 40       		.byte	64
  32 0004 02       		.byte	2
  33 0005 64       		.byte	100
  34 0006 00       		.byte	0
  35 0007 40       		.byte	64
  36 0008 03       		.byte	3
  37 0009 65       		.byte	101
  38 000a 00       		.byte	0
  39 000b 40       		.byte	64
  40 000c 01       		.byte	1
  41 000d 07       		.byte	7
  42 000e 01       		.byte	1
  43 000f 40       		.byte	64
  44 0010 5A       		.byte	90
  45 0011 08       		.byte	8
  46 0012 01       		.byte	1
  47 0013 40       		.byte	64
  48 0014 36       		.byte	54
  49 0015 09       		.byte	9
  50 0016 01       		.byte	1
  51 0017 40       		.byte	64
  52 0018 04       		.byte	4
  53 0019 0A       		.byte	10
  54 001a 01       		.byte	1
  55 001b 40       		.byte	64
  56 001c 02       		.byte	2
  57 001d 0B       		.byte	11
ARM GAS  C:\Users\Hesham\AppData\Local\Temp\cc0cfYsm.s 			page 2


  58 001e 01       		.byte	1
  59 001f 40       		.byte	64
  60 0020 03       		.byte	3
  61 0021 15       		.byte	21
  62 0022 01       		.byte	1
  63 0023 40       		.byte	64
  64 0024 03       		.byte	3
  65 0025 17       		.byte	23
  66 0026 01       		.byte	1
  67 0027 40       		.byte	64
  68 0028 0D       		.byte	13
  69 0029 18       		.byte	24
  70 002a 01       		.byte	1
  71 002b 40       		.byte	64
  72 002c 41       		.byte	65
  73 002d 19       		.byte	25
  74 002e 01       		.byte	1
  75 002f 40       		.byte	64
  76 0030 66       		.byte	102
  77 0031 1A       		.byte	26
  78 0032 01       		.byte	1
  79 0033 40       		.byte	64
  80 0034 4A       		.byte	74
  81 0035 1B       		.byte	27
  82 0036 01       		.byte	1
  83 0037 40       		.byte	64
  84 0038 04       		.byte	4
  85 0039 42       		.byte	66
  86 003a 01       		.byte	1
  87 003b 40       		.byte	64
  88 003c 03       		.byte	3
  89 003d 43       		.byte	67
  90 003e 01       		.byte	1
  91 003f 40       		.byte	64
  92 0040 02       		.byte	2
  93 0041 45       		.byte	69
  94 0042 01       		.byte	1
  95 0043 40       		.byte	64
  96 0044 03       		.byte	3
  97 0045 46       		.byte	70
  98 0046 01       		.byte	1
  99 0047 40       		.byte	64
 100 0048 07       		.byte	7
 101 0049 48       		.byte	72
 102 004a 01       		.byte	1
 103 004b 40       		.byte	64
 104 004c 12       		.byte	18
 105 004d 49       		.byte	73
 106 004e 01       		.byte	1
 107 004f 40       		.byte	64
 108 0050 0C       		.byte	12
 109 0051 4C       		.byte	76
 110 0052 01       		.byte	1
 111 0053 40       		.byte	64
 112 0054 0C       		.byte	12
 113 0055 4D       		.byte	77
 114 0056 01       		.byte	1
ARM GAS  C:\Users\Hesham\AppData\Local\Temp\cc0cfYsm.s 			page 3


 115 0057 40       		.byte	64
 116 0058 04       		.byte	4
 117 0059 50       		.byte	80
 118 005a 01       		.byte	1
 119 005b 40       		.byte	64
 120 005c 01       		.byte	1
 121 005d 51       		.byte	81
 122 005e 01       		.byte	1
 123 005f 40       		.byte	64
 124 0060 11       		.byte	17
 125 0061 02       		.byte	2
 126 0062 19       		.byte	25
 127 0063 02       		.byte	2
 128 0064 88       		.byte	-120
 129 0065 0D       		.byte	13
 130 0066 89       		.byte	-119
 131 0067 0D       		.byte	13
 132 0068 88       		.byte	-120
 133 0069 72       		.byte	114
 134 006a 8A       		.byte	-118
 135 006b 0F       		.byte	15
 136 006c 8B       		.byte	-117
 137 006d 38       		.byte	56
 138 006e EE       		.byte	-18
 139 006f 08       		.byte	8
 140 0070 03       		.byte	3
 141 0071 01       		.byte	1
 142 0072 04       		.byte	4
 143 0073 01       		.byte	1
 144 0074 08       		.byte	8
 145 0075 01       		.byte	1
 146 0076 0B       		.byte	11
 147 0077 0E       		.byte	14
 148 0078 10       		.byte	16
 149 0079 01       		.byte	1
 150 007a 15       		.byte	21
 151 007b 08       		.byte	8
 152 007c 16       		.byte	22
 153 007d 02       		.byte	2
 154 007e 1A       		.byte	26
 155 007f 08       		.byte	8
 156 0080 1B       		.byte	27
 157 0081 04       		.byte	4
 158 0082 1E       		.byte	30
 159 0083 02       		.byte	2
 160 0084 2A       		.byte	42
 161 0085 08       		.byte	8
 162 0086 2C       		.byte	44
 163 0087 04       		.byte	4
 164 0088 30       		.byte	48
 165 0089 04       		.byte	4
 166 008a 31       		.byte	49
 167 008b 08       		.byte	8
 168 008c 32       		.byte	50
 169 008d 01       		.byte	1
 170 008e 33       		.byte	51
 171 008f 01       		.byte	1
ARM GAS  C:\Users\Hesham\AppData\Local\Temp\cc0cfYsm.s 			page 4


 172 0090 34       		.byte	52
 173 0091 08       		.byte	8
 174 0092 35       		.byte	53
 175 0093 02       		.byte	2
 176 0094 36       		.byte	54
 177 0095 02       		.byte	2
 178 0096 37       		.byte	55
 179 0097 04       		.byte	4
 180 0098 3E       		.byte	62
 181 0099 51       		.byte	81
 182 009a 40       		.byte	64
 183 009b 20       		.byte	32
 184 009c 41       		.byte	65
 185 009d 03       		.byte	3
 186 009e 45       		.byte	69
 187 009f D2       		.byte	-46
 188 00a0 46       		.byte	70
 189 00a1 10       		.byte	16
 190 00a2 48       		.byte	72
 191 00a3 0B       		.byte	11
 192 00a4 49       		.byte	73
 193 00a5 FF       		.byte	-1
 194 00a6 4A       		.byte	74
 195 00a7 FF       		.byte	-1
 196 00a8 4B       		.byte	75
 197 00a9 FF       		.byte	-1
 198 00aa 4D       		.byte	77
 199 00ab A0       		.byte	-96
 200 00ac 4F       		.byte	79
 201 00ad 04       		.byte	4
 202 00ae 50       		.byte	80
 203 00af 18       		.byte	24
 204 00b0 52       		.byte	82
 205 00b1 80       		.byte	-128
 206 00b2 54       		.byte	84
 207 00b3 05       		.byte	5
 208 00b4 58       		.byte	88
 209 00b5 04       		.byte	4
 210 00b6 59       		.byte	89
 211 00b7 04       		.byte	4
 212 00b8 5A       		.byte	90
 213 00b9 04       		.byte	4
 214 00ba 5B       		.byte	91
 215 00bb 04       		.byte	4
 216 00bc 5C       		.byte	92
 217 00bd 01       		.byte	1
 218 00be 5F       		.byte	95
 219 00bf 01       		.byte	1
 220 00c0 60       		.byte	96
 221 00c1 40       		.byte	64
 222 00c2 62       		.byte	98
 223 00c3 C0       		.byte	-64
 224 00c4 64       		.byte	100
 225 00c5 40       		.byte	64
 226 00c6 65       		.byte	101
 227 00c7 40       		.byte	64
 228 00c8 66       		.byte	102
ARM GAS  C:\Users\Hesham\AppData\Local\Temp\cc0cfYsm.s 			page 5


 229 00c9 C0       		.byte	-64
 230 00ca 68       		.byte	104
 231 00cb C0       		.byte	-64
 232 00cc 6A       		.byte	106
 233 00cd C0       		.byte	-64
 234 00ce 6C       		.byte	108
 235 00cf C0       		.byte	-64
 236 00d0 6E       		.byte	110
 237 00d1 C0       		.byte	-64
 238 00d2 8F       		.byte	-113
 239 00d3 01       		.byte	1
 240 00d4 92       		.byte	-110
 241 00d5 08       		.byte	8
 242 00d6 94       		.byte	-108
 243 00d7 01       		.byte	1
 244 00d8 9A       		.byte	-102
 245 00d9 04       		.byte	4
 246 00da A6       		.byte	-90
 247 00db 07       		.byte	7
 248 00dc AB       		.byte	-85
 249 00dd 01       		.byte	1
 250 00de B0       		.byte	-80
 251 00df 04       		.byte	4
 252 00e0 B2       		.byte	-78
 253 00e1 02       		.byte	2
 254 00e2 B3       		.byte	-77
 255 00e3 01       		.byte	1
 256 00e4 B4       		.byte	-76
 257 00e5 08       		.byte	8
 258 00e6 B6       		.byte	-74
 259 00e7 01       		.byte	1
 260 00e8 BB       		.byte	-69
 261 00e9 02       		.byte	2
 262 00ea BF       		.byte	-65
 263 00eb 04       		.byte	4
 264 00ec C0       		.byte	-64
 265 00ed 60       		.byte	96
 266 00ee C1       		.byte	-63
 267 00ef 05       		.byte	5
 268 00f0 C5       		.byte	-59
 269 00f1 D1       		.byte	-47
 270 00f2 C6       		.byte	-58
 271 00f3 02       		.byte	2
 272 00f4 C8       		.byte	-56
 273 00f5 07       		.byte	7
 274 00f6 C9       		.byte	-55
 275 00f7 FF       		.byte	-1
 276 00f8 CA       		.byte	-54
 277 00f9 FF       		.byte	-1
 278 00fa CB       		.byte	-53
 279 00fb FF       		.byte	-1
 280 00fc CD       		.byte	-51
 281 00fd A0       		.byte	-96
 282 00fe CF       		.byte	-49
 283 00ff 04       		.byte	4
 284 0100 D0       		.byte	-48
 285 0101 18       		.byte	24
ARM GAS  C:\Users\Hesham\AppData\Local\Temp\cc0cfYsm.s 			page 6


 286 0102 D2       		.byte	-46
 287 0103 80       		.byte	-128
 288 0104 D4       		.byte	-44
 289 0105 05       		.byte	5
 290 0106 D8       		.byte	-40
 291 0107 04       		.byte	4
 292 0108 D9       		.byte	-39
 293 0109 04       		.byte	4
 294 010a DA       		.byte	-38
 295 010b 04       		.byte	4
 296 010c DB       		.byte	-37
 297 010d 04       		.byte	4
 298 010e DC       		.byte	-36
 299 010f 10       		.byte	16
 300 0110 DF       		.byte	-33
 301 0111 01       		.byte	1
 302 0112 E0       		.byte	-32
 303 0113 40       		.byte	64
 304 0114 E2       		.byte	-30
 305 0115 C0       		.byte	-64
 306 0116 E4       		.byte	-28
 307 0117 40       		.byte	64
 308 0118 E5       		.byte	-27
 309 0119 40       		.byte	64
 310 011a E6       		.byte	-26
 311 011b C0       		.byte	-64
 312 011c E8       		.byte	-24
 313 011d C0       		.byte	-64
 314 011e EA       		.byte	-22
 315 011f C0       		.byte	-64
 316 0120 EC       		.byte	-20
 317 0121 C0       		.byte	-64
 318 0122 EE       		.byte	-18
 319 0123 C0       		.byte	-64
 320 0124 04       		.byte	4
 321 0125 28       		.byte	40
 322 0126 09       		.byte	9
 323 0127 02       		.byte	2
 324 0128 0A       		.byte	10
 325 0129 25       		.byte	37
 326 012a 0B       		.byte	11
 327 012b 02       		.byte	2
 328 012c 0C       		.byte	12
 329 012d 10       		.byte	16
 330 012e 0E       		.byte	14
 331 012f 42       		.byte	66
 332 0130 0F       		.byte	15
 333 0131 28       		.byte	40
 334 0132 10       		.byte	16
 335 0133 20       		.byte	32
 336 0134 14       		.byte	20
 337 0135 01       		.byte	1
 338 0136 17       		.byte	23
 339 0137 20       		.byte	32
 340 0138 19       		.byte	25
 341 0139 A0       		.byte	-96
 342 013a 1A       		.byte	26
ARM GAS  C:\Users\Hesham\AppData\Local\Temp\cc0cfYsm.s 			page 7


 343 013b A4       		.byte	-92
 344 013c 1E       		.byte	30
 345 013d 19       		.byte	25
 346 013e 1F       		.byte	31
 347 013f 02       		.byte	2
 348 0140 21       		.byte	33
 349 0141 01       		.byte	1
 350 0142 22       		.byte	34
 351 0143 04       		.byte	4
 352 0144 24       		.byte	36
 353 0145 40       		.byte	64
 354 0146 25       		.byte	37
 355 0147 80       		.byte	-128
 356 0148 27       		.byte	39
 357 0149 28       		.byte	40
 358 014a 29       		.byte	41
 359 014b 20       		.byte	32
 360 014c 2D       		.byte	45
 361 014d 10       		.byte	16
 362 014e 2E       		.byte	46
 363 014f 10       		.byte	16
 364 0150 37       		.byte	55
 365 0151 28       		.byte	40
 366 0152 38       		.byte	56
 367 0153 80       		.byte	-128
 368 0154 3C       		.byte	60
 369 0155 02       		.byte	2
 370 0156 3E       		.byte	62
 371 0157 20       		.byte	32
 372 0158 44       		.byte	68
 373 0159 10       		.byte	16
 374 015a 47       		.byte	71
 375 015b 20       		.byte	32
 376 015c 48       		.byte	72
 377 015d 20       		.byte	32
 378 015e 49       		.byte	73
 379 015f 22       		.byte	34
 380 0160 4B       		.byte	75
 381 0161 80       		.byte	-128
 382 0162 4D       		.byte	77
 383 0163 01       		.byte	1
 384 0164 4F       		.byte	79
 385 0165 08       		.byte	8
 386 0166 50       		.byte	80
 387 0167 40       		.byte	64
 388 0168 53       		.byte	83
 389 0169 40       		.byte	64
 390 016a 56       		.byte	86
 391 016b 20       		.byte	32
 392 016c 59       		.byte	89
 393 016d 82       		.byte	-126
 394 016e 5A       		.byte	90
 395 016f 08       		.byte	8
 396 0170 5C       		.byte	92
 397 0171 40       		.byte	64
 398 0172 5D       		.byte	93
 399 0173 01       		.byte	1
ARM GAS  C:\Users\Hesham\AppData\Local\Temp\cc0cfYsm.s 			page 8


 400 0174 5E       		.byte	94
 401 0175 08       		.byte	8
 402 0176 71       		.byte	113
 403 0177 02       		.byte	2
 404 0178 74       		.byte	116
 405 0179 01       		.byte	1
 406 017a A5       		.byte	-91
 407 017b 80       		.byte	-128
 408 017c AF       		.byte	-81
 409 017d 01       		.byte	1
 410 017e C0       		.byte	-64
 411 017f 60       		.byte	96
 412 0180 C2       		.byte	-62
 413 0181 FE       		.byte	-2
 414 0182 C4       		.byte	-60
 415 0183 C4       		.byte	-60
 416 0184 CA       		.byte	-54
 417 0185 04       		.byte	4
 418 0186 CC       		.byte	-52
 419 0187 60       		.byte	96
 420 0188 CE       		.byte	-50
 421 0189 A8       		.byte	-88
 422 018a D0       		.byte	-48
 423 018b 60       		.byte	96
 424 018c D2       		.byte	-46
 425 018d 0C       		.byte	12
 426 018e D6       		.byte	-42
 427 018f DB       		.byte	-37
 428 0190 38       		.byte	56
 429 0191 02       		.byte	2
 430 0192 3E       		.byte	62
 431 0193 01       		.byte	1
 432 0194 58       		.byte	88
 433 0195 04       		.byte	4
 434 0196 5F       		.byte	95
 435 0197 01       		.byte	1
 436 0198 1B       		.byte	27
 437 0199 01       		.byte	1
 438 019a 8D       		.byte	-115
 439 019b 80       		.byte	-128
 440 019c E0       		.byte	-32
 441 019d 08       		.byte	8
 442 019e E4       		.byte	-28
 443 019f 01       		.byte	1
 444 01a0 EA       		.byte	-22
 445 01a1 01       		.byte	1
 446 01a2 E2       		.byte	-30
 447 01a3 08       		.byte	8
 448 01a4 E6       		.byte	-26
 449 01a5 80       		.byte	-128
 450 01a6 EE       		.byte	-18
 451 01a7 01       		.byte	1
 452 01a8 80       		.byte	-128
 453 01a9 02       		.byte	2
 454 01aa 86       		.byte	-122
 455 01ab 02       		.byte	2
 456 01ac 8A       		.byte	-118
ARM GAS  C:\Users\Hesham\AppData\Local\Temp\cc0cfYsm.s 			page 9


 457 01ad 01       		.byte	1
 458 01ae 8E       		.byte	-114
 459 01af 02       		.byte	2
 460 01b0 94       		.byte	-108
 461 01b1 02       		.byte	2
 462 01b2 A2       		.byte	-94
 463 01b3 01       		.byte	1
 464 01b4 B2       		.byte	-78
 465 01b5 02       		.byte	2
 466 01b6 B4       		.byte	-76
 467 01b7 01       		.byte	1
 468 01b8 B8       		.byte	-72
 469 01b9 08       		.byte	8
 470 01ba BE       		.byte	-66
 471 01bb 10       		.byte	16
 472 01bc D8       		.byte	-40
 473 01bd 04       		.byte	4
 474 01be DC       		.byte	-36
 475 01bf 01       		.byte	1
 476 01c0 DF       		.byte	-33
 477 01c1 01       		.byte	1
 478 01c2 00       		.byte	0
 479 01c3 40       		.byte	64
 480 01c4 02       		.byte	2
 481 01c5 40       		.byte	64
 482 01c6 03       		.byte	3
 483 01c7 18       		.byte	24
 484 01c8 05       		.byte	5
 485 01c9 01       		.byte	1
 486 01ca 07       		.byte	7
 487 01cb 15       		.byte	21
 488 01cc 09       		.byte	9
 489 01cd 08       		.byte	8
 490 01ce 0C       		.byte	12
 491 01cf 10       		.byte	16
 492 01d0 0E       		.byte	14
 493 01d1 20       		.byte	32
 494 01d2 0F       		.byte	15
 495 01d3 02       		.byte	2
 496 01d4 10       		.byte	16
 497 01d5 80       		.byte	-128
 498 01d6 15       		.byte	21
 499 01d7 02       		.byte	2
 500 01d8 16       		.byte	22
 501 01d9 C2       		.byte	-62
 502 01da 17       		.byte	23
 503 01db 28       		.byte	40
 504 01dc 19       		.byte	25
 505 01dd 20       		.byte	32
 506 01de 1B       		.byte	27
 507 01df 08       		.byte	8
 508 01e0 1C       		.byte	28
 509 01e1 60       		.byte	96
 510 01e2 1D       		.byte	29
 511 01e3 09       		.byte	9
 512 01e4 1E       		.byte	30
 513 01e5 29       		.byte	41
ARM GAS  C:\Users\Hesham\AppData\Local\Temp\cc0cfYsm.s 			page 10


 514 01e6 24       		.byte	36
 515 01e7 01       		.byte	1
 516 01e8 26       		.byte	38
 517 01e9 03       		.byte	3
 518 01ea 27       		.byte	39
 519 01eb 10       		.byte	16
 520 01ec 2D       		.byte	45
 521 01ed 18       		.byte	24
 522 01ee 2E       		.byte	46
 523 01ef 82       		.byte	-126
 524 01f0 35       		.byte	53
 525 01f1 81       		.byte	-127
 526 01f2 37       		.byte	55
 527 01f3 14       		.byte	20
 528 01f4 3C       		.byte	60
 529 01f5 A0       		.byte	-96
 530 01f6 3E       		.byte	62
 531 01f7 09       		.byte	9
 532 01f8 45       		.byte	69
 533 01f9 08       		.byte	8
 534 01fa 46       		.byte	70
 535 01fb 40       		.byte	64
 536 01fc 47       		.byte	71
 537 01fd 40       		.byte	64
 538 01fe 4C       		.byte	76
 539 01ff 80       		.byte	-128
 540 0200 4D       		.byte	77
 541 0201 10       		.byte	16
 542 0202 4E       		.byte	78
 543 0203 02       		.byte	2
 544 0204 57       		.byte	87
 545 0205 10       		.byte	16
 546 0206 5E       		.byte	94
 547 0207 08       		.byte	8
 548 0208 6C       		.byte	108
 549 0209 14       		.byte	20
 550 020a 6D       		.byte	109
 551 020b 20       		.byte	32
 552 020c 6E       		.byte	110
 553 020d 44       		.byte	68
 554 020e 74       		.byte	116
 555 020f 40       		.byte	64
 556 0210 75       		.byte	117
 557 0211 08       		.byte	8
 558 0212 76       		.byte	118
 559 0213 08       		.byte	8
 560 0214 77       		.byte	119
 561 0215 29       		.byte	41
 562 0216 89       		.byte	-119
 563 0217 10       		.byte	16
 564 0218 8B       		.byte	-117
 565 0219 01       		.byte	1
 566 021a 8F       		.byte	-113
 567 021b 02       		.byte	2
 568 021c 91       		.byte	-111
 569 021d 12       		.byte	18
 570 021e 93       		.byte	-109
ARM GAS  C:\Users\Hesham\AppData\Local\Temp\cc0cfYsm.s 			page 11


 571 021f 02       		.byte	2
 572 0220 94       		.byte	-108
 573 0221 28       		.byte	40
 574 0222 96       		.byte	-106
 575 0223 40       		.byte	64
 576 0224 9C       		.byte	-100
 577 0225 01       		.byte	1
 578 0226 A3       		.byte	-93
 579 0227 02       		.byte	2
 580 0228 A6       		.byte	-90
 581 0229 01       		.byte	1
 582 022a A7       		.byte	-89
 583 022b 10       		.byte	16
 584 022c AA       		.byte	-86
 585 022d 40       		.byte	64
 586 022e C0       		.byte	-64
 587 022f FF       		.byte	-1
 588 0230 C2       		.byte	-62
 589 0231 E4       		.byte	-28
 590 0232 C4       		.byte	-60
 591 0233 F8       		.byte	-8
 592 0234 CA       		.byte	-54
 593 0235 F0       		.byte	-16
 594 0236 CC       		.byte	-52
 595 0237 F0       		.byte	-16
 596 0238 CE       		.byte	-50
 597 0239 F0       		.byte	-16
 598 023a D0       		.byte	-48
 599 023b D0       		.byte	-48
 600 023c D2       		.byte	-46
 601 023d 30       		.byte	48
 602 023e D6       		.byte	-42
 603 023f 40       		.byte	64
 604 0240 E2       		.byte	-30
 605 0241 08       		.byte	8
 606 0242 E6       		.byte	-26
 607 0243 80       		.byte	-128
 608 0244 04       		.byte	4
 609 0245 73       		.byte	115
 610 0246 05       		.byte	5
 611 0247 11       		.byte	17
 612 0248 06       		.byte	6
 613 0249 0C       		.byte	12
 614 024a 07       		.byte	7
 615 024b 26       		.byte	38
 616 024c 0B       		.byte	11
 617 024d 08       		.byte	8
 618 024e 11       		.byte	17
 619 024f 2C       		.byte	44
 620 0250 13       		.byte	19
 621 0251 13       		.byte	19
 622 0252 14       		.byte	20
 623 0253 03       		.byte	3
 624 0254 16       		.byte	22
 625 0255 04       		.byte	4
 626 0256 17       		.byte	23
 627 0257 13       		.byte	19
ARM GAS  C:\Users\Hesham\AppData\Local\Temp\cc0cfYsm.s 			page 12


 628 0258 19       		.byte	25
 629 0259 11       		.byte	17
 630 025a 1A       		.byte	26
 631 025b 08       		.byte	8
 632 025c 1B       		.byte	27
 633 025d 0E       		.byte	14
 634 025e 1C       		.byte	28
 635 025f 2A       		.byte	42
 636 0260 1E       		.byte	30
 637 0261 44       		.byte	68
 638 0262 24       		.byte	36
 639 0263 73       		.byte	115
 640 0264 26       		.byte	38
 641 0265 04       		.byte	4
 642 0266 27       		.byte	39
 643 0267 2C       		.byte	44
 644 0268 28       		.byte	40
 645 0269 80       		.byte	-128
 646 026a 2A       		.byte	42
 647 026b 15       		.byte	21
 648 026c 2B       		.byte	43
 649 026d 10       		.byte	16
 650 026e 2D       		.byte	45
 651 026f 40       		.byte	64
 652 0270 30       		.byte	48
 653 0271 30       		.byte	48
 654 0272 31       		.byte	49
 655 0273 0F       		.byte	15
 656 0274 32       		.byte	50
 657 0275 C0       		.byte	-64
 658 0276 33       		.byte	51
 659 0277 40       		.byte	64
 660 0278 34       		.byte	52
 661 0279 0F       		.byte	15
 662 027a 35       		.byte	53
 663 027b 2A       		.byte	42
 664 027c 37       		.byte	55
 665 027d 10       		.byte	16
 666 027e 38       		.byte	56
 667 027f 0A       		.byte	10
 668 0280 3A       		.byte	58
 669 0281 20       		.byte	32
 670 0282 3B       		.byte	59
 671 0283 22       		.byte	34
 672 0284 3E       		.byte	62
 673 0285 01       		.byte	1
 674 0286 3F       		.byte	63
 675 0287 44       		.byte	68
 676 0288 40       		.byte	64
 677 0289 04       		.byte	4
 678 028a 46       		.byte	70
 679 028b 40       		.byte	64
 680 028c 49       		.byte	73
 681 028d FF       		.byte	-1
 682 028e 4A       		.byte	74
 683 028f 07       		.byte	7
 684 0290 4B       		.byte	75
ARM GAS  C:\Users\Hesham\AppData\Local\Temp\cc0cfYsm.s 			page 13


 685 0291 FF       		.byte	-1
 686 0292 4C       		.byte	76
 687 0293 40       		.byte	64
 688 0294 4D       		.byte	77
 689 0295 20       		.byte	32
 690 0296 4E       		.byte	78
 691 0297 F0       		.byte	-16
 692 0298 4F       		.byte	79
 693 0299 05       		.byte	5
 694 029a 50       		.byte	80
 695 029b 08       		.byte	8
 696 029c 54       		.byte	84
 697 029d 01       		.byte	1
 698 029e 58       		.byte	88
 699 029f 04       		.byte	4
 700 02a0 59       		.byte	89
 701 02a1 04       		.byte	4
 702 02a2 5A       		.byte	90
 703 02a3 04       		.byte	4
 704 02a4 5B       		.byte	91
 705 02a5 04       		.byte	4
 706 02a6 5C       		.byte	92
 707 02a7 11       		.byte	17
 708 02a8 5D       		.byte	93
 709 02a9 11       		.byte	17
 710 02aa 5F       		.byte	95
 711 02ab 01       		.byte	1
 712 02ac 60       		.byte	96
 713 02ad 40       		.byte	64
 714 02ae 61       		.byte	97
 715 02af A8       		.byte	-88
 716 02b0 62       		.byte	98
 717 02b1 40       		.byte	64
 718 02b2 63       		.byte	99
 719 02b3 20       		.byte	32
 720 02b4 80       		.byte	-128
 721 02b5 14       		.byte	20
 722 02b6 81       		.byte	-127
 723 02b7 28       		.byte	40
 724 02b8 83       		.byte	-125
 725 02b9 46       		.byte	70
 726 02ba 84       		.byte	-124
 727 02bb 10       		.byte	16
 728 02bc 85       		.byte	-123
 729 02bd 7C       		.byte	124
 730 02be 86       		.byte	-122
 731 02bf 0C       		.byte	12
 732 02c0 88       		.byte	-120
 733 02c1 0C       		.byte	12
 734 02c2 89       		.byte	-119
 735 02c3 7C       		.byte	124
 736 02c4 8A       		.byte	-118
 737 02c5 11       		.byte	17
 738 02c6 8C       		.byte	-116
 739 02c7 1C       		.byte	28
 740 02c8 8E       		.byte	-114
 741 02c9 02       		.byte	2
ARM GAS  C:\Users\Hesham\AppData\Local\Temp\cc0cfYsm.s 			page 14


 742 02ca 92       		.byte	-110
 743 02cb 03       		.byte	3
 744 02cc 95       		.byte	-107
 745 02cd 04       		.byte	4
 746 02ce 97       		.byte	-105
 747 02cf 19       		.byte	25
 748 02d0 98       		.byte	-104
 749 02d1 09       		.byte	9
 750 02d2 99       		.byte	-103
 751 02d3 50       		.byte	80
 752 02d4 9A       		.byte	-102
 753 02d5 10       		.byte	16
 754 02d6 9B       		.byte	-101
 755 02d7 26       		.byte	38
 756 02d8 A8       		.byte	-88
 757 02d9 10       		.byte	16
 758 02da B0       		.byte	-80
 759 02db 1F       		.byte	31
 760 02dc B1       		.byte	-79
 761 02dd 03       		.byte	3
 762 02de B3       		.byte	-77
 763 02df 60       		.byte	96
 764 02e0 B5       		.byte	-75
 765 02e1 1C       		.byte	28
 766 02e2 BF       		.byte	-65
 767 02e3 01       		.byte	1
 768 02e4 C0       		.byte	-64
 769 02e5 36       		.byte	54
 770 02e6 C1       		.byte	-63
 771 02e7 02       		.byte	2
 772 02e8 C6       		.byte	-58
 773 02e9 0B       		.byte	11
 774 02ea C7       		.byte	-57
 775 02eb EC       		.byte	-20
 776 02ec C8       		.byte	-56
 777 02ed 34       		.byte	52
 778 02ee C9       		.byte	-55
 779 02ef FF       		.byte	-1
 780 02f0 CA       		.byte	-54
 781 02f1 FF       		.byte	-1
 782 02f2 CB       		.byte	-53
 783 02f3 FF       		.byte	-1
 784 02f4 CE       		.byte	-50
 785 02f5 F0       		.byte	-16
 786 02f6 CF       		.byte	-49
 787 02f7 44       		.byte	68
 788 02f8 D0       		.byte	-48
 789 02f9 0C       		.byte	12
 790 02fa D4       		.byte	-44
 791 02fb 18       		.byte	24
 792 02fc D8       		.byte	-40
 793 02fd 04       		.byte	4
 794 02fe D9       		.byte	-39
 795 02ff 04       		.byte	4
 796 0300 DA       		.byte	-38
 797 0301 04       		.byte	4
 798 0302 DB       		.byte	-37
ARM GAS  C:\Users\Hesham\AppData\Local\Temp\cc0cfYsm.s 			page 15


 799 0303 04       		.byte	4
 800 0304 DC       		.byte	-36
 801 0305 11       		.byte	17
 802 0306 DD       		.byte	-35
 803 0307 11       		.byte	17
 804 0308 DF       		.byte	-33
 805 0309 01       		.byte	1
 806 030a E6       		.byte	-26
 807 030b C0       		.byte	-64
 808 030c EA       		.byte	-22
 809 030d 40       		.byte	64
 810 030e EB       		.byte	-21
 811 030f 02       		.byte	2
 812 0310 00       		.byte	0
 813 0311 04       		.byte	4
 814 0312 02       		.byte	2
 815 0313 10       		.byte	16
 816 0314 04       		.byte	4
 817 0315 04       		.byte	4
 818 0316 06       		.byte	6
 819 0317 80       		.byte	-128
 820 0318 07       		.byte	7
 821 0319 09       		.byte	9
 822 031a 08       		.byte	8
 823 031b 20       		.byte	32
 824 031c 09       		.byte	9
 825 031d 08       		.byte	8
 826 031e 0A       		.byte	10
 827 031f 02       		.byte	2
 828 0320 0C       		.byte	12
 829 0321 01       		.byte	1
 830 0322 0E       		.byte	14
 831 0323 80       		.byte	-128
 832 0324 0F       		.byte	15
 833 0325 08       		.byte	8
 834 0326 10       		.byte	16
 835 0327 08       		.byte	8
 836 0328 12       		.byte	18
 837 0329 20       		.byte	32
 838 032a 15       		.byte	21
 839 032b 20       		.byte	32
 840 032c 18       		.byte	24
 841 032d 44       		.byte	68
 842 032e 19       		.byte	25
 843 032f 04       		.byte	4
 844 0330 1B       		.byte	27
 845 0331 04       		.byte	4
 846 0332 1E       		.byte	30
 847 0333 80       		.byte	-128
 848 0334 21       		.byte	33
 849 0335 20       		.byte	32
 850 0336 22       		.byte	34
 851 0337 65       		.byte	101
 852 0338 23       		.byte	35
 853 0339 08       		.byte	8
 854 033a 25       		.byte	37
 855 033b 04       		.byte	4
ARM GAS  C:\Users\Hesham\AppData\Local\Temp\cc0cfYsm.s 			page 16


 856 033c 27       		.byte	39
 857 033d 54       		.byte	84
 858 033e 28       		.byte	40
 859 033f 22       		.byte	34
 860 0340 29       		.byte	41
 861 0341 14       		.byte	20
 862 0342 2B       		.byte	43
 863 0343 09       		.byte	9
 864 0344 30       		.byte	48
 865 0345 08       		.byte	8
 866 0346 32       		.byte	50
 867 0347 21       		.byte	33
 868 0348 33       		.byte	51
 869 0349 01       		.byte	1
 870 034a 34       		.byte	52
 871 034b 10       		.byte	16
 872 034c 37       		.byte	55
 873 034d 14       		.byte	20
 874 034e 38       		.byte	56
 875 034f 04       		.byte	4
 876 0350 39       		.byte	57
 877 0351 20       		.byte	32
 878 0352 3D       		.byte	61
 879 0353 20       		.byte	32
 880 0354 3E       		.byte	62
 881 0355 06       		.byte	6
 882 0356 40       		.byte	64
 883 0357 40       		.byte	64
 884 0358 45       		.byte	69
 885 0359 20       		.byte	32
 886 035a 46       		.byte	70
 887 035b 10       		.byte	16
 888 035c 4C       		.byte	76
 889 035d 08       		.byte	8
 890 035e 50       		.byte	80
 891 035f 08       		.byte	8
 892 0360 51       		.byte	81
 893 0361 10       		.byte	16
 894 0362 55       		.byte	85
 895 0363 08       		.byte	8
 896 0364 56       		.byte	86
 897 0365 80       		.byte	-128
 898 0366 57       		.byte	87
 899 0367 09       		.byte	9
 900 0368 58       		.byte	88
 901 0369 02       		.byte	2
 902 036a 59       		.byte	89
 903 036b 10       		.byte	16
 904 036c 5A       		.byte	90
 905 036d 88       		.byte	-120
 906 036e 5C       		.byte	92
 907 036f 01       		.byte	1
 908 0370 65       		.byte	101
 909 0371 20       		.byte	32
 910 0372 67       		.byte	103
 911 0373 02       		.byte	2
 912 0374 8A       		.byte	-118
ARM GAS  C:\Users\Hesham\AppData\Local\Temp\cc0cfYsm.s 			page 17


 913 0375 02       		.byte	2
 914 0376 8D       		.byte	-115
 915 0377 84       		.byte	-124
 916 0378 90       		.byte	-112
 917 0379 01       		.byte	1
 918 037a 92       		.byte	-110
 919 037b 04       		.byte	4
 920 037c 93       		.byte	-109
 921 037d 02       		.byte	2
 922 037e 99       		.byte	-103
 923 037f 20       		.byte	32
 924 0380 9C       		.byte	-100
 925 0381 11       		.byte	17
 926 0382 9D       		.byte	-99
 927 0383 80       		.byte	-128
 928 0384 9E       		.byte	-98
 929 0385 02       		.byte	2
 930 0386 9F       		.byte	-97
 931 0387 44       		.byte	68
 932 0388 A1       		.byte	-95
 933 0389 10       		.byte	16
 934 038a C0       		.byte	-64
 935 038b F4       		.byte	-12
 936 038c C2       		.byte	-62
 937 038d 57       		.byte	87
 938 038e C4       		.byte	-60
 939 038f 46       		.byte	70
 940 0390 CA       		.byte	-54
 941 0391 0E       		.byte	14
 942 0392 CC       		.byte	-52
 943 0393 67       		.byte	103
 944 0394 CE       		.byte	-50
 945 0395 E6       		.byte	-26
 946 0396 D0       		.byte	-48
 947 0397 61       		.byte	97
 948 0398 D2       		.byte	-46
 949 0399 20       		.byte	32
 950 039a D6       		.byte	-42
 951 039b 8F       		.byte	-113
 952 039c D8       		.byte	-40
 953 039d 30       		.byte	48
 954 039e E0       		.byte	-32
 955 039f 08       		.byte	8
 956 03a0 E4       		.byte	-28
 957 03a1 01       		.byte	1
 958 03a2 EA       		.byte	-22
 959 03a3 01       		.byte	1
 960 03a4 3E       		.byte	62
 961 03a5 10       		.byte	16
 962 03a6 53       		.byte	83
 963 03a7 20       		.byte	32
 964 03a8 CE       		.byte	-50
 965 03a9 20       		.byte	32
 966 03aa D4       		.byte	-44
 967 03ab 20       		.byte	32
 968 03ac 96       		.byte	-106
 969 03ad 10       		.byte	16
ARM GAS  C:\Users\Hesham\AppData\Local\Temp\cc0cfYsm.s 			page 18


 970 03ae AF       		.byte	-81
 971 03af 20       		.byte	32
 972 03b0 EE       		.byte	-18
 973 03b1 10       		.byte	16
 974 03b2 5A       		.byte	90
 975 03b3 80       		.byte	-128
 976 03b4 D4       		.byte	-44
 977 03b5 01       		.byte	1
 978 03b6 8E       		.byte	-114
 979 03b7 40       		.byte	64
 980 03b8 96       		.byte	-106
 981 03b9 80       		.byte	-128
 982 03ba E0       		.byte	-32
 983 03bb 08       		.byte	8
 984 03bc 86       		.byte	-122
 985 03bd 20       		.byte	32
 986 03be 8B       		.byte	-117
 987 03bf 02       		.byte	2
 988 03c0 92       		.byte	-110
 989 03c1 80       		.byte	-128
 990 03c2 96       		.byte	-106
 991 03c3 10       		.byte	16
 992 03c4 AA       		.byte	-86
 993 03c5 40       		.byte	64
 994 03c6 E2       		.byte	-30
 995 03c7 10       		.byte	16
 996 03c8 EE       		.byte	-18
 997 03c9 80       		.byte	-128
 998 03ca 12       		.byte	18
 999 03cb 20       		.byte	32
 1000 03cc 16       		.byte	22
 1001 03cd 40       		.byte	64
 1002 03ce 5A       		.byte	90
 1003 03cf 80       		.byte	-128
 1004 03d0 72       		.byte	114
 1005 03d1 20       		.byte	32
 1006 03d2 7F       		.byte	127
 1007 03d3 02       		.byte	2
 1008 03d4 82       		.byte	-126
 1009 03d5 20       		.byte	32
 1010 03d6 86       		.byte	-122
 1011 03d7 40       		.byte	64
 1012 03d8 92       		.byte	-110
 1013 03d9 80       		.byte	-128
 1014 03da 9A       		.byte	-102
 1015 03db 20       		.byte	32
 1016 03dc A3       		.byte	-93
 1017 03dd 02       		.byte	2
 1018 03de AA       		.byte	-86
 1019 03df 10       		.byte	16
 1020 03e0 C4       		.byte	-60
 1021 03e1 30       		.byte	48
 1022 03e2 D4       		.byte	-44
 1023 03e3 80       		.byte	-128
 1024 03e4 DC       		.byte	-36
 1025 03e5 80       		.byte	-128
 1026 03e6 DE       		.byte	-34
ARM GAS  C:\Users\Hesham\AppData\Local\Temp\cc0cfYsm.s 			page 19


 1027 03e7 20       		.byte	32
 1028 03e8 E0       		.byte	-32
 1029 03e9 10       		.byte	16
 1030 03ea E4       		.byte	-28
 1031 03eb 80       		.byte	-128
 1032 03ec EA       		.byte	-22
 1033 03ed 80       		.byte	-128
 1034 03ee 11       		.byte	17
 1035 03ef 01       		.byte	1
 1036 03f0 13       		.byte	19
 1037 03f1 20       		.byte	32
 1038 03f2 15       		.byte	21
 1039 03f3 08       		.byte	8
 1040 03f4 7B       		.byte	123
 1041 03f5 10       		.byte	16
 1042 03f6 7F       		.byte	127
 1043 03f7 40       		.byte	64
 1044 03f8 85       		.byte	-123
 1045 03f9 01       		.byte	1
 1046 03fa 89       		.byte	-119
 1047 03fb 04       		.byte	4
 1048 03fc 8C       		.byte	-116
 1049 03fd 02       		.byte	2
 1050 03fe C4       		.byte	-60
 1051 03ff 0E       		.byte	14
 1052 0400 DE       		.byte	-34
 1053 0401 03       		.byte	3
 1054 0402 E4       		.byte	-28
 1055 0403 02       		.byte	2
 1056 0404 E6       		.byte	-26
 1057 0405 01       		.byte	1
 1058 0406 10       		.byte	16
 1059 0407 40       		.byte	64
 1060 0408 74       		.byte	116
 1061 0409 02       		.byte	2
 1062 040a 83       		.byte	-125
 1063 040b 10       		.byte	16
 1064 040c 87       		.byte	-121
 1065 040d 40       		.byte	64
 1066 040e 88       		.byte	-120
 1067 040f 40       		.byte	64
 1068 0410 97       		.byte	-105
 1069 0411 80       		.byte	-128
 1070 0412 A0       		.byte	-96
 1071 0413 02       		.byte	2
 1072 0414 A7       		.byte	-89
 1073 0415 10       		.byte	16
 1074 0416 AB       		.byte	-85
 1075 0417 20       		.byte	32
 1076 0418 C4       		.byte	-60
 1077 0419 08       		.byte	8
 1078 041a DE       		.byte	-34
 1079 041b 04       		.byte	4
 1080 041c E2       		.byte	-30
 1081 041d 01       		.byte	1
 1082 041e 00       		.byte	0
 1083 041f 03       		.byte	3
ARM GAS  C:\Users\Hesham\AppData\Local\Temp\cc0cfYsm.s 			page 20


 1084 0420 0C       		.byte	12
 1085 0421 03       		.byte	3
 1086 0422 10       		.byte	16
 1087 0423 02       		.byte	2
 1088 0424 1C       		.byte	28
 1089 0425 02       		.byte	2
 1090 0426 03       		.byte	3
 1091 0427 C0       		.byte	-64
 1092 0428 82       		.byte	-126
 1093 0429 84       		.byte	-124
 1094 042a 00       		.byte	0
 1095 042b 00       		.byte	0
 1096 042c 43       		.byte	67
 1097 042d 00       		.byte	0
 1098 042e 00       		.byte	0
 1099 042f 00       		.byte	0
 1100 0430 1F       		.byte	31
 1101 0431 00       		.byte	0
 1102 0432 20       		.byte	32
 1103 0433 04       		.byte	4
 1104 0434 1C       		.byte	28
 1105 0435 08       		.byte	8
 1106 0436 23       		.byte	35
 1107 0437 00       		.byte	0
 1108 0438 03       		.byte	3
 1109 0439 E7       		.byte	-25
 1110 043a 00       		.byte	0
 1111 043b 18       		.byte	24
 1112 043c 08       		.byte	8
 1113 043d 10       		.byte	16
 1114 043e 00       		.byte	0
 1115 043f 00       		.byte	0
 1116 0440 00       		.byte	0
 1117 0441 1C       		.byte	28
 1118 0442 00       		.byte	0
 1119 0443 E1       		.byte	-31
 1120 0444 33       		.byte	51
 1121 0445 C0       		.byte	-64
 1122 0446 0C       		.byte	12
 1123 0447 00       		.byte	0
 1124 0448 02       		.byte	2
 1125 0449 3C       		.byte	60
 1126 044a 00       		.byte	0
 1127 044b C2       		.byte	-62
 1128 044c 00       		.byte	0
 1129 044d 80       		.byte	-128
 1130 044e 23       		.byte	35
 1131 044f 00       		.byte	0
 1132 0450 3F       		.byte	63
 1133 0451 44       		.byte	68
 1134 0452 00       		.byte	0
 1135 0453 00       		.byte	0
 1136 0454 04       		.byte	4
 1137 0455 18       		.byte	24
 1138 0456 00       		.byte	0
 1139 0457 00       		.byte	0
 1140 0458 0C       		.byte	12
ARM GAS  C:\Users\Hesham\AppData\Local\Temp\cc0cfYsm.s 			page 21


 1141 0459 00       		.byte	0
 1142 045a 00       		.byte	0
 1143 045b E3       		.byte	-29
 1144 045c 01       		.byte	1
 1145 045d FF       		.byte	-1
 1146 045e 40       		.byte	64
 1147 045f 00       		.byte	0
 1148 0460 2C       		.byte	44
 1149 0461 38       		.byte	56
 1150 0462 0F       		.byte	15
 1151 0463 1F       		.byte	31
 1152 0464 10       		.byte	16
 1153 0465 00       		.byte	0
 1154 0466 40       		.byte	64
 1155 0467 C0       		.byte	-64
 1156 0468 00       		.byte	0
 1157 0469 00       		.byte	0
 1158 046a 0A       		.byte	10
 1159 046b 08       		.byte	8
 1160 046c 00       		.byte	0
 1161 046d 00       		.byte	0
 1162 046e 10       		.byte	16
 1163 046f 00       		.byte	0
 1164 0470 36       		.byte	54
 1165 0471 04       		.byte	4
 1166 0472 05       		.byte	5
 1167 0473 00       		.byte	0
 1168 0474 01       		.byte	1
 1169 0475 E0       		.byte	-32
 1170 0476 C0       		.byte	-64
 1171 0477 00       		.byte	0
 1172 0478 0A       		.byte	10
 1173 0479 FF       		.byte	-1
 1174 047a FF       		.byte	-1
 1175 047b FF       		.byte	-1
 1176 047c 62       		.byte	98
 1177 047d A0       		.byte	-96
 1178 047e F0       		.byte	-16
 1179 047f 41       		.byte	65
 1180 0480 0C       		.byte	12
 1181 0481 00       		.byte	0
 1182 0482 00       		.byte	0
 1183 0483 00       		.byte	0
 1184 0484 00       		.byte	0
 1185 0485 00       		.byte	0
 1186 0486 02       		.byte	2
 1187 0487 12       		.byte	18
 1188 0488 04       		.byte	4
 1189 0489 04       		.byte	4
 1190 048a 04       		.byte	4
 1191 048b 04       		.byte	4
 1192 048c 11       		.byte	17
 1193 048d 11       		.byte	17
 1194 048e 00       		.byte	0
 1195 048f 01       		.byte	1
 1196 0490 00       		.byte	0
 1197 0491 00       		.byte	0
ARM GAS  C:\Users\Hesham\AppData\Local\Temp\cc0cfYsm.s 			page 22


 1198 0492 00       		.byte	0
 1199 0493 00       		.byte	0
 1200 0494 00       		.byte	0
 1201 0495 00       		.byte	0
 1202 0496 40       		.byte	64
 1203 0497 02       		.byte	2
 1204 0498 00       		.byte	0
 1205 0499 10       		.byte	16
 1206 049a 30       		.byte	48
 1207 049b 10       		.byte	16
 1208 049c 00       		.byte	0
 1209 049d 10       		.byte	16
 1210 049e 10       		.byte	16
 1211 049f 12       		.byte	18
 1212 04a0 00       		.byte	0
 1213 04a1 00       		.byte	0
 1214 04a2 00       		.byte	0
 1215 04a3 00       		.byte	0
 1216 04a4 00       		.byte	0
 1217 04a5 00       		.byte	0
 1218 04a6 00       		.byte	0
 1219 04a7 00       		.byte	0
 1220 04a8 00       		.byte	0
 1221 04a9 00       		.byte	0
 1222 04aa 00       		.byte	0
 1223 04ab 00       		.byte	0
 1224 04ac 00       		.byte	0
 1225 04ad 00       		.byte	0
 1226 04ae 00       		.byte	0
 1227 04af 00       		.byte	0
 1228 04b0 83       		.byte	-125
 1229 04b1 00       		.byte	0
 1230 04b2 40       		.byte	64
 1231 04b3 84       		.byte	-124
 1232 04b4 87       		.byte	-121
 1233 04b5 00       		.byte	0
 1234 04b6 87       		.byte	-121
 1235 04b7 00       		.byte	0
 1236 04b8 00       		.byte	0
 1237 04b9 04       		.byte	4
 1238 04ba 00       		.byte	0
 1239 04bb 00       		.byte	0
 1240 04bc 00       		.byte	0
 1241 04bd 08       		.byte	8
 1242 04be 00       		.byte	0
 1243 04bf 04       		.byte	4
 1244 04c0 00       		.byte	0
 1245 04c1 00       		.byte	0
 1246 04c2 00       		.byte	0
 1247 04c3 00       		.byte	0
 1248 04c4 00       		.byte	0
 1249 04c5 0B       		.byte	11
 1250 04c6 0B       		.byte	11
 1251 04c7 00       		.byte	0
 1252 04c8 00       		.byte	0
 1253 04c9 00       		.byte	0
 1254 04ca 00       		.byte	0
ARM GAS  C:\Users\Hesham\AppData\Local\Temp\cc0cfYsm.s 			page 23


 1255 04cb 00       		.byte	0
 1256 04cc 04       		.byte	4
 1257 04cd 00       		.byte	0
 1258 04ce 00       		.byte	0
 1259 04cf 06       		.byte	6
 1260 04d0 06       		.byte	6
 1261 04d1 00       		.byte	0
 1262 04d2 02       		.byte	2
 1263 04d3 00       		.byte	0
 1264 04d4 00       		.byte	0
 1265 04d5 00       		.byte	0
 1266 04d6 00       		.byte	0
 1267 04d7 00       		.byte	0
 1268 04d8 01       		.byte	1
 1269 04d9 02       		.byte	2
 1270 04da 02       		.byte	2
 1271 04db 00       		.byte	0
 1272 04dc 02       		.byte	2
 1273 04dd 00       		.byte	0
 1274 04de 00       		.byte	0
 1275 04df 00       		.byte	0
 1276              		.section	.cywolatch,"a",%progbits
 1277              		.align	2
 1278              		.type	cy_meta_wonvl, %object
 1279              		.size	cy_meta_wonvl, 4
 1280              	cy_meta_wonvl:
 1281 0000 BC       		.byte	-68
 1282 0001 90       		.byte	-112
 1283 0002 AC       		.byte	-84
 1284 0003 AF       		.byte	-81
 1285              		.section	.cycustnvl,"a",%progbits
 1286              		.align	2
 1287              		.type	cy_meta_custnvl, %object
 1288              		.size	cy_meta_custnvl, 4
 1289              	cy_meta_custnvl:
 1290 0000 00       		.byte	0
 1291 0001 00       		.byte	0
 1292 0002 40       		.byte	64
 1293 0003 05       		.byte	5
 1294              		.section	.cymeta,"a",%progbits
 1295              		.align	2
 1296              		.type	cy_metadata, %object
 1297              		.size	cy_metadata, 12
 1298              	cy_metadata:
 1299 0000 00       		.byte	0
 1300 0001 01       		.byte	1
 1301 0002 2E       		.byte	46
 1302 0003 16       		.byte	22
 1303 0004 10       		.byte	16
 1304 0005 69       		.byte	105
 1305 0006 00       		.byte	0
 1306 0007 01       		.byte	1
 1307 0008 00       		.byte	0
 1308 0009 00       		.byte	0
 1309 000a 00       		.byte	0
 1310 000b 00       		.byte	0
 1311              		.section	.cyflashprotect,"a",%progbits
ARM GAS  C:\Users\Hesham\AppData\Local\Temp\cc0cfYsm.s 			page 24


 1312              		.align	2
 1313              		.type	cy_meta_flashprotect, %object
 1314              		.size	cy_meta_flashprotect, 256
 1315              	cy_meta_flashprotect:
 1316 0000 00000000 		.space	256
 1316      00000000 
 1316      00000000 
 1316      00000000 
 1316      00000000 
 1317              		.text
 1318              	.Letext0:
 1319              		.file 1 "Generated_Source\\PSoC5\\cymetadata.c"
 1320              		.file 2 "Generated_Source\\PSoC5\\cytypes.h"
 1321              		.section	.debug_info,"",%progbits
 1322              	.Ldebug_info0:
 1323 0000 38010000 		.4byte	0x138
 1324 0004 0400     		.2byte	0x4
 1325 0006 00000000 		.4byte	.Ldebug_abbrev0
 1326 000a 04       		.byte	0x4
 1327 000b 01       		.uleb128 0x1
 1328 000c 6E000000 		.4byte	.LASF18
 1329 0010 01       		.byte	0x1
 1330 0011 DC010000 		.4byte	.LASF19
 1331 0015 78010000 		.4byte	.LASF20
 1332 0019 00000000 		.4byte	.Ldebug_line0
 1333 001d 02       		.uleb128 0x2
 1334 001e 01       		.byte	0x1
 1335 001f 06       		.byte	0x6
 1336 0020 D0010000 		.4byte	.LASF0
 1337 0024 02       		.uleb128 0x2
 1338 0025 01       		.byte	0x1
 1339 0026 08       		.byte	0x8
 1340 0027 12000000 		.4byte	.LASF1
 1341 002b 02       		.uleb128 0x2
 1342 002c 02       		.byte	0x2
 1343 002d 05       		.byte	0x5
 1344 002e 5F010000 		.4byte	.LASF2
 1345 0032 02       		.uleb128 0x2
 1346 0033 02       		.byte	0x2
 1347 0034 07       		.byte	0x7
 1348 0035 32000000 		.4byte	.LASF3
 1349 0039 02       		.uleb128 0x2
 1350 003a 04       		.byte	0x4
 1351 003b 05       		.byte	0x5
 1352 003c 6F010000 		.4byte	.LASF4
 1353 0040 02       		.uleb128 0x2
 1354 0041 04       		.byte	0x4
 1355 0042 07       		.byte	0x7
 1356 0043 20000000 		.4byte	.LASF5
 1357 0047 02       		.uleb128 0x2
 1358 0048 08       		.byte	0x8
 1359 0049 05       		.byte	0x5
 1360 004a 4C010000 		.4byte	.LASF6
 1361 004e 02       		.uleb128 0x2
 1362 004f 08       		.byte	0x8
 1363 0050 07       		.byte	0x7
 1364 0051 09010000 		.4byte	.LASF7
ARM GAS  C:\Users\Hesham\AppData\Local\Temp\cc0cfYsm.s 			page 25


 1365 0055 03       		.uleb128 0x3
 1366 0056 04       		.byte	0x4
 1367 0057 05       		.byte	0x5
 1368 0058 696E7400 		.ascii	"int\000"
 1369 005c 02       		.uleb128 0x2
 1370 005d 04       		.byte	0x4
 1371 005e 07       		.byte	0x7
 1372 005f FC000000 		.4byte	.LASF8
 1373 0063 04       		.uleb128 0x4
 1374 0064 69010000 		.4byte	.LASF21
 1375 0068 02       		.byte	0x2
 1376 0069 9201     		.2byte	0x192
 1377 006b 24000000 		.4byte	0x24
 1378 006f 02       		.uleb128 0x2
 1379 0070 04       		.byte	0x4
 1380 0071 04       		.byte	0x4
 1381 0072 0C000000 		.4byte	.LASF9
 1382 0076 02       		.uleb128 0x2
 1383 0077 08       		.byte	0x8
 1384 0078 04       		.byte	0x4
 1385 0079 45000000 		.4byte	.LASF10
 1386 007d 02       		.uleb128 0x2
 1387 007e 01       		.byte	0x1
 1388 007f 08       		.byte	0x8
 1389 0080 5A010000 		.4byte	.LASF11
 1390 0084 05       		.uleb128 0x5
 1391 0085 63000000 		.4byte	0x63
 1392 0089 95000000 		.4byte	0x95
 1393 008d 06       		.uleb128 0x6
 1394 008e 95000000 		.4byte	0x95
 1395 0092 DF04     		.2byte	0x4df
 1396 0094 00       		.byte	0
 1397 0095 02       		.uleb128 0x2
 1398 0096 04       		.byte	0x4
 1399 0097 07       		.byte	0x7
 1400 0098 43010000 		.4byte	.LASF12
 1401 009c 07       		.uleb128 0x7
 1402 009d 5C000000 		.4byte	.LASF13
 1403 00a1 01       		.byte	0x1
 1404 00a2 1F       		.byte	0x1f
 1405 00a3 AD000000 		.4byte	0xad
 1406 00a7 05       		.uleb128 0x5
 1407 00a8 03       		.byte	0x3
 1408 00a9 00000000 		.4byte	cy_meta_configecc
 1409 00ad 08       		.uleb128 0x8
 1410 00ae 84000000 		.4byte	0x84
 1411 00b2 05       		.uleb128 0x5
 1412 00b3 63000000 		.4byte	0x63
 1413 00b7 C2000000 		.4byte	0xc2
 1414 00bb 09       		.uleb128 0x9
 1415 00bc 95000000 		.4byte	0x95
 1416 00c0 03       		.byte	0x3
 1417 00c1 00       		.byte	0
 1418 00c2 07       		.uleb128 0x7
 1419 00c3 4C000000 		.4byte	.LASF14
 1420 00c7 01       		.byte	0x1
 1421 00c8 C8       		.byte	0xc8
ARM GAS  C:\Users\Hesham\AppData\Local\Temp\cc0cfYsm.s 			page 26


 1422 00c9 D3000000 		.4byte	0xd3
 1423 00cd 05       		.uleb128 0x5
 1424 00ce 03       		.byte	0x3
 1425 00cf 00000000 		.4byte	cy_meta_custnvl
 1426 00d3 08       		.uleb128 0x8
 1427 00d4 B2000000 		.4byte	0xb2
 1428 00d8 07       		.uleb128 0x7
 1429 00d9 35010000 		.4byte	.LASF15
 1430 00dd 01       		.byte	0x1
 1431 00de D6       		.byte	0xd6
 1432 00df E9000000 		.4byte	0xe9
 1433 00e3 05       		.uleb128 0x5
 1434 00e4 03       		.byte	0x3
 1435 00e5 00000000 		.4byte	cy_meta_wonvl
 1436 00e9 08       		.uleb128 0x8
 1437 00ea B2000000 		.4byte	0xb2
 1438 00ee 05       		.uleb128 0x5
 1439 00ef 63000000 		.4byte	0x63
 1440 00f3 FE000000 		.4byte	0xfe
 1441 00f7 09       		.uleb128 0x9
 1442 00f8 95000000 		.4byte	0x95
 1443 00fc FF       		.byte	0xff
 1444 00fd 00       		.byte	0
 1445 00fe 07       		.uleb128 0x7
 1446 00ff 20010000 		.4byte	.LASF16
 1447 0103 01       		.byte	0x1
 1448 0104 E4       		.byte	0xe4
 1449 0105 0F010000 		.4byte	0x10f
 1450 0109 05       		.uleb128 0x5
 1451 010a 03       		.byte	0x3
 1452 010b 00000000 		.4byte	cy_meta_flashprotect
 1453 010f 08       		.uleb128 0x8
 1454 0110 EE000000 		.4byte	0xee
 1455 0114 05       		.uleb128 0x5
 1456 0115 63000000 		.4byte	0x63
 1457 0119 24010000 		.4byte	0x124
 1458 011d 09       		.uleb128 0x9
 1459 011e 95000000 		.4byte	0x95
 1460 0122 0B       		.byte	0xb
 1461 0123 00       		.byte	0
 1462 0124 0A       		.uleb128 0xa
 1463 0125 00000000 		.4byte	.LASF17
 1464 0129 01       		.byte	0x1
 1465 012a 1101     		.2byte	0x111
 1466 012c 36010000 		.4byte	0x136
 1467 0130 05       		.uleb128 0x5
 1468 0131 03       		.byte	0x3
 1469 0132 00000000 		.4byte	cy_metadata
 1470 0136 08       		.uleb128 0x8
 1471 0137 14010000 		.4byte	0x114
 1472 013b 00       		.byte	0
 1473              		.section	.debug_abbrev,"",%progbits
 1474              	.Ldebug_abbrev0:
 1475 0000 01       		.uleb128 0x1
 1476 0001 11       		.uleb128 0x11
 1477 0002 01       		.byte	0x1
 1478 0003 25       		.uleb128 0x25
ARM GAS  C:\Users\Hesham\AppData\Local\Temp\cc0cfYsm.s 			page 27


 1479 0004 0E       		.uleb128 0xe
 1480 0005 13       		.uleb128 0x13
 1481 0006 0B       		.uleb128 0xb
 1482 0007 03       		.uleb128 0x3
 1483 0008 0E       		.uleb128 0xe
 1484 0009 1B       		.uleb128 0x1b
 1485 000a 0E       		.uleb128 0xe
 1486 000b 10       		.uleb128 0x10
 1487 000c 17       		.uleb128 0x17
 1488 000d 00       		.byte	0
 1489 000e 00       		.byte	0
 1490 000f 02       		.uleb128 0x2
 1491 0010 24       		.uleb128 0x24
 1492 0011 00       		.byte	0
 1493 0012 0B       		.uleb128 0xb
 1494 0013 0B       		.uleb128 0xb
 1495 0014 3E       		.uleb128 0x3e
 1496 0015 0B       		.uleb128 0xb
 1497 0016 03       		.uleb128 0x3
 1498 0017 0E       		.uleb128 0xe
 1499 0018 00       		.byte	0
 1500 0019 00       		.byte	0
 1501 001a 03       		.uleb128 0x3
 1502 001b 24       		.uleb128 0x24
 1503 001c 00       		.byte	0
 1504 001d 0B       		.uleb128 0xb
 1505 001e 0B       		.uleb128 0xb
 1506 001f 3E       		.uleb128 0x3e
 1507 0020 0B       		.uleb128 0xb
 1508 0021 03       		.uleb128 0x3
 1509 0022 08       		.uleb128 0x8
 1510 0023 00       		.byte	0
 1511 0024 00       		.byte	0
 1512 0025 04       		.uleb128 0x4
 1513 0026 16       		.uleb128 0x16
 1514 0027 00       		.byte	0
 1515 0028 03       		.uleb128 0x3
 1516 0029 0E       		.uleb128 0xe
 1517 002a 3A       		.uleb128 0x3a
 1518 002b 0B       		.uleb128 0xb
 1519 002c 3B       		.uleb128 0x3b
 1520 002d 05       		.uleb128 0x5
 1521 002e 49       		.uleb128 0x49
 1522 002f 13       		.uleb128 0x13
 1523 0030 00       		.byte	0
 1524 0031 00       		.byte	0
 1525 0032 05       		.uleb128 0x5
 1526 0033 01       		.uleb128 0x1
 1527 0034 01       		.byte	0x1
 1528 0035 49       		.uleb128 0x49
 1529 0036 13       		.uleb128 0x13
 1530 0037 01       		.uleb128 0x1
 1531 0038 13       		.uleb128 0x13
 1532 0039 00       		.byte	0
 1533 003a 00       		.byte	0
 1534 003b 06       		.uleb128 0x6
 1535 003c 21       		.uleb128 0x21
ARM GAS  C:\Users\Hesham\AppData\Local\Temp\cc0cfYsm.s 			page 28


 1536 003d 00       		.byte	0
 1537 003e 49       		.uleb128 0x49
 1538 003f 13       		.uleb128 0x13
 1539 0040 2F       		.uleb128 0x2f
 1540 0041 05       		.uleb128 0x5
 1541 0042 00       		.byte	0
 1542 0043 00       		.byte	0
 1543 0044 07       		.uleb128 0x7
 1544 0045 34       		.uleb128 0x34
 1545 0046 00       		.byte	0
 1546 0047 03       		.uleb128 0x3
 1547 0048 0E       		.uleb128 0xe
 1548 0049 3A       		.uleb128 0x3a
 1549 004a 0B       		.uleb128 0xb
 1550 004b 3B       		.uleb128 0x3b
 1551 004c 0B       		.uleb128 0xb
 1552 004d 49       		.uleb128 0x49
 1553 004e 13       		.uleb128 0x13
 1554 004f 3F       		.uleb128 0x3f
 1555 0050 19       		.uleb128 0x19
 1556 0051 02       		.uleb128 0x2
 1557 0052 18       		.uleb128 0x18
 1558 0053 00       		.byte	0
 1559 0054 00       		.byte	0
 1560 0055 08       		.uleb128 0x8
 1561 0056 26       		.uleb128 0x26
 1562 0057 00       		.byte	0
 1563 0058 49       		.uleb128 0x49
 1564 0059 13       		.uleb128 0x13
 1565 005a 00       		.byte	0
 1566 005b 00       		.byte	0
 1567 005c 09       		.uleb128 0x9
 1568 005d 21       		.uleb128 0x21
 1569 005e 00       		.byte	0
 1570 005f 49       		.uleb128 0x49
 1571 0060 13       		.uleb128 0x13
 1572 0061 2F       		.uleb128 0x2f
 1573 0062 0B       		.uleb128 0xb
 1574 0063 00       		.byte	0
 1575 0064 00       		.byte	0
 1576 0065 0A       		.uleb128 0xa
 1577 0066 34       		.uleb128 0x34
 1578 0067 00       		.byte	0
 1579 0068 03       		.uleb128 0x3
 1580 0069 0E       		.uleb128 0xe
 1581 006a 3A       		.uleb128 0x3a
 1582 006b 0B       		.uleb128 0xb
 1583 006c 3B       		.uleb128 0x3b
 1584 006d 05       		.uleb128 0x5
 1585 006e 49       		.uleb128 0x49
 1586 006f 13       		.uleb128 0x13
 1587 0070 3F       		.uleb128 0x3f
 1588 0071 19       		.uleb128 0x19
 1589 0072 02       		.uleb128 0x2
 1590 0073 18       		.uleb128 0x18
 1591 0074 00       		.byte	0
 1592 0075 00       		.byte	0
ARM GAS  C:\Users\Hesham\AppData\Local\Temp\cc0cfYsm.s 			page 29


 1593 0076 00       		.byte	0
 1594              		.section	.debug_aranges,"",%progbits
 1595 0000 14000000 		.4byte	0x14
 1596 0004 0200     		.2byte	0x2
 1597 0006 00000000 		.4byte	.Ldebug_info0
 1598 000a 04       		.byte	0x4
 1599 000b 00       		.byte	0
 1600 000c 0000     		.2byte	0
 1601 000e 0000     		.2byte	0
 1602 0010 00000000 		.4byte	0
 1603 0014 00000000 		.4byte	0
 1604              		.section	.debug_line,"",%progbits
 1605              	.Ldebug_line0:
 1606 0000 4D000000 		.section	.debug_str,"MS",%progbits,1
 1606      02004700 
 1606      00000201 
 1606      FB0E0D00 
 1606      01010101 
 1607              	.LASF17:
 1608 0000 63795F6D 		.ascii	"cy_metadata\000"
 1608      65746164 
 1608      61746100 
 1609              	.LASF9:
 1610 000c 666C6F61 		.ascii	"float\000"
 1610      7400
 1611              	.LASF1:
 1612 0012 756E7369 		.ascii	"unsigned char\000"
 1612      676E6564 
 1612      20636861 
 1612      7200
 1613              	.LASF5:
 1614 0020 6C6F6E67 		.ascii	"long unsigned int\000"
 1614      20756E73 
 1614      69676E65 
 1614      6420696E 
 1614      7400
 1615              	.LASF3:
 1616 0032 73686F72 		.ascii	"short unsigned int\000"
 1616      7420756E 
 1616      7369676E 
 1616      65642069 
 1616      6E7400
 1617              	.LASF10:
 1618 0045 646F7562 		.ascii	"double\000"
 1618      6C6500
 1619              	.LASF14:
 1620 004c 63795F6D 		.ascii	"cy_meta_custnvl\000"
 1620      6574615F 
 1620      63757374 
 1620      6E766C00 
 1621              	.LASF13:
 1622 005c 63795F6D 		.ascii	"cy_meta_configecc\000"
 1622      6574615F 
 1622      636F6E66 
 1622      69676563 
 1622      6300
 1623              	.LASF18:
ARM GAS  C:\Users\Hesham\AppData\Local\Temp\cc0cfYsm.s 			page 30


 1624 006e 474E5520 		.ascii	"GNU C 4.9.3 20150303 (release) [ARM/embedded-4_9-br"
 1624      4320342E 
 1624      392E3320 
 1624      32303135 
 1624      30333033 
 1625 00a1 616E6368 		.ascii	"anch revision 221220] -mcpu=cortex-m3 -mthumb -g -O"
 1625      20726576 
 1625      6973696F 
 1625      6E203232 
 1625      31323230 
 1626 00d4 67202D66 		.ascii	"g -ffunction-sections -ffat-lto-objects\000"
 1626      66756E63 
 1626      74696F6E 
 1626      2D736563 
 1626      74696F6E 
 1627              	.LASF8:
 1628 00fc 756E7369 		.ascii	"unsigned int\000"
 1628      676E6564 
 1628      20696E74 
 1628      00
 1629              	.LASF7:
 1630 0109 6C6F6E67 		.ascii	"long long unsigned int\000"
 1630      206C6F6E 
 1630      6720756E 
 1630      7369676E 
 1630      65642069 
 1631              	.LASF16:
 1632 0120 63795F6D 		.ascii	"cy_meta_flashprotect\000"
 1632      6574615F 
 1632      666C6173 
 1632      6870726F 
 1632      74656374 
 1633              	.LASF15:
 1634 0135 63795F6D 		.ascii	"cy_meta_wonvl\000"
 1634      6574615F 
 1634      776F6E76 
 1634      6C00
 1635              	.LASF12:
 1636 0143 73697A65 		.ascii	"sizetype\000"
 1636      74797065 
 1636      00
 1637              	.LASF6:
 1638 014c 6C6F6E67 		.ascii	"long long int\000"
 1638      206C6F6E 
 1638      6720696E 
 1638      7400
 1639              	.LASF11:
 1640 015a 63686172 		.ascii	"char\000"
 1640      00
 1641              	.LASF2:
 1642 015f 73686F72 		.ascii	"short int\000"
 1642      7420696E 
 1642      7400
 1643              	.LASF21:
 1644 0169 75696E74 		.ascii	"uint8\000"
 1644      3800
 1645              	.LASF4:
ARM GAS  C:\Users\Hesham\AppData\Local\Temp\cc0cfYsm.s 			page 31


 1646 016f 6C6F6E67 		.ascii	"long int\000"
 1646      20696E74 
 1646      00
 1647              	.LASF20:
 1648 0178 433A5C55 		.ascii	"C:\\Users\\Hesham\\Documents\\PSoC Creator\\PrISM_L"
 1648      73657273 
 1648      5C486573 
 1648      68616D5C 
 1648      446F6375 
 1649 01a6 65643031 		.ascii	"ed01\\UART\\Lab_1_PreCourses\\Design01.cydsn\000"
 1649      5C554152 
 1649      545C4C61 
 1649      625F315F 
 1649      50726543 
 1650              	.LASF0:
 1651 01d0 7369676E 		.ascii	"signed char\000"
 1651      65642063 
 1651      68617200 
 1652              	.LASF19:
 1653 01dc 47656E65 		.ascii	"Generated_Source\\PSoC5\\cymetadata.c\000"
 1653      72617465 
 1653      645F536F 
 1653      75726365 
 1653      5C50536F 
 1654              		.ident	"GCC: (GNU Tools for ARM Embedded Processors) 4.9.3 20150303 (release) [ARM/embedded-4_9-br
