ARM GAS  C:\Users\Hesham\AppData\Local\Temp\cclQrxsO.s 			page 1


   1              		.syntax unified
   2              		.cpu cortex-m3
   3              		.fpu softvfp
   4              		.eabi_attribute 20, 1
   5              		.eabi_attribute 21, 1
   6              		.eabi_attribute 23, 3
   7              		.eabi_attribute 24, 1
   8              		.eabi_attribute 25, 1
   9              		.eabi_attribute 26, 1
  10              		.eabi_attribute 30, 1
  11              		.eabi_attribute 34, 1
  12              		.eabi_attribute 18, 4
  13              		.thumb
  14              		.file	"LPS25HPressureSensor.c"
  15              		.text
  16              	.Ltext0:
  17              		.cfi_sections	.debug_frame
  18              		.section	.text.I2C_LPS25H,"ax",%progbits
  19              		.align	2
  20              		.global	I2C_LPS25H
  21              		.thumb
  22              		.thumb_func
  23              		.type	I2C_LPS25H, %function
  24              	I2C_LPS25H:
  25              	.LFB63:
  26              		.file 1 "LPS25HPressureSensor.c"
   1:LPS25HPressureSensor.c **** /*
   2:LPS25HPressureSensor.c ****  * LPS25HPressureSensor.cpp
   3:LPS25HPressureSensor.c ****  *
   4:LPS25HPressureSensor.c ****  *  Created on: Mar 12, 2017
   5:LPS25HPressureSensor.c ****  *      Author: Hesham
   6:LPS25HPressureSensor.c ****  */
   7:LPS25HPressureSensor.c **** 
   8:LPS25HPressureSensor.c **** #include "LPS25HPressureSensor.h"
   9:LPS25HPressureSensor.c **** 
  10:LPS25HPressureSensor.c **** 
  11:LPS25HPressureSensor.c **** uint8 I2C_LPS25H(uint8 Ref_Address){
  27              		.loc 1 11 0
  28              		.cfi_startproc
  29              		@ args = 0, pretend = 0, frame = 8
  30              		@ frame_needed = 0, uses_anonymous_args = 0
  31              	.LVL0:
  32 0000 00B5     		push	{lr}
  33              		.cfi_def_cfa_offset 4
  34              		.cfi_offset 14, -4
  35 0002 83B0     		sub	sp, sp, #12
  36              		.cfi_def_cfa_offset 16
  37              	.LVL1:
  12:LPS25HPressureSensor.c **** 
  13:LPS25HPressureSensor.c ****     uint8 WR_Status = 0;
  14:LPS25HPressureSensor.c ****     uint8 RD_Status = 0;
  15:LPS25HPressureSensor.c ****     uint8 WR_Buffer[LPS25H_WR_BUFFER_SIZE];
  16:LPS25HPressureSensor.c ****     uint8 RD_Buffer[LPS25H_RD_BUFFER_SIZE];
  17:LPS25HPressureSensor.c **** 
  18:LPS25HPressureSensor.c ****     WR_Buffer[0] = Ref_Address;
  38              		.loc 1 18 0
  39 0004 8DF80400 		strb	r0, [sp, #4]
ARM GAS  C:\Users\Hesham\AppData\Local\Temp\cclQrxsO.s 			page 2


  40              	.LVL2:
  41              	.L2:
  19:LPS25HPressureSensor.c **** 
  20:LPS25HPressureSensor.c ****             do
  21:LPS25HPressureSensor.c ****         {
  22:LPS25HPressureSensor.c ****             /* The syntax below automatically writes a buffer of data to a slave
  23:LPS25HPressureSensor.c ****              * device from start to stop.
  24:LPS25HPressureSensor.c ****               */
  25:LPS25HPressureSensor.c ****             WR_Status = I2C_1_MasterWriteBuf(I2C_LPS25H_Address, (uint8 *)WR_Buffer,
  42              		.loc 1 25 0 discriminator 1
  43 0008 5D20     		movs	r0, #93
  44 000a 01A9     		add	r1, sp, #4
  45 000c 0122     		movs	r2, #1
  46 000e 0023     		movs	r3, #0
  47 0010 FFF7FEFF 		bl	I2C_1_MasterWriteBuf
  48              	.LVL3:
  26:LPS25HPressureSensor.c ****                                         LPS25H_WR_BUFFER_SIZE, I2C_1_MODE_COMPLETE_XFER);
  27:LPS25HPressureSensor.c ****         }
  28:LPS25HPressureSensor.c ****         while (WR_Status != I2C_1_MSTR_NO_ERROR);
  49              		.loc 1 28 0 discriminator 1
  50 0014 0028     		cmp	r0, #0
  51 0016 F7D1     		bne	.L2
  52              	.LVL4:
  53              	.L3:
  29:LPS25HPressureSensor.c **** 
  30:LPS25HPressureSensor.c **** 
  31:LPS25HPressureSensor.c **** 
  32:LPS25HPressureSensor.c ****         /* Wait for the data transfer to complete */
  33:LPS25HPressureSensor.c ****         while(I2C_1_MasterStatus() & I2C_1_MSTAT_XFER_INP);
  54              		.loc 1 33 0 discriminator 1
  55 0018 FFF7FEFF 		bl	I2C_1_MasterStatus
  56              	.LVL5:
  57 001c 10F0040F 		tst	r0, #4
  58 0020 FAD1     		bne	.L3
  34:LPS25HPressureSensor.c **** 
  35:LPS25HPressureSensor.c ****         WR_Status = I2C_1_MasterClearStatus();
  59              		.loc 1 35 0
  60 0022 FFF7FEFF 		bl	I2C_1_MasterClearStatus
  61              	.LVL6:
  36:LPS25HPressureSensor.c **** 
  37:LPS25HPressureSensor.c ****         RD_Status = I2C_1_MasterReadBuf(I2C_LPS25H_Address, (uint8 *)RD_Buffer,
  62              		.loc 1 37 0
  63 0026 5D20     		movs	r0, #93
  64 0028 6946     		mov	r1, sp
  65 002a 0122     		movs	r2, #1
  66 002c 0023     		movs	r3, #0
  67 002e FFF7FEFF 		bl	I2C_1_MasterReadBuf
  68              	.LVL7:
  69              	.L4:
  38:LPS25HPressureSensor.c ****                     LPS25H_RD_BUFFER_SIZE, I2C_1_MODE_COMPLETE_XFER);
  39:LPS25HPressureSensor.c **** 
  40:LPS25HPressureSensor.c ****         while (RD_Status != I2C_1_MSTR_NO_ERROR);
  70              		.loc 1 40 0 discriminator 1
  71 0032 0028     		cmp	r0, #0
  72 0034 FDD1     		bne	.L4
  73              	.LVL8:
  74              	.L5:
ARM GAS  C:\Users\Hesham\AppData\Local\Temp\cclQrxsO.s 			page 3


  41:LPS25HPressureSensor.c **** 
  42:LPS25HPressureSensor.c ****         /* Wait for the data transfer to complete */
  43:LPS25HPressureSensor.c ****         while(I2C_1_MasterStatus() & I2C_1_MSTAT_XFER_INP);
  75              		.loc 1 43 0 discriminator 1
  76 0036 FFF7FEFF 		bl	I2C_1_MasterStatus
  77              	.LVL9:
  78 003a 10F0040F 		tst	r0, #4
  79 003e FAD1     		bne	.L5
  44:LPS25HPressureSensor.c **** 
  45:LPS25HPressureSensor.c ****         RD_Status = I2C_1_MasterClearStatus();
  80              		.loc 1 45 0
  81 0040 FFF7FEFF 		bl	I2C_1_MasterClearStatus
  82              	.LVL10:
  46:LPS25HPressureSensor.c **** 
  47:LPS25HPressureSensor.c ****         return RD_Buffer[0];
  48:LPS25HPressureSensor.c **** }
  83              		.loc 1 48 0
  84 0044 9DF80000 		ldrb	r0, [sp]	@ zero_extendqisi2
  85 0048 03B0     		add	sp, sp, #12
  86              		.cfi_def_cfa_offset 4
  87              		@ sp needed
  88 004a 5DF804FB 		ldr	pc, [sp], #4
  89              		.cfi_endproc
  90              	.LFE63:
  91              		.size	I2C_LPS25H, .-I2C_LPS25H
  92 004e 00BF     		.section	.text.Init_LPS25H,"ax",%progbits
  93              		.align	2
  94              		.global	Init_LPS25H
  95              		.thumb
  96              		.thumb_func
  97              		.type	Init_LPS25H, %function
  98              	Init_LPS25H:
  99              	.LFB64:
  49:LPS25HPressureSensor.c **** 
  50:LPS25HPressureSensor.c **** 
  51:LPS25HPressureSensor.c **** void Init_LPS25H(){
 100              		.loc 1 51 0
 101              		.cfi_startproc
 102              		@ args = 0, pretend = 0, frame = 8
 103              		@ frame_needed = 0, uses_anonymous_args = 0
 104 0000 00B5     		push	{lr}
 105              		.cfi_def_cfa_offset 4
 106              		.cfi_offset 14, -4
 107 0002 83B0     		sub	sp, sp, #12
 108              		.cfi_def_cfa_offset 16
 109              	.LVL11:
  52:LPS25HPressureSensor.c **** 
  53:LPS25HPressureSensor.c ****     uint8 WR_Status = 0;
  54:LPS25HPressureSensor.c ****     uint8 RD_Status = 0;
  55:LPS25HPressureSensor.c ****     uint8 WR_Buffer[Init_LPS25H_WR_BUFFER_SIZE];
  56:LPS25HPressureSensor.c **** 
  57:LPS25HPressureSensor.c ****     WR_Buffer[0] = LPS25H_CTRL_REG1;
 110              		.loc 1 57 0
 111 0004 2023     		movs	r3, #32
 112 0006 8DF80430 		strb	r3, [sp, #4]
  58:LPS25HPressureSensor.c ****     WR_Buffer[1] = LPS25H_PW_ACTIVE|LPS25H_ODR;
 113              		.loc 1 58 0
ARM GAS  C:\Users\Hesham\AppData\Local\Temp\cclQrxsO.s 			page 4


 114 000a C023     		movs	r3, #192
 115 000c 8DF80530 		strb	r3, [sp, #5]
 116              	.LVL12:
 117              	.L8:
  59:LPS25HPressureSensor.c **** 
  60:LPS25HPressureSensor.c ****             do
  61:LPS25HPressureSensor.c ****         {
  62:LPS25HPressureSensor.c ****             /* The syntax below automatically writes a buffer of data to a slave
  63:LPS25HPressureSensor.c ****              * device from start to stop.
  64:LPS25HPressureSensor.c ****               */
  65:LPS25HPressureSensor.c ****             WR_Status = I2C_1_MasterWriteBuf(I2C_LPS25H_Address, (uint8 *)WR_Buffer,
 118              		.loc 1 65 0 discriminator 1
 119 0010 5D20     		movs	r0, #93
 120 0012 01A9     		add	r1, sp, #4
 121 0014 0222     		movs	r2, #2
 122 0016 0023     		movs	r3, #0
 123 0018 FFF7FEFF 		bl	I2C_1_MasterWriteBuf
 124              	.LVL13:
  66:LPS25HPressureSensor.c ****                                         Init_LPS25H_WR_BUFFER_SIZE, I2C_1_MODE_COMPLETE_XFER);
  67:LPS25HPressureSensor.c ****         }
  68:LPS25HPressureSensor.c ****         while (WR_Status != I2C_1_MSTR_NO_ERROR);
 125              		.loc 1 68 0 discriminator 1
 126 001c 0028     		cmp	r0, #0
 127 001e F7D1     		bne	.L8
 128              	.LVL14:
 129              	.L9:
  69:LPS25HPressureSensor.c **** 
  70:LPS25HPressureSensor.c **** 
  71:LPS25HPressureSensor.c **** 
  72:LPS25HPressureSensor.c ****         /* Wait for the data transfer to complete */
  73:LPS25HPressureSensor.c ****         while(I2C_1_MasterStatus() & I2C_1_MSTAT_XFER_INP);
 130              		.loc 1 73 0 discriminator 1
 131 0020 FFF7FEFF 		bl	I2C_1_MasterStatus
 132              	.LVL15:
 133 0024 10F0040F 		tst	r0, #4
 134 0028 FAD1     		bne	.L9
  74:LPS25HPressureSensor.c **** 
  75:LPS25HPressureSensor.c ****         WR_Status = I2C_1_MasterClearStatus();
 135              		.loc 1 75 0
 136 002a FFF7FEFF 		bl	I2C_1_MasterClearStatus
 137              	.LVL16:
  76:LPS25HPressureSensor.c **** 
  77:LPS25HPressureSensor.c **** }
 138              		.loc 1 77 0
 139 002e 03B0     		add	sp, sp, #12
 140              		.cfi_def_cfa_offset 4
 141              		@ sp needed
 142 0030 5DF804FB 		ldr	pc, [sp], #4
 143              		.cfi_endproc
 144              	.LFE64:
 145              		.size	Init_LPS25H, .-Init_LPS25H
 146              		.section	.text.LPS25H_Read_PRESSURE,"ax",%progbits
 147              		.align	2
 148              		.global	LPS25H_Read_PRESSURE
 149              		.thumb
 150              		.thumb_func
 151              		.type	LPS25H_Read_PRESSURE, %function
ARM GAS  C:\Users\Hesham\AppData\Local\Temp\cclQrxsO.s 			page 5


 152              	LPS25H_Read_PRESSURE:
 153              	.LFB65:
  78:LPS25HPressureSensor.c **** 
  79:LPS25HPressureSensor.c **** 
  80:LPS25HPressureSensor.c **** //Read PRESSURE
  81:LPS25HPressureSensor.c **** 
  82:LPS25HPressureSensor.c **** uint16 LPS25H_Read_PRESSURE(){
 154              		.loc 1 82 0
 155              		.cfi_startproc
 156              		@ args = 0, pretend = 0, frame = 0
 157              		@ frame_needed = 0, uses_anonymous_args = 0
 158 0000 38B5     		push	{r3, r4, r5, lr}
 159              		.cfi_def_cfa_offset 16
 160              		.cfi_offset 3, -16
 161              		.cfi_offset 4, -12
 162              		.cfi_offset 5, -8
 163              		.cfi_offset 14, -4
 164              	.LVL17:
  83:LPS25HPressureSensor.c **** 
  84:LPS25HPressureSensor.c ****     uint8 PRESS_OUT_XL = 0;
  85:LPS25HPressureSensor.c **** 
  86:LPS25HPressureSensor.c ****     uint8 PRESS_OUT_L = 0;
  87:LPS25HPressureSensor.c **** 
  88:LPS25HPressureSensor.c ****     uint8 PRESS_OUT_H = 0;
  89:LPS25HPressureSensor.c **** 
  90:LPS25HPressureSensor.c ****     int PRESS_OUT = 0;
  91:LPS25HPressureSensor.c **** 
  92:LPS25HPressureSensor.c ****     int PRESSURE = 0;
  93:LPS25HPressureSensor.c **** 
  94:LPS25HPressureSensor.c ****     PRESS_OUT_XL = I2C_LPS25H(LPS25H_PRESS_POUT_XL);
 165              		.loc 1 94 0
 166 0002 2820     		movs	r0, #40
 167 0004 FFF7FEFF 		bl	I2C_LPS25H
 168              	.LVL18:
 169 0008 0446     		mov	r4, r0
 170              	.LVL19:
  95:LPS25HPressureSensor.c **** 
  96:LPS25HPressureSensor.c ****     PRESS_OUT_L = I2C_LPS25H(LPS25H_PRESS_OUT_L);
 171              		.loc 1 96 0
 172 000a 2920     		movs	r0, #41
 173 000c FFF7FEFF 		bl	I2C_LPS25H
 174              	.LVL20:
 175 0010 0546     		mov	r5, r0
 176              	.LVL21:
  97:LPS25HPressureSensor.c **** 
  98:LPS25HPressureSensor.c ****     PRESS_OUT_H = I2C_LPS25H(LPS25H_PRESS_OUT_H );
 177              		.loc 1 98 0
 178 0012 2A20     		movs	r0, #42
 179 0014 FFF7FEFF 		bl	I2C_LPS25H
 180              	.LVL22:
  99:LPS25HPressureSensor.c **** 
 100:LPS25HPressureSensor.c ****     PRESS_OUT = PRESS_OUT_XL | PRESS_OUT_L << 8 | PRESS_OUT_H << 16;
 181              		.loc 1 100 0
 182 0018 44EA0523 		orr	r3, r4, r5, lsl #8
 183              	.LVL23:
 101:LPS25HPressureSensor.c **** 
 102:LPS25HPressureSensor.c ****     PRESSURE = PRESS_OUT / 4096;
ARM GAS  C:\Users\Hesham\AppData\Local\Temp\cclQrxsO.s 			page 6


 184              		.loc 1 102 0
 185 001c 53EA0040 		orrs	r0, r3, r0, lsl #16
 186              	.LVL24:
 187 0020 01D5     		bpl	.L12
 188 0022 00F6FF70 		addw	r0, r0, #4095
 189              	.L12:
 190              	.LVL25:
 103:LPS25HPressureSensor.c **** 
 104:LPS25HPressureSensor.c ****     return PRESSURE;
 105:LPS25HPressureSensor.c **** }
 191              		.loc 1 105 0
 192 0026 C0F30F30 		ubfx	r0, r0, #12, #16
 193              	.LVL26:
 194 002a 38BD     		pop	{r3, r4, r5, pc}
 195              		.cfi_endproc
 196              	.LFE65:
 197              		.size	LPS25H_Read_PRESSURE, .-LPS25H_Read_PRESSURE
 198              		.section	.text.LPS25H_TEST,"ax",%progbits
 199              		.align	2
 200              		.global	LPS25H_TEST
 201              		.thumb
 202              		.thumb_func
 203              		.type	LPS25H_TEST, %function
 204              	LPS25H_TEST:
 205              	.LFB66:
 106:LPS25HPressureSensor.c **** 
 107:LPS25HPressureSensor.c **** //Testing LPS25H
 108:LPS25HPressureSensor.c **** 
 109:LPS25HPressureSensor.c **** uint16 LPS25H_TEST(){
 206              		.loc 1 109 0
 207              		.cfi_startproc
 208              		@ args = 0, pretend = 0, frame = 0
 209              		@ frame_needed = 0, uses_anonymous_args = 0
 210 0000 08B5     		push	{r3, lr}
 211              		.cfi_def_cfa_offset 8
 212              		.cfi_offset 3, -8
 213              		.cfi_offset 14, -4
 110:LPS25HPressureSensor.c **** 
 111:LPS25HPressureSensor.c ****     return I2C_LPS25H(LPS25H_WHO_AM_I); // should be 0xBD
 214              		.loc 1 111 0
 215 0002 0F20     		movs	r0, #15
 216 0004 FFF7FEFF 		bl	I2C_LPS25H
 217              	.LVL27:
 112:LPS25HPressureSensor.c **** 
 113:LPS25HPressureSensor.c **** }
 218              		.loc 1 113 0
 219 0008 08BD     		pop	{r3, pc}
 220              		.cfi_endproc
 221              	.LFE66:
 222              		.size	LPS25H_TEST, .-LPS25H_TEST
 223 000a 00BF     		.text
 224              	.Letext0:
 225              		.file 2 "c:\\program files (x86)\\cypress\\psoc creator\\4.0\\psoc creator\\import\\gnu\\arm\\4.9.
 226              		.file 3 "c:\\program files (x86)\\cypress\\psoc creator\\4.0\\psoc creator\\import\\gnu\\arm\\4.9.
 227              		.file 4 "Generated_Source\\PSoC5/cytypes.h"
 228              		.file 5 "Generated_Source\\PSoC5/I2C_1.h"
 229              		.file 6 "Generated_Source\\PSoC5/core_cm3.h"
ARM GAS  C:\Users\Hesham\AppData\Local\Temp\cclQrxsO.s 			page 7


 230              		.section	.debug_info,"",%progbits
 231              	.Ldebug_info0:
 232 0000 4D030000 		.4byte	0x34d
 233 0004 0400     		.2byte	0x4
 234 0006 00000000 		.4byte	.Ldebug_abbrev0
 235 000a 04       		.byte	0x4
 236 000b 01       		.uleb128 0x1
 237 000c 0B010000 		.4byte	.LASF30
 238 0010 01       		.byte	0x1
 239 0011 B9000000 		.4byte	.LASF31
 240 0015 52020000 		.4byte	.LASF32
 241 0019 00000000 		.4byte	.Ldebug_ranges0+0
 242 001d 00000000 		.4byte	0
 243 0021 00000000 		.4byte	.Ldebug_line0
 244 0025 02       		.uleb128 0x2
 245 0026 01       		.byte	0x1
 246 0027 06       		.byte	0x6
 247 0028 AA020000 		.4byte	.LASF0
 248 002c 02       		.uleb128 0x2
 249 002d 01       		.byte	0x1
 250 002e 08       		.byte	0x8
 251 002f 68000000 		.4byte	.LASF1
 252 0033 02       		.uleb128 0x2
 253 0034 02       		.byte	0x2
 254 0035 05       		.byte	0x5
 255 0036 0E020000 		.4byte	.LASF2
 256 003a 02       		.uleb128 0x2
 257 003b 02       		.byte	0x2
 258 003c 07       		.byte	0x7
 259 003d 88000000 		.4byte	.LASF3
 260 0041 03       		.uleb128 0x3
 261 0042 20000000 		.4byte	.LASF9
 262 0046 02       		.byte	0x2
 263 0047 3F       		.byte	0x3f
 264 0048 4C000000 		.4byte	0x4c
 265 004c 02       		.uleb128 0x2
 266 004d 04       		.byte	0x4
 267 004e 05       		.byte	0x5
 268 004f 36020000 		.4byte	.LASF4
 269 0053 02       		.uleb128 0x2
 270 0054 04       		.byte	0x4
 271 0055 07       		.byte	0x7
 272 0056 76000000 		.4byte	.LASF5
 273 005a 02       		.uleb128 0x2
 274 005b 08       		.byte	0x8
 275 005c 05       		.byte	0x5
 276 005d E3010000 		.4byte	.LASF6
 277 0061 02       		.uleb128 0x2
 278 0062 08       		.byte	0x8
 279 0063 07       		.byte	0x7
 280 0064 A6010000 		.4byte	.LASF7
 281 0068 04       		.uleb128 0x4
 282 0069 04       		.byte	0x4
 283 006a 05       		.byte	0x5
 284 006b 696E7400 		.ascii	"int\000"
 285 006f 02       		.uleb128 0x2
 286 0070 04       		.byte	0x4
ARM GAS  C:\Users\Hesham\AppData\Local\Temp\cclQrxsO.s 			page 8


 287 0071 07       		.byte	0x7
 288 0072 99010000 		.4byte	.LASF8
 289 0076 03       		.uleb128 0x3
 290 0077 D2010000 		.4byte	.LASF10
 291 007b 03       		.byte	0x3
 292 007c 2C       		.byte	0x2c
 293 007d 41000000 		.4byte	0x41
 294 0081 05       		.uleb128 0x5
 295 0082 30020000 		.4byte	.LASF11
 296 0086 04       		.byte	0x4
 297 0087 9201     		.2byte	0x192
 298 0089 2C000000 		.4byte	0x2c
 299 008d 05       		.uleb128 0x5
 300 008e 04010000 		.4byte	.LASF12
 301 0092 04       		.byte	0x4
 302 0093 9301     		.2byte	0x193
 303 0095 3A000000 		.4byte	0x3a
 304 0099 02       		.uleb128 0x2
 305 009a 04       		.byte	0x4
 306 009b 04       		.byte	0x4
 307 009c 56000000 		.4byte	.LASF13
 308 00a0 02       		.uleb128 0x2
 309 00a1 08       		.byte	0x8
 310 00a2 04       		.byte	0x4
 311 00a3 B2000000 		.4byte	.LASF14
 312 00a7 02       		.uleb128 0x2
 313 00a8 01       		.byte	0x1
 314 00a9 08       		.byte	0x8
 315 00aa F1010000 		.4byte	.LASF15
 316 00ae 02       		.uleb128 0x2
 317 00af 04       		.byte	0x4
 318 00b0 07       		.byte	0x7
 319 00b1 DA010000 		.4byte	.LASF16
 320 00b5 06       		.uleb128 0x6
 321 00b6 F9000000 		.4byte	.LASF33
 322 00ba 01       		.byte	0x1
 323 00bb 0B       		.byte	0xb
 324 00bc 81000000 		.4byte	0x81
 325 00c0 00000000 		.4byte	.LFB63
 326 00c4 4E000000 		.4byte	.LFE63-.LFB63
 327 00c8 01       		.uleb128 0x1
 328 00c9 9C       		.byte	0x9c
 329 00ca 84010000 		.4byte	0x184
 330 00ce 07       		.uleb128 0x7
 331 00cf 14000000 		.4byte	.LASF34
 332 00d3 01       		.byte	0x1
 333 00d4 0B       		.byte	0xb
 334 00d5 81000000 		.4byte	0x81
 335 00d9 00000000 		.4byte	.LLST0
 336 00dd 08       		.uleb128 0x8
 337 00de 9B000000 		.4byte	.LASF17
 338 00e2 01       		.byte	0x1
 339 00e3 0D       		.byte	0xd
 340 00e4 81000000 		.4byte	0x81
 341 00e8 21000000 		.4byte	.LLST1
 342 00ec 08       		.uleb128 0x8
 343 00ed 0A000000 		.4byte	.LASF18
ARM GAS  C:\Users\Hesham\AppData\Local\Temp\cclQrxsO.s 			page 9


 344 00f1 01       		.byte	0x1
 345 00f2 0E       		.byte	0xe
 346 00f3 81000000 		.4byte	0x81
 347 00f7 40000000 		.4byte	.LLST2
 348 00fb 09       		.uleb128 0x9
 349 00fc 00000000 		.4byte	.LASF19
 350 0100 01       		.byte	0x1
 351 0101 0F       		.byte	0xf
 352 0102 84010000 		.4byte	0x184
 353 0106 02       		.uleb128 0x2
 354 0107 91       		.byte	0x91
 355 0108 74       		.sleb128 -12
 356 0109 09       		.uleb128 0x9
 357 010a 2A000000 		.4byte	.LASF20
 358 010e 01       		.byte	0x1
 359 010f 10       		.byte	0x10
 360 0110 84010000 		.4byte	0x184
 361 0114 02       		.uleb128 0x2
 362 0115 91       		.byte	0x91
 363 0116 70       		.sleb128 -16
 364 0117 0A       		.uleb128 0xa
 365 0118 14000000 		.4byte	.LVL3
 366 011c F0020000 		.4byte	0x2f0
 367 0120 3B010000 		.4byte	0x13b
 368 0124 0B       		.uleb128 0xb
 369 0125 01       		.uleb128 0x1
 370 0126 53       		.byte	0x53
 371 0127 01       		.uleb128 0x1
 372 0128 30       		.byte	0x30
 373 0129 0B       		.uleb128 0xb
 374 012a 01       		.uleb128 0x1
 375 012b 52       		.byte	0x52
 376 012c 01       		.uleb128 0x1
 377 012d 31       		.byte	0x31
 378 012e 0B       		.uleb128 0xb
 379 012f 01       		.uleb128 0x1
 380 0130 51       		.byte	0x51
 381 0131 02       		.uleb128 0x2
 382 0132 91       		.byte	0x91
 383 0133 74       		.sleb128 -12
 384 0134 0B       		.uleb128 0xb
 385 0135 01       		.uleb128 0x1
 386 0136 50       		.byte	0x50
 387 0137 02       		.uleb128 0x2
 388 0138 08       		.byte	0x8
 389 0139 5D       		.byte	0x5d
 390 013a 00       		.byte	0
 391 013b 0C       		.uleb128 0xc
 392 013c 1C000000 		.4byte	.LVL5
 393 0140 1A030000 		.4byte	0x31a
 394 0144 0C       		.uleb128 0xc
 395 0145 26000000 		.4byte	.LVL6
 396 0149 25030000 		.4byte	0x325
 397 014d 0A       		.uleb128 0xa
 398 014e 32000000 		.4byte	.LVL7
 399 0152 30030000 		.4byte	0x330
 400 0156 71010000 		.4byte	0x171
ARM GAS  C:\Users\Hesham\AppData\Local\Temp\cclQrxsO.s 			page 10


 401 015a 0B       		.uleb128 0xb
 402 015b 01       		.uleb128 0x1
 403 015c 53       		.byte	0x53
 404 015d 01       		.uleb128 0x1
 405 015e 30       		.byte	0x30
 406 015f 0B       		.uleb128 0xb
 407 0160 01       		.uleb128 0x1
 408 0161 52       		.byte	0x52
 409 0162 01       		.uleb128 0x1
 410 0163 31       		.byte	0x31
 411 0164 0B       		.uleb128 0xb
 412 0165 01       		.uleb128 0x1
 413 0166 51       		.byte	0x51
 414 0167 02       		.uleb128 0x2
 415 0168 7D       		.byte	0x7d
 416 0169 00       		.sleb128 0
 417 016a 0B       		.uleb128 0xb
 418 016b 01       		.uleb128 0x1
 419 016c 50       		.byte	0x50
 420 016d 02       		.uleb128 0x2
 421 016e 08       		.byte	0x8
 422 016f 5D       		.byte	0x5d
 423 0170 00       		.byte	0
 424 0171 0C       		.uleb128 0xc
 425 0172 3A000000 		.4byte	.LVL9
 426 0176 1A030000 		.4byte	0x31a
 427 017a 0C       		.uleb128 0xc
 428 017b 44000000 		.4byte	.LVL10
 429 017f 25030000 		.4byte	0x325
 430 0183 00       		.byte	0
 431 0184 0D       		.uleb128 0xd
 432 0185 81000000 		.4byte	0x81
 433 0189 94010000 		.4byte	0x194
 434 018d 0E       		.uleb128 0xe
 435 018e AE000000 		.4byte	0xae
 436 0192 00       		.byte	0
 437 0193 00       		.byte	0
 438 0194 0F       		.uleb128 0xf
 439 0195 C6010000 		.4byte	.LASF35
 440 0199 01       		.byte	0x1
 441 019a 33       		.byte	0x33
 442 019b 00000000 		.4byte	.LFB64
 443 019f 34000000 		.4byte	.LFE64-.LFB64
 444 01a3 01       		.uleb128 0x1
 445 01a4 9C       		.byte	0x9c
 446 01a5 09020000 		.4byte	0x209
 447 01a9 08       		.uleb128 0x8
 448 01aa 9B000000 		.4byte	.LASF17
 449 01ae 01       		.byte	0x1
 450 01af 35       		.byte	0x35
 451 01b0 81000000 		.4byte	0x81
 452 01b4 5F000000 		.4byte	.LLST3
 453 01b8 10       		.uleb128 0x10
 454 01b9 0A000000 		.4byte	.LASF18
 455 01bd 01       		.byte	0x1
 456 01be 36       		.byte	0x36
 457 01bf 81000000 		.4byte	0x81
ARM GAS  C:\Users\Hesham\AppData\Local\Temp\cclQrxsO.s 			page 11


 458 01c3 00       		.byte	0
 459 01c4 09       		.uleb128 0x9
 460 01c5 00000000 		.4byte	.LASF19
 461 01c9 01       		.byte	0x1
 462 01ca 37       		.byte	0x37
 463 01cb 09020000 		.4byte	0x209
 464 01cf 02       		.uleb128 0x2
 465 01d0 91       		.byte	0x91
 466 01d1 74       		.sleb128 -12
 467 01d2 0A       		.uleb128 0xa
 468 01d3 1C000000 		.4byte	.LVL13
 469 01d7 F0020000 		.4byte	0x2f0
 470 01db F6010000 		.4byte	0x1f6
 471 01df 0B       		.uleb128 0xb
 472 01e0 01       		.uleb128 0x1
 473 01e1 53       		.byte	0x53
 474 01e2 01       		.uleb128 0x1
 475 01e3 30       		.byte	0x30
 476 01e4 0B       		.uleb128 0xb
 477 01e5 01       		.uleb128 0x1
 478 01e6 52       		.byte	0x52
 479 01e7 01       		.uleb128 0x1
 480 01e8 32       		.byte	0x32
 481 01e9 0B       		.uleb128 0xb
 482 01ea 01       		.uleb128 0x1
 483 01eb 51       		.byte	0x51
 484 01ec 02       		.uleb128 0x2
 485 01ed 91       		.byte	0x91
 486 01ee 74       		.sleb128 -12
 487 01ef 0B       		.uleb128 0xb
 488 01f0 01       		.uleb128 0x1
 489 01f1 50       		.byte	0x50
 490 01f2 02       		.uleb128 0x2
 491 01f3 08       		.byte	0x8
 492 01f4 5D       		.byte	0x5d
 493 01f5 00       		.byte	0
 494 01f6 0C       		.uleb128 0xc
 495 01f7 24000000 		.4byte	.LVL15
 496 01fb 1A030000 		.4byte	0x31a
 497 01ff 0C       		.uleb128 0xc
 498 0200 2E000000 		.4byte	.LVL16
 499 0204 25030000 		.4byte	0x325
 500 0208 00       		.byte	0
 501 0209 0D       		.uleb128 0xd
 502 020a 81000000 		.4byte	0x81
 503 020e 19020000 		.4byte	0x219
 504 0212 0E       		.uleb128 0xe
 505 0213 AE000000 		.4byte	0xae
 506 0217 01       		.byte	0x1
 507 0218 00       		.byte	0
 508 0219 11       		.uleb128 0x11
 509 021a D0000000 		.4byte	.LASF26
 510 021e 01       		.byte	0x1
 511 021f 52       		.byte	0x52
 512 0220 8D000000 		.4byte	0x8d
 513 0224 00000000 		.4byte	.LFB65
 514 0228 2C000000 		.4byte	.LFE65-.LFB65
ARM GAS  C:\Users\Hesham\AppData\Local\Temp\cclQrxsO.s 			page 12


 515 022c 01       		.uleb128 0x1
 516 022d 9C       		.byte	0x9c
 517 022e B6020000 		.4byte	0x2b6
 518 0232 08       		.uleb128 0x8
 519 0233 34000000 		.4byte	.LASF21
 520 0237 01       		.byte	0x1
 521 0238 54       		.byte	0x54
 522 0239 81000000 		.4byte	0x81
 523 023d 7E000000 		.4byte	.LLST4
 524 0241 08       		.uleb128 0x8
 525 0242 02020000 		.4byte	.LASF22
 526 0246 01       		.byte	0x1
 527 0247 56       		.byte	0x56
 528 0248 81000000 		.4byte	0x81
 529 024c 9D000000 		.4byte	.LLST5
 530 0250 08       		.uleb128 0x8
 531 0251 F6010000 		.4byte	.LASF23
 532 0255 01       		.byte	0x1
 533 0256 58       		.byte	0x58
 534 0257 81000000 		.4byte	0x81
 535 025b BC000000 		.4byte	.LLST6
 536 025f 08       		.uleb128 0x8
 537 0260 B6020000 		.4byte	.LASF24
 538 0264 01       		.byte	0x1
 539 0265 5A       		.byte	0x5a
 540 0266 68000000 		.4byte	0x68
 541 026a DB000000 		.4byte	.LLST7
 542 026e 08       		.uleb128 0x8
 543 026f BD010000 		.4byte	.LASF25
 544 0273 01       		.byte	0x1
 545 0274 5C       		.byte	0x5c
 546 0275 68000000 		.4byte	0x68
 547 0279 EF000000 		.4byte	.LLST8
 548 027d 0A       		.uleb128 0xa
 549 027e 08000000 		.4byte	.LVL18
 550 0282 B5000000 		.4byte	0xb5
 551 0286 91020000 		.4byte	0x291
 552 028a 0B       		.uleb128 0xb
 553 028b 01       		.uleb128 0x1
 554 028c 50       		.byte	0x50
 555 028d 02       		.uleb128 0x2
 556 028e 08       		.byte	0x8
 557 028f 28       		.byte	0x28
 558 0290 00       		.byte	0
 559 0291 0A       		.uleb128 0xa
 560 0292 10000000 		.4byte	.LVL20
 561 0296 B5000000 		.4byte	0xb5
 562 029a A5020000 		.4byte	0x2a5
 563 029e 0B       		.uleb128 0xb
 564 029f 01       		.uleb128 0x1
 565 02a0 50       		.byte	0x50
 566 02a1 02       		.uleb128 0x2
 567 02a2 08       		.byte	0x8
 568 02a3 29       		.byte	0x29
 569 02a4 00       		.byte	0
 570 02a5 12       		.uleb128 0x12
 571 02a6 18000000 		.4byte	.LVL22
ARM GAS  C:\Users\Hesham\AppData\Local\Temp\cclQrxsO.s 			page 13


 572 02aa B5000000 		.4byte	0xb5
 573 02ae 0B       		.uleb128 0xb
 574 02af 01       		.uleb128 0x1
 575 02b0 50       		.byte	0x50
 576 02b1 02       		.uleb128 0x2
 577 02b2 08       		.byte	0x8
 578 02b3 2A       		.byte	0x2a
 579 02b4 00       		.byte	0
 580 02b5 00       		.byte	0
 581 02b6 11       		.uleb128 0x11
 582 02b7 5C000000 		.4byte	.LASF27
 583 02bb 01       		.byte	0x1
 584 02bc 6D       		.byte	0x6d
 585 02bd 8D000000 		.4byte	0x8d
 586 02c1 00000000 		.4byte	.LFB66
 587 02c5 0A000000 		.4byte	.LFE66-.LFB66
 588 02c9 01       		.uleb128 0x1
 589 02ca 9C       		.byte	0x9c
 590 02cb DF020000 		.4byte	0x2df
 591 02cf 12       		.uleb128 0x12
 592 02d0 08000000 		.4byte	.LVL27
 593 02d4 B5000000 		.4byte	0xb5
 594 02d8 0B       		.uleb128 0xb
 595 02d9 01       		.uleb128 0x1
 596 02da 50       		.byte	0x50
 597 02db 01       		.uleb128 0x1
 598 02dc 3F       		.byte	0x3f
 599 02dd 00       		.byte	0
 600 02de 00       		.byte	0
 601 02df 13       		.uleb128 0x13
 602 02e0 A5000000 		.4byte	.LASF36
 603 02e4 06       		.byte	0x6
 604 02e5 9606     		.2byte	0x696
 605 02e7 EB020000 		.4byte	0x2eb
 606 02eb 14       		.uleb128 0x14
 607 02ec 76000000 		.4byte	0x76
 608 02f0 15       		.uleb128 0x15
 609 02f1 41000000 		.4byte	.LASF37
 610 02f5 05       		.byte	0x5
 611 02f6 A7       		.byte	0xa7
 612 02f7 81000000 		.4byte	0x81
 613 02fb 14030000 		.4byte	0x314
 614 02ff 16       		.uleb128 0x16
 615 0300 81000000 		.4byte	0x81
 616 0304 16       		.uleb128 0x16
 617 0305 14030000 		.4byte	0x314
 618 0309 16       		.uleb128 0x16
 619 030a 81000000 		.4byte	0x81
 620 030e 16       		.uleb128 0x16
 621 030f 81000000 		.4byte	0x81
 622 0313 00       		.byte	0
 623 0314 17       		.uleb128 0x17
 624 0315 04       		.byte	0x4
 625 0316 81000000 		.4byte	0x81
 626 031a 18       		.uleb128 0x18
 627 031b 3F020000 		.4byte	.LASF28
 628 031f 05       		.byte	0x5
ARM GAS  C:\Users\Hesham\AppData\Local\Temp\cclQrxsO.s 			page 14


 629 0320 A3       		.byte	0xa3
 630 0321 81000000 		.4byte	0x81
 631 0325 18       		.uleb128 0x18
 632 0326 18020000 		.4byte	.LASF29
 633 032a 05       		.byte	0x5
 634 032b A4       		.byte	0xa4
 635 032c 81000000 		.4byte	0x81
 636 0330 19       		.uleb128 0x19
 637 0331 E5000000 		.4byte	.LASF38
 638 0335 05       		.byte	0x5
 639 0336 A9       		.byte	0xa9
 640 0337 81000000 		.4byte	0x81
 641 033b 16       		.uleb128 0x16
 642 033c 81000000 		.4byte	0x81
 643 0340 16       		.uleb128 0x16
 644 0341 14030000 		.4byte	0x314
 645 0345 16       		.uleb128 0x16
 646 0346 81000000 		.4byte	0x81
 647 034a 16       		.uleb128 0x16
 648 034b 81000000 		.4byte	0x81
 649 034f 00       		.byte	0
 650 0350 00       		.byte	0
 651              		.section	.debug_abbrev,"",%progbits
 652              	.Ldebug_abbrev0:
 653 0000 01       		.uleb128 0x1
 654 0001 11       		.uleb128 0x11
 655 0002 01       		.byte	0x1
 656 0003 25       		.uleb128 0x25
 657 0004 0E       		.uleb128 0xe
 658 0005 13       		.uleb128 0x13
 659 0006 0B       		.uleb128 0xb
 660 0007 03       		.uleb128 0x3
 661 0008 0E       		.uleb128 0xe
 662 0009 1B       		.uleb128 0x1b
 663 000a 0E       		.uleb128 0xe
 664 000b 55       		.uleb128 0x55
 665 000c 17       		.uleb128 0x17
 666 000d 11       		.uleb128 0x11
 667 000e 01       		.uleb128 0x1
 668 000f 10       		.uleb128 0x10
 669 0010 17       		.uleb128 0x17
 670 0011 00       		.byte	0
 671 0012 00       		.byte	0
 672 0013 02       		.uleb128 0x2
 673 0014 24       		.uleb128 0x24
 674 0015 00       		.byte	0
 675 0016 0B       		.uleb128 0xb
 676 0017 0B       		.uleb128 0xb
 677 0018 3E       		.uleb128 0x3e
 678 0019 0B       		.uleb128 0xb
 679 001a 03       		.uleb128 0x3
 680 001b 0E       		.uleb128 0xe
 681 001c 00       		.byte	0
 682 001d 00       		.byte	0
 683 001e 03       		.uleb128 0x3
 684 001f 16       		.uleb128 0x16
 685 0020 00       		.byte	0
ARM GAS  C:\Users\Hesham\AppData\Local\Temp\cclQrxsO.s 			page 15


 686 0021 03       		.uleb128 0x3
 687 0022 0E       		.uleb128 0xe
 688 0023 3A       		.uleb128 0x3a
 689 0024 0B       		.uleb128 0xb
 690 0025 3B       		.uleb128 0x3b
 691 0026 0B       		.uleb128 0xb
 692 0027 49       		.uleb128 0x49
 693 0028 13       		.uleb128 0x13
 694 0029 00       		.byte	0
 695 002a 00       		.byte	0
 696 002b 04       		.uleb128 0x4
 697 002c 24       		.uleb128 0x24
 698 002d 00       		.byte	0
 699 002e 0B       		.uleb128 0xb
 700 002f 0B       		.uleb128 0xb
 701 0030 3E       		.uleb128 0x3e
 702 0031 0B       		.uleb128 0xb
 703 0032 03       		.uleb128 0x3
 704 0033 08       		.uleb128 0x8
 705 0034 00       		.byte	0
 706 0035 00       		.byte	0
 707 0036 05       		.uleb128 0x5
 708 0037 16       		.uleb128 0x16
 709 0038 00       		.byte	0
 710 0039 03       		.uleb128 0x3
 711 003a 0E       		.uleb128 0xe
 712 003b 3A       		.uleb128 0x3a
 713 003c 0B       		.uleb128 0xb
 714 003d 3B       		.uleb128 0x3b
 715 003e 05       		.uleb128 0x5
 716 003f 49       		.uleb128 0x49
 717 0040 13       		.uleb128 0x13
 718 0041 00       		.byte	0
 719 0042 00       		.byte	0
 720 0043 06       		.uleb128 0x6
 721 0044 2E       		.uleb128 0x2e
 722 0045 01       		.byte	0x1
 723 0046 3F       		.uleb128 0x3f
 724 0047 19       		.uleb128 0x19
 725 0048 03       		.uleb128 0x3
 726 0049 0E       		.uleb128 0xe
 727 004a 3A       		.uleb128 0x3a
 728 004b 0B       		.uleb128 0xb
 729 004c 3B       		.uleb128 0x3b
 730 004d 0B       		.uleb128 0xb
 731 004e 27       		.uleb128 0x27
 732 004f 19       		.uleb128 0x19
 733 0050 49       		.uleb128 0x49
 734 0051 13       		.uleb128 0x13
 735 0052 11       		.uleb128 0x11
 736 0053 01       		.uleb128 0x1
 737 0054 12       		.uleb128 0x12
 738 0055 06       		.uleb128 0x6
 739 0056 40       		.uleb128 0x40
 740 0057 18       		.uleb128 0x18
 741 0058 9742     		.uleb128 0x2117
 742 005a 19       		.uleb128 0x19
ARM GAS  C:\Users\Hesham\AppData\Local\Temp\cclQrxsO.s 			page 16


 743 005b 01       		.uleb128 0x1
 744 005c 13       		.uleb128 0x13
 745 005d 00       		.byte	0
 746 005e 00       		.byte	0
 747 005f 07       		.uleb128 0x7
 748 0060 05       		.uleb128 0x5
 749 0061 00       		.byte	0
 750 0062 03       		.uleb128 0x3
 751 0063 0E       		.uleb128 0xe
 752 0064 3A       		.uleb128 0x3a
 753 0065 0B       		.uleb128 0xb
 754 0066 3B       		.uleb128 0x3b
 755 0067 0B       		.uleb128 0xb
 756 0068 49       		.uleb128 0x49
 757 0069 13       		.uleb128 0x13
 758 006a 02       		.uleb128 0x2
 759 006b 17       		.uleb128 0x17
 760 006c 00       		.byte	0
 761 006d 00       		.byte	0
 762 006e 08       		.uleb128 0x8
 763 006f 34       		.uleb128 0x34
 764 0070 00       		.byte	0
 765 0071 03       		.uleb128 0x3
 766 0072 0E       		.uleb128 0xe
 767 0073 3A       		.uleb128 0x3a
 768 0074 0B       		.uleb128 0xb
 769 0075 3B       		.uleb128 0x3b
 770 0076 0B       		.uleb128 0xb
 771 0077 49       		.uleb128 0x49
 772 0078 13       		.uleb128 0x13
 773 0079 02       		.uleb128 0x2
 774 007a 17       		.uleb128 0x17
 775 007b 00       		.byte	0
 776 007c 00       		.byte	0
 777 007d 09       		.uleb128 0x9
 778 007e 34       		.uleb128 0x34
 779 007f 00       		.byte	0
 780 0080 03       		.uleb128 0x3
 781 0081 0E       		.uleb128 0xe
 782 0082 3A       		.uleb128 0x3a
 783 0083 0B       		.uleb128 0xb
 784 0084 3B       		.uleb128 0x3b
 785 0085 0B       		.uleb128 0xb
 786 0086 49       		.uleb128 0x49
 787 0087 13       		.uleb128 0x13
 788 0088 02       		.uleb128 0x2
 789 0089 18       		.uleb128 0x18
 790 008a 00       		.byte	0
 791 008b 00       		.byte	0
 792 008c 0A       		.uleb128 0xa
 793 008d 898201   		.uleb128 0x4109
 794 0090 01       		.byte	0x1
 795 0091 11       		.uleb128 0x11
 796 0092 01       		.uleb128 0x1
 797 0093 31       		.uleb128 0x31
 798 0094 13       		.uleb128 0x13
 799 0095 01       		.uleb128 0x1
ARM GAS  C:\Users\Hesham\AppData\Local\Temp\cclQrxsO.s 			page 17


 800 0096 13       		.uleb128 0x13
 801 0097 00       		.byte	0
 802 0098 00       		.byte	0
 803 0099 0B       		.uleb128 0xb
 804 009a 8A8201   		.uleb128 0x410a
 805 009d 00       		.byte	0
 806 009e 02       		.uleb128 0x2
 807 009f 18       		.uleb128 0x18
 808 00a0 9142     		.uleb128 0x2111
 809 00a2 18       		.uleb128 0x18
 810 00a3 00       		.byte	0
 811 00a4 00       		.byte	0
 812 00a5 0C       		.uleb128 0xc
 813 00a6 898201   		.uleb128 0x4109
 814 00a9 00       		.byte	0
 815 00aa 11       		.uleb128 0x11
 816 00ab 01       		.uleb128 0x1
 817 00ac 31       		.uleb128 0x31
 818 00ad 13       		.uleb128 0x13
 819 00ae 00       		.byte	0
 820 00af 00       		.byte	0
 821 00b0 0D       		.uleb128 0xd
 822 00b1 01       		.uleb128 0x1
 823 00b2 01       		.byte	0x1
 824 00b3 49       		.uleb128 0x49
 825 00b4 13       		.uleb128 0x13
 826 00b5 01       		.uleb128 0x1
 827 00b6 13       		.uleb128 0x13
 828 00b7 00       		.byte	0
 829 00b8 00       		.byte	0
 830 00b9 0E       		.uleb128 0xe
 831 00ba 21       		.uleb128 0x21
 832 00bb 00       		.byte	0
 833 00bc 49       		.uleb128 0x49
 834 00bd 13       		.uleb128 0x13
 835 00be 2F       		.uleb128 0x2f
 836 00bf 0B       		.uleb128 0xb
 837 00c0 00       		.byte	0
 838 00c1 00       		.byte	0
 839 00c2 0F       		.uleb128 0xf
 840 00c3 2E       		.uleb128 0x2e
 841 00c4 01       		.byte	0x1
 842 00c5 3F       		.uleb128 0x3f
 843 00c6 19       		.uleb128 0x19
 844 00c7 03       		.uleb128 0x3
 845 00c8 0E       		.uleb128 0xe
 846 00c9 3A       		.uleb128 0x3a
 847 00ca 0B       		.uleb128 0xb
 848 00cb 3B       		.uleb128 0x3b
 849 00cc 0B       		.uleb128 0xb
 850 00cd 11       		.uleb128 0x11
 851 00ce 01       		.uleb128 0x1
 852 00cf 12       		.uleb128 0x12
 853 00d0 06       		.uleb128 0x6
 854 00d1 40       		.uleb128 0x40
 855 00d2 18       		.uleb128 0x18
 856 00d3 9742     		.uleb128 0x2117
ARM GAS  C:\Users\Hesham\AppData\Local\Temp\cclQrxsO.s 			page 18


 857 00d5 19       		.uleb128 0x19
 858 00d6 01       		.uleb128 0x1
 859 00d7 13       		.uleb128 0x13
 860 00d8 00       		.byte	0
 861 00d9 00       		.byte	0
 862 00da 10       		.uleb128 0x10
 863 00db 34       		.uleb128 0x34
 864 00dc 00       		.byte	0
 865 00dd 03       		.uleb128 0x3
 866 00de 0E       		.uleb128 0xe
 867 00df 3A       		.uleb128 0x3a
 868 00e0 0B       		.uleb128 0xb
 869 00e1 3B       		.uleb128 0x3b
 870 00e2 0B       		.uleb128 0xb
 871 00e3 49       		.uleb128 0x49
 872 00e4 13       		.uleb128 0x13
 873 00e5 1C       		.uleb128 0x1c
 874 00e6 0B       		.uleb128 0xb
 875 00e7 00       		.byte	0
 876 00e8 00       		.byte	0
 877 00e9 11       		.uleb128 0x11
 878 00ea 2E       		.uleb128 0x2e
 879 00eb 01       		.byte	0x1
 880 00ec 3F       		.uleb128 0x3f
 881 00ed 19       		.uleb128 0x19
 882 00ee 03       		.uleb128 0x3
 883 00ef 0E       		.uleb128 0xe
 884 00f0 3A       		.uleb128 0x3a
 885 00f1 0B       		.uleb128 0xb
 886 00f2 3B       		.uleb128 0x3b
 887 00f3 0B       		.uleb128 0xb
 888 00f4 49       		.uleb128 0x49
 889 00f5 13       		.uleb128 0x13
 890 00f6 11       		.uleb128 0x11
 891 00f7 01       		.uleb128 0x1
 892 00f8 12       		.uleb128 0x12
 893 00f9 06       		.uleb128 0x6
 894 00fa 40       		.uleb128 0x40
 895 00fb 18       		.uleb128 0x18
 896 00fc 9742     		.uleb128 0x2117
 897 00fe 19       		.uleb128 0x19
 898 00ff 01       		.uleb128 0x1
 899 0100 13       		.uleb128 0x13
 900 0101 00       		.byte	0
 901 0102 00       		.byte	0
 902 0103 12       		.uleb128 0x12
 903 0104 898201   		.uleb128 0x4109
 904 0107 01       		.byte	0x1
 905 0108 11       		.uleb128 0x11
 906 0109 01       		.uleb128 0x1
 907 010a 31       		.uleb128 0x31
 908 010b 13       		.uleb128 0x13
 909 010c 00       		.byte	0
 910 010d 00       		.byte	0
 911 010e 13       		.uleb128 0x13
 912 010f 34       		.uleb128 0x34
 913 0110 00       		.byte	0
ARM GAS  C:\Users\Hesham\AppData\Local\Temp\cclQrxsO.s 			page 19


 914 0111 03       		.uleb128 0x3
 915 0112 0E       		.uleb128 0xe
 916 0113 3A       		.uleb128 0x3a
 917 0114 0B       		.uleb128 0xb
 918 0115 3B       		.uleb128 0x3b
 919 0116 05       		.uleb128 0x5
 920 0117 49       		.uleb128 0x49
 921 0118 13       		.uleb128 0x13
 922 0119 3F       		.uleb128 0x3f
 923 011a 19       		.uleb128 0x19
 924 011b 3C       		.uleb128 0x3c
 925 011c 19       		.uleb128 0x19
 926 011d 00       		.byte	0
 927 011e 00       		.byte	0
 928 011f 14       		.uleb128 0x14
 929 0120 35       		.uleb128 0x35
 930 0121 00       		.byte	0
 931 0122 49       		.uleb128 0x49
 932 0123 13       		.uleb128 0x13
 933 0124 00       		.byte	0
 934 0125 00       		.byte	0
 935 0126 15       		.uleb128 0x15
 936 0127 2E       		.uleb128 0x2e
 937 0128 01       		.byte	0x1
 938 0129 3F       		.uleb128 0x3f
 939 012a 19       		.uleb128 0x19
 940 012b 03       		.uleb128 0x3
 941 012c 0E       		.uleb128 0xe
 942 012d 3A       		.uleb128 0x3a
 943 012e 0B       		.uleb128 0xb
 944 012f 3B       		.uleb128 0x3b
 945 0130 0B       		.uleb128 0xb
 946 0131 27       		.uleb128 0x27
 947 0132 19       		.uleb128 0x19
 948 0133 49       		.uleb128 0x49
 949 0134 13       		.uleb128 0x13
 950 0135 3C       		.uleb128 0x3c
 951 0136 19       		.uleb128 0x19
 952 0137 01       		.uleb128 0x1
 953 0138 13       		.uleb128 0x13
 954 0139 00       		.byte	0
 955 013a 00       		.byte	0
 956 013b 16       		.uleb128 0x16
 957 013c 05       		.uleb128 0x5
 958 013d 00       		.byte	0
 959 013e 49       		.uleb128 0x49
 960 013f 13       		.uleb128 0x13
 961 0140 00       		.byte	0
 962 0141 00       		.byte	0
 963 0142 17       		.uleb128 0x17
 964 0143 0F       		.uleb128 0xf
 965 0144 00       		.byte	0
 966 0145 0B       		.uleb128 0xb
 967 0146 0B       		.uleb128 0xb
 968 0147 49       		.uleb128 0x49
 969 0148 13       		.uleb128 0x13
 970 0149 00       		.byte	0
ARM GAS  C:\Users\Hesham\AppData\Local\Temp\cclQrxsO.s 			page 20


 971 014a 00       		.byte	0
 972 014b 18       		.uleb128 0x18
 973 014c 2E       		.uleb128 0x2e
 974 014d 00       		.byte	0
 975 014e 3F       		.uleb128 0x3f
 976 014f 19       		.uleb128 0x19
 977 0150 03       		.uleb128 0x3
 978 0151 0E       		.uleb128 0xe
 979 0152 3A       		.uleb128 0x3a
 980 0153 0B       		.uleb128 0xb
 981 0154 3B       		.uleb128 0x3b
 982 0155 0B       		.uleb128 0xb
 983 0156 27       		.uleb128 0x27
 984 0157 19       		.uleb128 0x19
 985 0158 49       		.uleb128 0x49
 986 0159 13       		.uleb128 0x13
 987 015a 3C       		.uleb128 0x3c
 988 015b 19       		.uleb128 0x19
 989 015c 00       		.byte	0
 990 015d 00       		.byte	0
 991 015e 19       		.uleb128 0x19
 992 015f 2E       		.uleb128 0x2e
 993 0160 01       		.byte	0x1
 994 0161 3F       		.uleb128 0x3f
 995 0162 19       		.uleb128 0x19
 996 0163 03       		.uleb128 0x3
 997 0164 0E       		.uleb128 0xe
 998 0165 3A       		.uleb128 0x3a
 999 0166 0B       		.uleb128 0xb
 1000 0167 3B       		.uleb128 0x3b
 1001 0168 0B       		.uleb128 0xb
 1002 0169 27       		.uleb128 0x27
 1003 016a 19       		.uleb128 0x19
 1004 016b 49       		.uleb128 0x49
 1005 016c 13       		.uleb128 0x13
 1006 016d 3C       		.uleb128 0x3c
 1007 016e 19       		.uleb128 0x19
 1008 016f 00       		.byte	0
 1009 0170 00       		.byte	0
 1010 0171 00       		.byte	0
 1011              		.section	.debug_loc,"",%progbits
 1012              	.Ldebug_loc0:
 1013              	.LLST0:
 1014 0000 00000000 		.4byte	.LVL0
 1015 0004 08000000 		.4byte	.LVL2
 1016 0008 0100     		.2byte	0x1
 1017 000a 50       		.byte	0x50
 1018 000b 08000000 		.4byte	.LVL2
 1019 000f 4E000000 		.4byte	.LFE63
 1020 0013 0400     		.2byte	0x4
 1021 0015 F3       		.byte	0xf3
 1022 0016 01       		.uleb128 0x1
 1023 0017 50       		.byte	0x50
 1024 0018 9F       		.byte	0x9f
 1025 0019 00000000 		.4byte	0
 1026 001d 00000000 		.4byte	0
 1027              	.LLST1:
ARM GAS  C:\Users\Hesham\AppData\Local\Temp\cclQrxsO.s 			page 21


 1028 0021 04000000 		.4byte	.LVL1
 1029 0025 08000000 		.4byte	.LVL2
 1030 0029 0200     		.2byte	0x2
 1031 002b 30       		.byte	0x30
 1032 002c 9F       		.byte	0x9f
 1033 002d 14000000 		.4byte	.LVL3
 1034 0031 18000000 		.4byte	.LVL4
 1035 0035 0100     		.2byte	0x1
 1036 0037 50       		.byte	0x50
 1037 0038 00000000 		.4byte	0
 1038 003c 00000000 		.4byte	0
 1039              	.LLST2:
 1040 0040 04000000 		.4byte	.LVL1
 1041 0044 32000000 		.4byte	.LVL7
 1042 0048 0200     		.2byte	0x2
 1043 004a 30       		.byte	0x30
 1044 004b 9F       		.byte	0x9f
 1045 004c 32000000 		.4byte	.LVL7
 1046 0050 36000000 		.4byte	.LVL8
 1047 0054 0100     		.2byte	0x1
 1048 0056 50       		.byte	0x50
 1049 0057 00000000 		.4byte	0
 1050 005b 00000000 		.4byte	0
 1051              	.LLST3:
 1052 005f 04000000 		.4byte	.LVL11
 1053 0063 10000000 		.4byte	.LVL12
 1054 0067 0200     		.2byte	0x2
 1055 0069 30       		.byte	0x30
 1056 006a 9F       		.byte	0x9f
 1057 006b 1C000000 		.4byte	.LVL13
 1058 006f 20000000 		.4byte	.LVL14
 1059 0073 0100     		.2byte	0x1
 1060 0075 50       		.byte	0x50
 1061 0076 00000000 		.4byte	0
 1062 007a 00000000 		.4byte	0
 1063              	.LLST4:
 1064 007e 02000000 		.4byte	.LVL17
 1065 0082 0A000000 		.4byte	.LVL19
 1066 0086 0200     		.2byte	0x2
 1067 0088 30       		.byte	0x30
 1068 0089 9F       		.byte	0x9f
 1069 008a 0A000000 		.4byte	.LVL19
 1070 008e 2C000000 		.4byte	.LFE65
 1071 0092 0100     		.2byte	0x1
 1072 0094 54       		.byte	0x54
 1073 0095 00000000 		.4byte	0
 1074 0099 00000000 		.4byte	0
 1075              	.LLST5:
 1076 009d 02000000 		.4byte	.LVL17
 1077 00a1 12000000 		.4byte	.LVL21
 1078 00a5 0200     		.2byte	0x2
 1079 00a7 30       		.byte	0x30
 1080 00a8 9F       		.byte	0x9f
 1081 00a9 12000000 		.4byte	.LVL21
 1082 00ad 2C000000 		.4byte	.LFE65
 1083 00b1 0100     		.2byte	0x1
 1084 00b3 55       		.byte	0x55
ARM GAS  C:\Users\Hesham\AppData\Local\Temp\cclQrxsO.s 			page 22


 1085 00b4 00000000 		.4byte	0
 1086 00b8 00000000 		.4byte	0
 1087              	.LLST6:
 1088 00bc 02000000 		.4byte	.LVL17
 1089 00c0 18000000 		.4byte	.LVL22
 1090 00c4 0200     		.2byte	0x2
 1091 00c6 30       		.byte	0x30
 1092 00c7 9F       		.byte	0x9f
 1093 00c8 18000000 		.4byte	.LVL22
 1094 00cc 20000000 		.4byte	.LVL24
 1095 00d0 0100     		.2byte	0x1
 1096 00d2 50       		.byte	0x50
 1097 00d3 00000000 		.4byte	0
 1098 00d7 00000000 		.4byte	0
 1099              	.LLST7:
 1100 00db 02000000 		.4byte	.LVL17
 1101 00df 1C000000 		.4byte	.LVL23
 1102 00e3 0200     		.2byte	0x2
 1103 00e5 30       		.byte	0x30
 1104 00e6 9F       		.byte	0x9f
 1105 00e7 00000000 		.4byte	0
 1106 00eb 00000000 		.4byte	0
 1107              	.LLST8:
 1108 00ef 02000000 		.4byte	.LVL17
 1109 00f3 26000000 		.4byte	.LVL25
 1110 00f7 0200     		.2byte	0x2
 1111 00f9 30       		.byte	0x30
 1112 00fa 9F       		.byte	0x9f
 1113 00fb 26000000 		.4byte	.LVL25
 1114 00ff 2A000000 		.4byte	.LVL26
 1115 0103 0500     		.2byte	0x5
 1116 0105 70       		.byte	0x70
 1117 0106 00       		.sleb128 0
 1118 0107 3C       		.byte	0x3c
 1119 0108 26       		.byte	0x26
 1120 0109 9F       		.byte	0x9f
 1121 010a 00000000 		.4byte	0
 1122 010e 00000000 		.4byte	0
 1123              		.section	.debug_aranges,"",%progbits
 1124 0000 34000000 		.4byte	0x34
 1125 0004 0200     		.2byte	0x2
 1126 0006 00000000 		.4byte	.Ldebug_info0
 1127 000a 04       		.byte	0x4
 1128 000b 00       		.byte	0
 1129 000c 0000     		.2byte	0
 1130 000e 0000     		.2byte	0
 1131 0010 00000000 		.4byte	.LFB63
 1132 0014 4E000000 		.4byte	.LFE63-.LFB63
 1133 0018 00000000 		.4byte	.LFB64
 1134 001c 34000000 		.4byte	.LFE64-.LFB64
 1135 0020 00000000 		.4byte	.LFB65
 1136 0024 2C000000 		.4byte	.LFE65-.LFB65
 1137 0028 00000000 		.4byte	.LFB66
 1138 002c 0A000000 		.4byte	.LFE66-.LFB66
 1139 0030 00000000 		.4byte	0
 1140 0034 00000000 		.4byte	0
 1141              		.section	.debug_ranges,"",%progbits
ARM GAS  C:\Users\Hesham\AppData\Local\Temp\cclQrxsO.s 			page 23


 1142              	.Ldebug_ranges0:
 1143 0000 00000000 		.4byte	.LFB63
 1144 0004 4E000000 		.4byte	.LFE63
 1145 0008 00000000 		.4byte	.LFB64
 1146 000c 34000000 		.4byte	.LFE64
 1147 0010 00000000 		.4byte	.LFB65
 1148 0014 2C000000 		.4byte	.LFE65
 1149 0018 00000000 		.4byte	.LFB66
 1150 001c 0A000000 		.4byte	.LFE66
 1151 0020 00000000 		.4byte	0
 1152 0024 00000000 		.4byte	0
 1153              		.section	.debug_line,"",%progbits
 1154              	.Ldebug_line0:
 1155 0000 E1010000 		.section	.debug_str,"MS",%progbits,1
 1155      02006201 
 1155      00000201 
 1155      FB0E0D00 
 1155      01010101 
 1156              	.LASF19:
 1157 0000 57525F42 		.ascii	"WR_Buffer\000"
 1157      75666665 
 1157      7200
 1158              	.LASF18:
 1159 000a 52445F53 		.ascii	"RD_Status\000"
 1159      74617475 
 1159      7300
 1160              	.LASF34:
 1161 0014 5265665F 		.ascii	"Ref_Address\000"
 1161      41646472 
 1161      65737300 
 1162              	.LASF9:
 1163 0020 5F5F696E 		.ascii	"__int32_t\000"
 1163      7433325F 
 1163      7400
 1164              	.LASF20:
 1165 002a 52445F42 		.ascii	"RD_Buffer\000"
 1165      75666665 
 1165      7200
 1166              	.LASF21:
 1167 0034 50524553 		.ascii	"PRESS_OUT_XL\000"
 1167      535F4F55 
 1167      545F584C 
 1167      00
 1168              	.LASF37:
 1169 0041 4932435F 		.ascii	"I2C_1_MasterWriteBuf\000"
 1169      315F4D61 
 1169      73746572 
 1169      57726974 
 1169      65427566 
 1170              	.LASF13:
 1171 0056 666C6F61 		.ascii	"float\000"
 1171      7400
 1172              	.LASF27:
 1173 005c 4C505332 		.ascii	"LPS25H_TEST\000"
 1173      35485F54 
 1173      45535400 
 1174              	.LASF1:
ARM GAS  C:\Users\Hesham\AppData\Local\Temp\cclQrxsO.s 			page 24


 1175 0068 756E7369 		.ascii	"unsigned char\000"
 1175      676E6564 
 1175      20636861 
 1175      7200
 1176              	.LASF5:
 1177 0076 6C6F6E67 		.ascii	"long unsigned int\000"
 1177      20756E73 
 1177      69676E65 
 1177      6420696E 
 1177      7400
 1178              	.LASF3:
 1179 0088 73686F72 		.ascii	"short unsigned int\000"
 1179      7420756E 
 1179      7369676E 
 1179      65642069 
 1179      6E7400
 1180              	.LASF17:
 1181 009b 57525F53 		.ascii	"WR_Status\000"
 1181      74617475 
 1181      7300
 1182              	.LASF36:
 1183 00a5 49544D5F 		.ascii	"ITM_RxBuffer\000"
 1183      52784275 
 1183      66666572 
 1183      00
 1184              	.LASF14:
 1185 00b2 646F7562 		.ascii	"double\000"
 1185      6C6500
 1186              	.LASF31:
 1187 00b9 4C505332 		.ascii	"LPS25HPressureSensor.c\000"
 1187      35485072 
 1187      65737375 
 1187      72655365 
 1187      6E736F72 
 1188              	.LASF26:
 1189 00d0 4C505332 		.ascii	"LPS25H_Read_PRESSURE\000"
 1189      35485F52 
 1189      6561645F 
 1189      50524553 
 1189      53555245 
 1190              	.LASF38:
 1191 00e5 4932435F 		.ascii	"I2C_1_MasterReadBuf\000"
 1191      315F4D61 
 1191      73746572 
 1191      52656164 
 1191      42756600 
 1192              	.LASF33:
 1193 00f9 4932435F 		.ascii	"I2C_LPS25H\000"
 1193      4C505332 
 1193      354800
 1194              	.LASF12:
 1195 0104 75696E74 		.ascii	"uint16\000"
 1195      313600
 1196              	.LASF30:
 1197 010b 474E5520 		.ascii	"GNU C 4.9.3 20150303 (release) [ARM/embedded-4_9-br"
 1197      4320342E 
 1197      392E3320 
ARM GAS  C:\Users\Hesham\AppData\Local\Temp\cclQrxsO.s 			page 25


 1197      32303135 
 1197      30333033 
 1198 013e 616E6368 		.ascii	"anch revision 221220] -mcpu=cortex-m3 -mthumb -g -O"
 1198      20726576 
 1198      6973696F 
 1198      6E203232 
 1198      31323230 
 1199 0171 67202D66 		.ascii	"g -ffunction-sections -ffat-lto-objects\000"
 1199      66756E63 
 1199      74696F6E 
 1199      2D736563 
 1199      74696F6E 
 1200              	.LASF8:
 1201 0199 756E7369 		.ascii	"unsigned int\000"
 1201      676E6564 
 1201      20696E74 
 1201      00
 1202              	.LASF7:
 1203 01a6 6C6F6E67 		.ascii	"long long unsigned int\000"
 1203      206C6F6E 
 1203      6720756E 
 1203      7369676E 
 1203      65642069 
 1204              	.LASF25:
 1205 01bd 50524553 		.ascii	"PRESSURE\000"
 1205      53555245 
 1205      00
 1206              	.LASF35:
 1207 01c6 496E6974 		.ascii	"Init_LPS25H\000"
 1207      5F4C5053 
 1207      32354800 
 1208              	.LASF10:
 1209 01d2 696E7433 		.ascii	"int32_t\000"
 1209      325F7400 
 1210              	.LASF16:
 1211 01da 73697A65 		.ascii	"sizetype\000"
 1211      74797065 
 1211      00
 1212              	.LASF6:
 1213 01e3 6C6F6E67 		.ascii	"long long int\000"
 1213      206C6F6E 
 1213      6720696E 
 1213      7400
 1214              	.LASF15:
 1215 01f1 63686172 		.ascii	"char\000"
 1215      00
 1216              	.LASF23:
 1217 01f6 50524553 		.ascii	"PRESS_OUT_H\000"
 1217      535F4F55 
 1217      545F4800 
 1218              	.LASF22:
 1219 0202 50524553 		.ascii	"PRESS_OUT_L\000"
 1219      535F4F55 
 1219      545F4C00 
 1220              	.LASF2:
 1221 020e 73686F72 		.ascii	"short int\000"
 1221      7420696E 
ARM GAS  C:\Users\Hesham\AppData\Local\Temp\cclQrxsO.s 			page 26


 1221      7400
 1222              	.LASF29:
 1223 0218 4932435F 		.ascii	"I2C_1_MasterClearStatus\000"
 1223      315F4D61 
 1223      73746572 
 1223      436C6561 
 1223      72537461 
 1224              	.LASF11:
 1225 0230 75696E74 		.ascii	"uint8\000"
 1225      3800
 1226              	.LASF4:
 1227 0236 6C6F6E67 		.ascii	"long int\000"
 1227      20696E74 
 1227      00
 1228              	.LASF28:
 1229 023f 4932435F 		.ascii	"I2C_1_MasterStatus\000"
 1229      315F4D61 
 1229      73746572 
 1229      53746174 
 1229      757300
 1230              	.LASF32:
 1231 0252 433A5C55 		.ascii	"C:\\Users\\Hesham\\Documents\\PSoC Creator\\PrISM_L"
 1231      73657273 
 1231      5C486573 
 1231      68616D5C 
 1231      446F6375 
 1232 0280 65643031 		.ascii	"ed01\\UART\\Lab_1_PreCourses\\Design01.cydsn\000"
 1232      5C554152 
 1232      545C4C61 
 1232      625F315F 
 1232      50726543 
 1233              	.LASF0:
 1234 02aa 7369676E 		.ascii	"signed char\000"
 1234      65642063 
 1234      68617200 
 1235              	.LASF24:
 1236 02b6 50524553 		.ascii	"PRESS_OUT\000"
 1236      535F4F55 
 1236      5400
 1237              		.ident	"GCC: (GNU Tools for ARM Embedded Processors) 4.9.3 20150303 (release) [ARM/embedded-4_9-br
