ARM GAS  C:\Users\Hesham\AppData\Local\Temp\ccl0KKX5.s 			page 1


   1              		.syntax unified
   2              		.cpu cortex-m3
   3              		.fpu softvfp
   4              		.eabi_attribute 20, 1
   5              		.eabi_attribute 21, 1
   6              		.eabi_attribute 23, 3
   7              		.eabi_attribute 24, 1
   8              		.eabi_attribute 25, 1
   9              		.eabi_attribute 26, 1
  10              		.eabi_attribute 30, 1
  11              		.eabi_attribute 34, 1
  12              		.eabi_attribute 18, 4
  13              		.thumb
  14              		.file	"LSM6DS0AccelerometerGyroscopeSensor.c"
  15              		.text
  16              	.Ltext0:
  17              		.cfi_sections	.debug_frame
  18              		.section	.text.I2C_LSM6DS0,"ax",%progbits
  19              		.align	2
  20              		.global	I2C_LSM6DS0
  21              		.thumb
  22              		.thumb_func
  23              		.type	I2C_LSM6DS0, %function
  24              	I2C_LSM6DS0:
  25              	.LFB63:
  26              		.file 1 "LSM6DS0AccelerometerGyroscopeSensor.c"
   1:LSM6DS0AccelerometerGyroscopeSensor.c **** /*
   2:LSM6DS0AccelerometerGyroscopeSensor.c ****  * LSM6DS0AccelerometerGyroscopeSensor.c
   3:LSM6DS0AccelerometerGyroscopeSensor.c ****  *
   4:LSM6DS0AccelerometerGyroscopeSensor.c ****  *  Created on: Mar 12, 2017
   5:LSM6DS0AccelerometerGyroscopeSensor.c ****  *      Author: Hesham
   6:LSM6DS0AccelerometerGyroscopeSensor.c ****  */
   7:LSM6DS0AccelerometerGyroscopeSensor.c **** 
   8:LSM6DS0AccelerometerGyroscopeSensor.c **** #include "LSM6DS0AccelerometerGyroscopeSensor.h"
   9:LSM6DS0AccelerometerGyroscopeSensor.c **** 
  10:LSM6DS0AccelerometerGyroscopeSensor.c **** // Accelerometer and Gyroscope Sensor
  11:LSM6DS0AccelerometerGyroscopeSensor.c **** 
  12:LSM6DS0AccelerometerGyroscopeSensor.c **** volatile signed short X_G_Abs = 0 ;
  13:LSM6DS0AccelerometerGyroscopeSensor.c **** 
  14:LSM6DS0AccelerometerGyroscopeSensor.c **** volatile signed short Y_G_Abs = 0 ;
  15:LSM6DS0AccelerometerGyroscopeSensor.c **** 
  16:LSM6DS0AccelerometerGyroscopeSensor.c **** volatile signed short Z_G_Abs = 0 ;
  17:LSM6DS0AccelerometerGyroscopeSensor.c **** 
  18:LSM6DS0AccelerometerGyroscopeSensor.c **** volatile signed short X_A_Abs = 0 ;
  19:LSM6DS0AccelerometerGyroscopeSensor.c **** 
  20:LSM6DS0AccelerometerGyroscopeSensor.c **** volatile signed short Y_A_Abs = 0 ;
  21:LSM6DS0AccelerometerGyroscopeSensor.c **** 
  22:LSM6DS0AccelerometerGyroscopeSensor.c **** volatile signed short Z_A_Abs = 0 ;
  23:LSM6DS0AccelerometerGyroscopeSensor.c **** 
  24:LSM6DS0AccelerometerGyroscopeSensor.c **** uint8 I2C_LSM6DS0(uint8 Ref_Address){
  27              		.loc 1 24 0
  28              		.cfi_startproc
  29              		@ args = 0, pretend = 0, frame = 8
  30              		@ frame_needed = 0, uses_anonymous_args = 0
  31              	.LVL0:
  32 0000 00B5     		push	{lr}
  33              		.cfi_def_cfa_offset 4
ARM GAS  C:\Users\Hesham\AppData\Local\Temp\ccl0KKX5.s 			page 2


  34              		.cfi_offset 14, -4
  35 0002 83B0     		sub	sp, sp, #12
  36              		.cfi_def_cfa_offset 16
  37              	.LVL1:
  25:LSM6DS0AccelerometerGyroscopeSensor.c **** 
  26:LSM6DS0AccelerometerGyroscopeSensor.c ****     uint8 WR_Status = 0;
  27:LSM6DS0AccelerometerGyroscopeSensor.c ****     uint8 RD_Status = 0;
  28:LSM6DS0AccelerometerGyroscopeSensor.c ****     uint8 WR_Buffer[LSM6DS0_WR_BUFFER_SIZE];
  29:LSM6DS0AccelerometerGyroscopeSensor.c ****     uint8 RD_Buffer[LSM6DS0_RD_BUFFER_SIZE];
  30:LSM6DS0AccelerometerGyroscopeSensor.c **** 
  31:LSM6DS0AccelerometerGyroscopeSensor.c ****     WR_Buffer[0] = Ref_Address;
  38              		.loc 1 31 0
  39 0004 8DF80400 		strb	r0, [sp, #4]
  40              	.LVL2:
  41              	.L2:
  32:LSM6DS0AccelerometerGyroscopeSensor.c **** 
  33:LSM6DS0AccelerometerGyroscopeSensor.c ****             do
  34:LSM6DS0AccelerometerGyroscopeSensor.c ****         {
  35:LSM6DS0AccelerometerGyroscopeSensor.c ****             /* The syntax below automatically writes a buffer of data to a slave
  36:LSM6DS0AccelerometerGyroscopeSensor.c ****              * device from start to stop.
  37:LSM6DS0AccelerometerGyroscopeSensor.c ****               */
  38:LSM6DS0AccelerometerGyroscopeSensor.c ****             WR_Status = I2C_1_MasterWriteBuf(I2C_LSM6DS0_Address, (uint8 *)WR_Buffer,
  42              		.loc 1 38 0 discriminator 1
  43 0008 6B20     		movs	r0, #107
  44 000a 01A9     		add	r1, sp, #4
  45 000c 0122     		movs	r2, #1
  46 000e 0023     		movs	r3, #0
  47 0010 FFF7FEFF 		bl	I2C_1_MasterWriteBuf
  48              	.LVL3:
  39:LSM6DS0AccelerometerGyroscopeSensor.c ****                                         LSM6DS0_WR_BUFFER_SIZE, I2C_1_MODE_COMPLETE_XFER);
  40:LSM6DS0AccelerometerGyroscopeSensor.c ****         }
  41:LSM6DS0AccelerometerGyroscopeSensor.c ****         while (WR_Status != I2C_1_MSTR_NO_ERROR);
  49              		.loc 1 41 0 discriminator 1
  50 0014 0028     		cmp	r0, #0
  51 0016 F7D1     		bne	.L2
  52              	.LVL4:
  53              	.L3:
  42:LSM6DS0AccelerometerGyroscopeSensor.c **** 
  43:LSM6DS0AccelerometerGyroscopeSensor.c **** 
  44:LSM6DS0AccelerometerGyroscopeSensor.c **** 
  45:LSM6DS0AccelerometerGyroscopeSensor.c ****         /* Wait for the data transfer to complete */
  46:LSM6DS0AccelerometerGyroscopeSensor.c ****         while(I2C_1_MasterStatus() & I2C_1_MSTAT_XFER_INP);
  54              		.loc 1 46 0 discriminator 1
  55 0018 FFF7FEFF 		bl	I2C_1_MasterStatus
  56              	.LVL5:
  57 001c 10F0040F 		tst	r0, #4
  58 0020 FAD1     		bne	.L3
  47:LSM6DS0AccelerometerGyroscopeSensor.c **** 
  48:LSM6DS0AccelerometerGyroscopeSensor.c ****         WR_Status = I2C_1_MasterClearStatus();
  59              		.loc 1 48 0
  60 0022 FFF7FEFF 		bl	I2C_1_MasterClearStatus
  61              	.LVL6:
  49:LSM6DS0AccelerometerGyroscopeSensor.c **** 
  50:LSM6DS0AccelerometerGyroscopeSensor.c ****         RD_Status = I2C_1_MasterReadBuf(I2C_LSM6DS0_Address, (uint8 *)RD_Buffer,
  62              		.loc 1 50 0
  63 0026 6B20     		movs	r0, #107
  64 0028 6946     		mov	r1, sp
ARM GAS  C:\Users\Hesham\AppData\Local\Temp\ccl0KKX5.s 			page 3


  65 002a 0122     		movs	r2, #1
  66 002c 0023     		movs	r3, #0
  67 002e FFF7FEFF 		bl	I2C_1_MasterReadBuf
  68              	.LVL7:
  69              	.L4:
  51:LSM6DS0AccelerometerGyroscopeSensor.c ****                     LSM6DS0_RD_BUFFER_SIZE, I2C_1_MODE_COMPLETE_XFER);
  52:LSM6DS0AccelerometerGyroscopeSensor.c **** 
  53:LSM6DS0AccelerometerGyroscopeSensor.c ****         while (RD_Status != I2C_1_MSTR_NO_ERROR);
  70              		.loc 1 53 0 discriminator 1
  71 0032 0028     		cmp	r0, #0
  72 0034 FDD1     		bne	.L4
  73              	.LVL8:
  74              	.L5:
  54:LSM6DS0AccelerometerGyroscopeSensor.c **** 
  55:LSM6DS0AccelerometerGyroscopeSensor.c ****         /* Wait for the data transfer to complete */
  56:LSM6DS0AccelerometerGyroscopeSensor.c ****         while(I2C_1_MasterStatus() & I2C_1_MSTAT_XFER_INP);
  75              		.loc 1 56 0 discriminator 1
  76 0036 FFF7FEFF 		bl	I2C_1_MasterStatus
  77              	.LVL9:
  78 003a 10F0040F 		tst	r0, #4
  79 003e FAD1     		bne	.L5
  57:LSM6DS0AccelerometerGyroscopeSensor.c **** 
  58:LSM6DS0AccelerometerGyroscopeSensor.c ****         RD_Status = I2C_1_MasterClearStatus();
  80              		.loc 1 58 0
  81 0040 FFF7FEFF 		bl	I2C_1_MasterClearStatus
  82              	.LVL10:
  59:LSM6DS0AccelerometerGyroscopeSensor.c **** 
  60:LSM6DS0AccelerometerGyroscopeSensor.c ****         return RD_Buffer[0];
  61:LSM6DS0AccelerometerGyroscopeSensor.c **** }
  83              		.loc 1 61 0
  84 0044 9DF80000 		ldrb	r0, [sp]	@ zero_extendqisi2
  85 0048 03B0     		add	sp, sp, #12
  86              		.cfi_def_cfa_offset 4
  87              		@ sp needed
  88 004a 5DF804FB 		ldr	pc, [sp], #4
  89              		.cfi_endproc
  90              	.LFE63:
  91              		.size	I2C_LSM6DS0, .-I2C_LSM6DS0
  92 004e 00BF     		.section	.text.LSM6DS0_TEST,"ax",%progbits
  93              		.align	2
  94              		.global	LSM6DS0_TEST
  95              		.thumb
  96              		.thumb_func
  97              		.type	LSM6DS0_TEST, %function
  98              	LSM6DS0_TEST:
  99              	.LFB64:
  62:LSM6DS0AccelerometerGyroscopeSensor.c **** 
  63:LSM6DS0AccelerometerGyroscopeSensor.c **** //Testing LSM6DS0
  64:LSM6DS0AccelerometerGyroscopeSensor.c **** 
  65:LSM6DS0AccelerometerGyroscopeSensor.c **** uint16 LSM6DS0_TEST(){
 100              		.loc 1 65 0
 101              		.cfi_startproc
 102              		@ args = 0, pretend = 0, frame = 0
 103              		@ frame_needed = 0, uses_anonymous_args = 0
 104 0000 08B5     		push	{r3, lr}
 105              		.cfi_def_cfa_offset 8
 106              		.cfi_offset 3, -8
ARM GAS  C:\Users\Hesham\AppData\Local\Temp\ccl0KKX5.s 			page 4


 107              		.cfi_offset 14, -4
  66:LSM6DS0AccelerometerGyroscopeSensor.c **** 
  67:LSM6DS0AccelerometerGyroscopeSensor.c ****     return I2C_LSM6DS0(LSM6DS0_WHO_AM_I); // should be 0x68
 108              		.loc 1 67 0
 109 0002 0F20     		movs	r0, #15
 110 0004 FFF7FEFF 		bl	I2C_LSM6DS0
 111              	.LVL11:
  68:LSM6DS0AccelerometerGyroscopeSensor.c **** 
  69:LSM6DS0AccelerometerGyroscopeSensor.c **** }
 112              		.loc 1 69 0
 113 0008 08BD     		pop	{r3, pc}
 114              		.cfi_endproc
 115              	.LFE64:
 116              		.size	LSM6DS0_TEST, .-LSM6DS0_TEST
 117 000a 00BF     		.section	.text.LSM6DS0_Read_Gyrometer,"ax",%progbits
 118              		.align	2
 119              		.global	LSM6DS0_Read_Gyrometer
 120              		.thumb
 121              		.thumb_func
 122              		.type	LSM6DS0_Read_Gyrometer, %function
 123              	LSM6DS0_Read_Gyrometer:
 124              	.LFB65:
  70:LSM6DS0AccelerometerGyroscopeSensor.c **** 
  71:LSM6DS0AccelerometerGyroscopeSensor.c **** // Read Gyro
  72:LSM6DS0AccelerometerGyroscopeSensor.c **** void LSM6DS0_Read_Gyrometer(signed short* X_G, signed short* Y_G ,signed short* Z_G){
 125              		.loc 1 72 0
 126              		.cfi_startproc
 127              		@ args = 0, pretend = 0, frame = 8
 128              		@ frame_needed = 0, uses_anonymous_args = 0
 129              	.LVL12:
 130 0000 70B5     		push	{r4, r5, r6, lr}
 131              		.cfi_def_cfa_offset 16
 132              		.cfi_offset 4, -16
 133              		.cfi_offset 5, -12
 134              		.cfi_offset 6, -8
 135              		.cfi_offset 14, -4
 136 0002 82B0     		sub	sp, sp, #8
 137              		.cfi_def_cfa_offset 24
 138 0004 0646     		mov	r6, r0
 139 0006 0D46     		mov	r5, r1
 140 0008 1446     		mov	r4, r2
  73:LSM6DS0AccelerometerGyroscopeSensor.c **** 
  74:LSM6DS0AccelerometerGyroscopeSensor.c ****     volatile uint8 X_L_G;
  75:LSM6DS0AccelerometerGyroscopeSensor.c ****     volatile uint8 X_H_G;
  76:LSM6DS0AccelerometerGyroscopeSensor.c ****     volatile uint8 Y_L_G;
  77:LSM6DS0AccelerometerGyroscopeSensor.c ****     volatile uint8 Y_H_G;
  78:LSM6DS0AccelerometerGyroscopeSensor.c ****     volatile uint8 Z_L_G;
  79:LSM6DS0AccelerometerGyroscopeSensor.c ****     volatile uint8 Z_H_G;
  80:LSM6DS0AccelerometerGyroscopeSensor.c **** 
  81:LSM6DS0AccelerometerGyroscopeSensor.c **** 
  82:LSM6DS0AccelerometerGyroscopeSensor.c ****     X_H_G = I2C_LSM6DS0(LSM6DS0_OUT_X_G_H);
 141              		.loc 1 82 0
 142 000a 1920     		movs	r0, #25
 143              	.LVL13:
 144 000c FFF7FEFF 		bl	I2C_LSM6DS0
 145              	.LVL14:
 146 0010 8DF80600 		strb	r0, [sp, #6]
ARM GAS  C:\Users\Hesham\AppData\Local\Temp\ccl0KKX5.s 			page 5


  83:LSM6DS0AccelerometerGyroscopeSensor.c **** 
  84:LSM6DS0AccelerometerGyroscopeSensor.c ****     X_L_G = I2C_LSM6DS0(LSM6DS0_OUT_X_G_L);
 147              		.loc 1 84 0
 148 0014 1820     		movs	r0, #24
 149 0016 FFF7FEFF 		bl	I2C_LSM6DS0
 150              	.LVL15:
 151 001a 8DF80700 		strb	r0, [sp, #7]
  85:LSM6DS0AccelerometerGyroscopeSensor.c **** 
  86:LSM6DS0AccelerometerGyroscopeSensor.c ****     Y_H_G = I2C_LSM6DS0(LSM6DS0_OUT_Y_G_H);
 152              		.loc 1 86 0
 153 001e 1B20     		movs	r0, #27
 154 0020 FFF7FEFF 		bl	I2C_LSM6DS0
 155              	.LVL16:
 156 0024 8DF80400 		strb	r0, [sp, #4]
  87:LSM6DS0AccelerometerGyroscopeSensor.c **** 
  88:LSM6DS0AccelerometerGyroscopeSensor.c ****     Y_L_G = I2C_LSM6DS0(LSM6DS0_OUT_Y_G_L);
 157              		.loc 1 88 0
 158 0028 1A20     		movs	r0, #26
 159 002a FFF7FEFF 		bl	I2C_LSM6DS0
 160              	.LVL17:
 161 002e 8DF80500 		strb	r0, [sp, #5]
  89:LSM6DS0AccelerometerGyroscopeSensor.c **** 
  90:LSM6DS0AccelerometerGyroscopeSensor.c ****     Z_H_G = I2C_LSM6DS0(LSM6DS0_OUT_Z_G_H);
 162              		.loc 1 90 0
 163 0032 1D20     		movs	r0, #29
 164 0034 FFF7FEFF 		bl	I2C_LSM6DS0
 165              	.LVL18:
 166 0038 8DF80200 		strb	r0, [sp, #2]
  91:LSM6DS0AccelerometerGyroscopeSensor.c **** 
  92:LSM6DS0AccelerometerGyroscopeSensor.c ****     Z_L_G = I2C_LSM6DS0(LSM6DS0_OUT_Z_G_L);
 167              		.loc 1 92 0
 168 003c 1C20     		movs	r0, #28
 169 003e FFF7FEFF 		bl	I2C_LSM6DS0
 170              	.LVL19:
 171 0042 8DF80300 		strb	r0, [sp, #3]
  93:LSM6DS0AccelerometerGyroscopeSensor.c **** 
  94:LSM6DS0AccelerometerGyroscopeSensor.c **** 
  95:LSM6DS0AccelerometerGyroscopeSensor.c ****     *X_G = (X_L_G | X_H_G << 8) - X_G_Abs;
 172              		.loc 1 95 0
 173 0046 9DF80720 		ldrb	r2, [sp, #7]	@ zero_extendqisi2
 174 004a 9DF80630 		ldrb	r3, [sp, #6]	@ zero_extendqisi2
 175 004e 0D49     		ldr	r1, .L11
 176 0050 0888     		ldrh	r0, [r1]
 177 0052 42EA0323 		orr	r3, r2, r3, lsl #8
 178 0056 1B1A     		subs	r3, r3, r0
 179 0058 3380     		strh	r3, [r6]	@ movhi
  96:LSM6DS0AccelerometerGyroscopeSensor.c ****     *Y_G = (Y_L_G | Y_H_G << 8) - Y_G_Abs;
 180              		.loc 1 96 0
 181 005a 9DF80520 		ldrb	r2, [sp, #5]	@ zero_extendqisi2
 182 005e 9DF80430 		ldrb	r3, [sp, #4]	@ zero_extendqisi2
 183 0062 4888     		ldrh	r0, [r1, #2]
 184 0064 42EA0323 		orr	r3, r2, r3, lsl #8
 185 0068 1B1A     		subs	r3, r3, r0
 186 006a 2B80     		strh	r3, [r5]	@ movhi
  97:LSM6DS0AccelerometerGyroscopeSensor.c ****     *Z_G = (Z_L_G | Z_H_G << 8) - Z_G_Abs;
 187              		.loc 1 97 0
 188 006c 9DF80320 		ldrb	r2, [sp, #3]	@ zero_extendqisi2
ARM GAS  C:\Users\Hesham\AppData\Local\Temp\ccl0KKX5.s 			page 6


 189 0070 9DF80230 		ldrb	r3, [sp, #2]	@ zero_extendqisi2
 190 0074 8988     		ldrh	r1, [r1, #4]
 191 0076 42EA0323 		orr	r3, r2, r3, lsl #8
 192 007a 5B1A     		subs	r3, r3, r1
 193 007c 2380     		strh	r3, [r4]	@ movhi
  98:LSM6DS0AccelerometerGyroscopeSensor.c **** 
  99:LSM6DS0AccelerometerGyroscopeSensor.c **** }
 194              		.loc 1 99 0
 195 007e 02B0     		add	sp, sp, #8
 196              		.cfi_def_cfa_offset 16
 197              		@ sp needed
 198 0080 70BD     		pop	{r4, r5, r6, pc}
 199              	.LVL20:
 200              	.L12:
 201 0082 00BF     		.align	2
 202              	.L11:
 203 0084 00000000 		.word	.LANCHOR0
 204              		.cfi_endproc
 205              	.LFE65:
 206              		.size	LSM6DS0_Read_Gyrometer, .-LSM6DS0_Read_Gyrometer
 207              		.section	.text.LSM6DS0_Read_Acelerometer,"ax",%progbits
 208              		.align	2
 209              		.global	LSM6DS0_Read_Acelerometer
 210              		.thumb
 211              		.thumb_func
 212              		.type	LSM6DS0_Read_Acelerometer, %function
 213              	LSM6DS0_Read_Acelerometer:
 214              	.LFB66:
 100:LSM6DS0AccelerometerGyroscopeSensor.c **** 
 101:LSM6DS0AccelerometerGyroscopeSensor.c **** // Read Accelerometer
 102:LSM6DS0AccelerometerGyroscopeSensor.c **** 
 103:LSM6DS0AccelerometerGyroscopeSensor.c **** void LSM6DS0_Read_Acelerometer(signed short* X_A, signed short* Y_A ,signed short* Z_A){
 215              		.loc 1 103 0
 216              		.cfi_startproc
 217              		@ args = 0, pretend = 0, frame = 8
 218              		@ frame_needed = 0, uses_anonymous_args = 0
 219              	.LVL21:
 220 0000 70B5     		push	{r4, r5, r6, lr}
 221              		.cfi_def_cfa_offset 16
 222              		.cfi_offset 4, -16
 223              		.cfi_offset 5, -12
 224              		.cfi_offset 6, -8
 225              		.cfi_offset 14, -4
 226 0002 82B0     		sub	sp, sp, #8
 227              		.cfi_def_cfa_offset 24
 228 0004 0646     		mov	r6, r0
 229 0006 0D46     		mov	r5, r1
 230 0008 1446     		mov	r4, r2
 104:LSM6DS0AccelerometerGyroscopeSensor.c **** 
 105:LSM6DS0AccelerometerGyroscopeSensor.c ****     volatile uint8 X_L_A;
 106:LSM6DS0AccelerometerGyroscopeSensor.c ****     volatile uint8 X_H_A;
 107:LSM6DS0AccelerometerGyroscopeSensor.c ****     volatile uint8 Y_L_A;
 108:LSM6DS0AccelerometerGyroscopeSensor.c ****     volatile uint8 Y_H_A;
 109:LSM6DS0AccelerometerGyroscopeSensor.c ****     volatile uint8 Z_L_A;
 110:LSM6DS0AccelerometerGyroscopeSensor.c ****     volatile uint8 Z_H_A;
 111:LSM6DS0AccelerometerGyroscopeSensor.c **** 
 112:LSM6DS0AccelerometerGyroscopeSensor.c ****     X_H_A = I2C_LSM6DS0(LSM6DS0_OUT_X_A_H);
ARM GAS  C:\Users\Hesham\AppData\Local\Temp\ccl0KKX5.s 			page 7


 231              		.loc 1 112 0
 232 000a 2920     		movs	r0, #41
 233              	.LVL22:
 234 000c FFF7FEFF 		bl	I2C_LSM6DS0
 235              	.LVL23:
 236 0010 8DF80600 		strb	r0, [sp, #6]
 113:LSM6DS0AccelerometerGyroscopeSensor.c **** 
 114:LSM6DS0AccelerometerGyroscopeSensor.c ****     X_L_A = I2C_LSM6DS0(LSM6DS0_OUT_X_A_L);
 237              		.loc 1 114 0
 238 0014 2820     		movs	r0, #40
 239 0016 FFF7FEFF 		bl	I2C_LSM6DS0
 240              	.LVL24:
 241 001a 8DF80700 		strb	r0, [sp, #7]
 115:LSM6DS0AccelerometerGyroscopeSensor.c **** 
 116:LSM6DS0AccelerometerGyroscopeSensor.c ****     Y_H_A = I2C_LSM6DS0(LSM6DS0_OUT_Y_A_H);
 242              		.loc 1 116 0
 243 001e 2B20     		movs	r0, #43
 244 0020 FFF7FEFF 		bl	I2C_LSM6DS0
 245              	.LVL25:
 246 0024 8DF80400 		strb	r0, [sp, #4]
 117:LSM6DS0AccelerometerGyroscopeSensor.c **** 
 118:LSM6DS0AccelerometerGyroscopeSensor.c ****     Y_L_A = I2C_LSM6DS0(LSM6DS0_OUT_Y_A_L);
 247              		.loc 1 118 0
 248 0028 2A20     		movs	r0, #42
 249 002a FFF7FEFF 		bl	I2C_LSM6DS0
 250              	.LVL26:
 251 002e 8DF80500 		strb	r0, [sp, #5]
 119:LSM6DS0AccelerometerGyroscopeSensor.c **** 
 120:LSM6DS0AccelerometerGyroscopeSensor.c ****     Z_H_A = I2C_LSM6DS0(LSM6DS0_OUT_Z_A_H);
 252              		.loc 1 120 0
 253 0032 2D20     		movs	r0, #45
 254 0034 FFF7FEFF 		bl	I2C_LSM6DS0
 255              	.LVL27:
 256 0038 8DF80200 		strb	r0, [sp, #2]
 121:LSM6DS0AccelerometerGyroscopeSensor.c **** 
 122:LSM6DS0AccelerometerGyroscopeSensor.c ****     Z_L_A = I2C_LSM6DS0(LSM6DS0_OUT_Z_A_L);
 257              		.loc 1 122 0
 258 003c 2C20     		movs	r0, #44
 259 003e FFF7FEFF 		bl	I2C_LSM6DS0
 260              	.LVL28:
 261 0042 8DF80300 		strb	r0, [sp, #3]
 123:LSM6DS0AccelerometerGyroscopeSensor.c **** 
 124:LSM6DS0AccelerometerGyroscopeSensor.c ****     *X_A = X_L_A | X_H_A << 8 - X_A_Abs;
 262              		.loc 1 124 0
 263 0046 9DF80700 		ldrb	r0, [sp, #7]	@ zero_extendqisi2
 264 004a 9DF80630 		ldrb	r3, [sp, #6]	@ zero_extendqisi2
 265 004e DBB2     		uxtb	r3, r3
 266 0050 1049     		ldr	r1, .L15
 267 0052 CA88     		ldrh	r2, [r1, #6]
 268 0054 12B2     		sxth	r2, r2
 269 0056 C2F10802 		rsb	r2, r2, #8
 270 005a 9340     		lsls	r3, r3, r2
 271 005c 0343     		orrs	r3, r3, r0
 272 005e 3380     		strh	r3, [r6]	@ movhi
 125:LSM6DS0AccelerometerGyroscopeSensor.c **** 
 126:LSM6DS0AccelerometerGyroscopeSensor.c ****     *Y_A = Y_L_A | Y_H_A << 8 - Y_A_Abs;
 273              		.loc 1 126 0
ARM GAS  C:\Users\Hesham\AppData\Local\Temp\ccl0KKX5.s 			page 8


 274 0060 9DF80500 		ldrb	r0, [sp, #5]	@ zero_extendqisi2
 275 0064 9DF80430 		ldrb	r3, [sp, #4]	@ zero_extendqisi2
 276 0068 DBB2     		uxtb	r3, r3
 277 006a 0A89     		ldrh	r2, [r1, #8]
 278 006c 12B2     		sxth	r2, r2
 279 006e C2F10802 		rsb	r2, r2, #8
 280 0072 9340     		lsls	r3, r3, r2
 281 0074 0343     		orrs	r3, r3, r0
 282 0076 2B80     		strh	r3, [r5]	@ movhi
 127:LSM6DS0AccelerometerGyroscopeSensor.c **** 
 128:LSM6DS0AccelerometerGyroscopeSensor.c ****     *Z_A = Z_L_A | Z_H_A << 8 - Z_A_Abs;
 283              		.loc 1 128 0
 284 0078 9DF80300 		ldrb	r0, [sp, #3]	@ zero_extendqisi2
 285 007c 9DF80230 		ldrb	r3, [sp, #2]	@ zero_extendqisi2
 286 0080 DBB2     		uxtb	r3, r3
 287 0082 4A89     		ldrh	r2, [r1, #10]
 288 0084 12B2     		sxth	r2, r2
 289 0086 C2F10802 		rsb	r2, r2, #8
 290 008a 9340     		lsls	r3, r3, r2
 291 008c 0343     		orrs	r3, r3, r0
 292 008e 2380     		strh	r3, [r4]	@ movhi
 129:LSM6DS0AccelerometerGyroscopeSensor.c **** 
 130:LSM6DS0AccelerometerGyroscopeSensor.c **** }
 293              		.loc 1 130 0
 294 0090 02B0     		add	sp, sp, #8
 295              		.cfi_def_cfa_offset 16
 296              		@ sp needed
 297 0092 70BD     		pop	{r4, r5, r6, pc}
 298              	.LVL29:
 299              	.L16:
 300              		.align	2
 301              	.L15:
 302 0094 00000000 		.word	.LANCHOR0
 303              		.cfi_endproc
 304              	.LFE66:
 305              		.size	LSM6DS0_Read_Acelerometer, .-LSM6DS0_Read_Acelerometer
 306              		.section	.text.Init_LSM6DS0,"ax",%progbits
 307              		.align	2
 308              		.global	Init_LSM6DS0
 309              		.thumb
 310              		.thumb_func
 311              		.type	Init_LSM6DS0, %function
 312              	Init_LSM6DS0:
 313              	.LFB67:
 131:LSM6DS0AccelerometerGyroscopeSensor.c **** 
 132:LSM6DS0AccelerometerGyroscopeSensor.c **** // Init LSM6DS0
 133:LSM6DS0AccelerometerGyroscopeSensor.c **** 
 134:LSM6DS0AccelerometerGyroscopeSensor.c **** void Init_LSM6DS0(){
 314              		.loc 1 134 0
 315              		.cfi_startproc
 316              		@ args = 0, pretend = 0, frame = 8
 317              		@ frame_needed = 0, uses_anonymous_args = 0
 318 0000 10B5     		push	{r4, lr}
 319              		.cfi_def_cfa_offset 8
 320              		.cfi_offset 4, -8
 321              		.cfi_offset 14, -4
 322 0002 82B0     		sub	sp, sp, #8
ARM GAS  C:\Users\Hesham\AppData\Local\Temp\ccl0KKX5.s 			page 9


 323              		.cfi_def_cfa_offset 16
 324              	.LVL30:
 135:LSM6DS0AccelerometerGyroscopeSensor.c **** 
 136:LSM6DS0AccelerometerGyroscopeSensor.c ****     uint8 WR_Status = 0;
 137:LSM6DS0AccelerometerGyroscopeSensor.c ****     uint8 WR_Buffer[Init_LSM6DS0_WR_BUFFER_SIZE];
 138:LSM6DS0AccelerometerGyroscopeSensor.c **** 
 139:LSM6DS0AccelerometerGyroscopeSensor.c ****     WR_Buffer[0] = LSM6DS0_CTRL_REG1_G;
 325              		.loc 1 139 0
 326 0004 1023     		movs	r3, #16
 327 0006 8DF80430 		strb	r3, [sp, #4]
 140:LSM6DS0AccelerometerGyroscopeSensor.c ****     WR_Buffer[1] = LSM6DS0_ODR_ON;
 328              		.loc 1 140 0
 329 000a 8023     		movs	r3, #128
 330 000c 8DF80530 		strb	r3, [sp, #5]
 331              	.LVL31:
 332              	.L18:
 141:LSM6DS0AccelerometerGyroscopeSensor.c **** 
 142:LSM6DS0AccelerometerGyroscopeSensor.c ****     // Access Register
 143:LSM6DS0AccelerometerGyroscopeSensor.c **** 
 144:LSM6DS0AccelerometerGyroscopeSensor.c ****     do
 145:LSM6DS0AccelerometerGyroscopeSensor.c ****         {
 146:LSM6DS0AccelerometerGyroscopeSensor.c ****             WR_Status = I2C_1_MasterWriteBuf(I2C_LSM6DS0_Address, (uint8 *)WR_Buffer,
 333              		.loc 1 146 0 discriminator 1
 334 0010 6B20     		movs	r0, #107
 335 0012 01A9     		add	r1, sp, #4
 336 0014 0222     		movs	r2, #2
 337 0016 0023     		movs	r3, #0
 338 0018 FFF7FEFF 		bl	I2C_1_MasterWriteBuf
 339              	.LVL32:
 147:LSM6DS0AccelerometerGyroscopeSensor.c ****                                         Init_LSM6DS0_WR_BUFFER_SIZE, I2C_1_MODE_COMPLETE_XFER);
 148:LSM6DS0AccelerometerGyroscopeSensor.c ****         }
 149:LSM6DS0AccelerometerGyroscopeSensor.c ****         while (WR_Status != I2C_1_MSTR_NO_ERROR);
 340              		.loc 1 149 0 discriminator 1
 341 001c 0028     		cmp	r0, #0
 342 001e F7D1     		bne	.L18
 150:LSM6DS0AccelerometerGyroscopeSensor.c **** 
 151:LSM6DS0AccelerometerGyroscopeSensor.c ****         LSM6DS0_Read_Acelerometer(&X_A_Abs ,&Y_A_Abs ,&Z_A_Abs);
 343              		.loc 1 151 0
 344 0020 074C     		ldr	r4, .L20
 345 0022 A01D     		adds	r0, r4, #6
 346              	.LVL33:
 347 0024 04F10801 		add	r1, r4, #8
 348 0028 04F10A02 		add	r2, r4, #10
 349 002c FFF7FEFF 		bl	LSM6DS0_Read_Acelerometer
 350              	.LVL34:
 152:LSM6DS0AccelerometerGyroscopeSensor.c **** 
 153:LSM6DS0AccelerometerGyroscopeSensor.c ****         LSM6DS0_Read_Gyrometer(&X_G_Abs ,&Y_G_Abs ,&Z_G_Abs);
 351              		.loc 1 153 0
 352 0030 2046     		mov	r0, r4
 353 0032 A11C     		adds	r1, r4, #2
 354 0034 221D     		adds	r2, r4, #4
 355 0036 FFF7FEFF 		bl	LSM6DS0_Read_Gyrometer
 356              	.LVL35:
 154:LSM6DS0AccelerometerGyroscopeSensor.c ****         
 155:LSM6DS0AccelerometerGyroscopeSensor.c **** }...
 357              		.loc 1 155 0
 358 003a 02B0     		add	sp, sp, #8
ARM GAS  C:\Users\Hesham\AppData\Local\Temp\ccl0KKX5.s 			page 10


 359              		.cfi_def_cfa_offset 8
 360              		@ sp needed
 361 003c 10BD     		pop	{r4, pc}
 362              	.L21:
 363 003e 00BF     		.align	2
 364              	.L20:
 365 0040 00000000 		.word	.LANCHOR0
 366              		.cfi_endproc
 367              	.LFE67:
 368              		.size	Init_LSM6DS0, .-Init_LSM6DS0
 369              		.global	Z_A_Abs
 370              		.global	Y_A_Abs
 371              		.global	X_A_Abs
 372              		.global	Z_G_Abs
 373              		.global	Y_G_Abs
 374              		.global	X_G_Abs
 375              		.bss
 376              		.align	1
 377              		.set	.LANCHOR0,. + 0
 378              		.type	X_G_Abs, %object
 379              		.size	X_G_Abs, 2
 380              	X_G_Abs:
 381 0000 0000     		.space	2
 382              		.type	Y_G_Abs, %object
 383              		.size	Y_G_Abs, 2
 384              	Y_G_Abs:
 385 0002 0000     		.space	2
 386              		.type	Z_G_Abs, %object
 387              		.size	Z_G_Abs, 2
 388              	Z_G_Abs:
 389 0004 0000     		.space	2
 390              		.type	X_A_Abs, %object
 391              		.size	X_A_Abs, 2
 392              	X_A_Abs:
 393 0006 0000     		.space	2
 394              		.type	Y_A_Abs, %object
 395              		.size	Y_A_Abs, 2
 396              	Y_A_Abs:
 397 0008 0000     		.space	2
 398              		.type	Z_A_Abs, %object
 399              		.size	Z_A_Abs, 2
 400              	Z_A_Abs:
 401 000a 0000     		.space	2
 402              		.text
 403              	.Letext0:
 404              		.file 2 "c:\\program files (x86)\\cypress\\psoc creator\\4.0\\psoc creator\\import\\gnu\\arm\\4.9.
 405              		.file 3 "c:\\program files (x86)\\cypress\\psoc creator\\4.0\\psoc creator\\import\\gnu\\arm\\4.9.
 406              		.file 4 "Generated_Source\\PSoC5/cytypes.h"
 407              		.file 5 "Generated_Source\\PSoC5/core_cm3.h"
 408              		.file 6 "Generated_Source\\PSoC5/I2C_1.h"
 409              		.section	.debug_info,"",%progbits
 410              	.Ldebug_info0:
 411 0000 54050000 		.4byte	0x554
 412 0004 0400     		.2byte	0x4
 413 0006 00000000 		.4byte	.Ldebug_abbrev0
 414 000a 04       		.byte	0x4
 415 000b 01       		.uleb128 0x1
ARM GAS  C:\Users\Hesham\AppData\Local\Temp\ccl0KKX5.s 			page 11


 416 000c 5D010000 		.4byte	.LASF46
 417 0010 01       		.byte	0x1
 418 0011 13010000 		.4byte	.LASF47
 419 0015 C4020000 		.4byte	.LASF48
 420 0019 00000000 		.4byte	.Ldebug_ranges0+0
 421 001d 00000000 		.4byte	0
 422 0021 00000000 		.4byte	.Ldebug_line0
 423 0025 02       		.uleb128 0x2
 424 0026 01       		.byte	0x1
 425 0027 06       		.byte	0x6
 426 0028 1C030000 		.4byte	.LASF0
 427 002c 02       		.uleb128 0x2
 428 002d 01       		.byte	0x1
 429 002e 08       		.byte	0x8
 430 002f 9A000000 		.4byte	.LASF1
 431 0033 02       		.uleb128 0x2
 432 0034 02       		.byte	0x2
 433 0035 05       		.byte	0x5
 434 0036 6C020000 		.4byte	.LASF2
 435 003a 02       		.uleb128 0x2
 436 003b 02       		.byte	0x2
 437 003c 07       		.byte	0x7
 438 003d C0000000 		.4byte	.LASF3
 439 0041 03       		.uleb128 0x3
 440 0042 33000000 		.4byte	.LASF9
 441 0046 02       		.byte	0x2
 442 0047 3F       		.byte	0x3f
 443 0048 4C000000 		.4byte	0x4c
 444 004c 02       		.uleb128 0x2
 445 004d 04       		.byte	0x4
 446 004e 05       		.byte	0x5
 447 004f 9C020000 		.4byte	.LASF4
 448 0053 02       		.uleb128 0x2
 449 0054 04       		.byte	0x4
 450 0055 07       		.byte	0x7
 451 0056 A8000000 		.4byte	.LASF5
 452 005a 02       		.uleb128 0x2
 453 005b 08       		.byte	0x8
 454 005c 05       		.byte	0x5
 455 005d 45020000 		.4byte	.LASF6
 456 0061 02       		.uleb128 0x2
 457 0062 08       		.byte	0x8
 458 0063 07       		.byte	0x7
 459 0064 04020000 		.4byte	.LASF7
 460 0068 04       		.uleb128 0x4
 461 0069 04       		.byte	0x4
 462 006a 05       		.byte	0x5
 463 006b 696E7400 		.ascii	"int\000"
 464 006f 02       		.uleb128 0x2
 465 0070 04       		.byte	0x4
 466 0071 07       		.byte	0x7
 467 0072 F1010000 		.4byte	.LASF8
 468 0076 03       		.uleb128 0x3
 469 0077 6F000000 		.4byte	.LASF10
 470 007b 03       		.byte	0x3
 471 007c 2C       		.byte	0x2c
 472 007d 41000000 		.4byte	0x41
ARM GAS  C:\Users\Hesham\AppData\Local\Temp\ccl0KKX5.s 			page 12


 473 0081 05       		.uleb128 0x5
 474 0082 8E020000 		.4byte	.LASF11
 475 0086 04       		.byte	0x4
 476 0087 9201     		.2byte	0x192
 477 0089 2C000000 		.4byte	0x2c
 478 008d 05       		.uleb128 0x5
 479 008e F2000000 		.4byte	.LASF12
 480 0092 04       		.byte	0x4
 481 0093 9301     		.2byte	0x193
 482 0095 3A000000 		.4byte	0x3a
 483 0099 02       		.uleb128 0x2
 484 009a 04       		.byte	0x4
 485 009b 04       		.byte	0x4
 486 009c 8C000000 		.4byte	.LASF13
 487 00a0 02       		.uleb128 0x2
 488 00a1 08       		.byte	0x8
 489 00a2 04       		.byte	0x4
 490 00a3 EB000000 		.4byte	.LASF14
 491 00a7 02       		.uleb128 0x2
 492 00a8 01       		.byte	0x1
 493 00a9 08       		.byte	0x8
 494 00aa 53020000 		.4byte	.LASF15
 495 00ae 06       		.uleb128 0x6
 496 00af 81000000 		.4byte	0x81
 497 00b3 02       		.uleb128 0x2
 498 00b4 04       		.byte	0x4
 499 00b5 07       		.byte	0x7
 500 00b6 3C020000 		.4byte	.LASF16
 501 00ba 07       		.uleb128 0x7
 502 00bb B8020000 		.4byte	.LASF49
 503 00bf 01       		.byte	0x1
 504 00c0 18       		.byte	0x18
 505 00c1 81000000 		.4byte	0x81
 506 00c5 00000000 		.4byte	.LFB63
 507 00c9 4E000000 		.4byte	.LFE63-.LFB63
 508 00cd 01       		.uleb128 0x1
 509 00ce 9C       		.byte	0x9c
 510 00cf 89010000 		.4byte	0x189
 511 00d3 08       		.uleb128 0x8
 512 00d4 1A000000 		.4byte	.LASF23
 513 00d8 01       		.byte	0x1
 514 00d9 18       		.byte	0x18
 515 00da 81000000 		.4byte	0x81
 516 00de 00000000 		.4byte	.LLST0
 517 00e2 09       		.uleb128 0x9
 518 00e3 DB000000 		.4byte	.LASF17
 519 00e7 01       		.byte	0x1
 520 00e8 1A       		.byte	0x1a
 521 00e9 81000000 		.4byte	0x81
 522 00ed 21000000 		.4byte	.LLST1
 523 00f1 09       		.uleb128 0x9
 524 00f2 0A000000 		.4byte	.LASF18
 525 00f6 01       		.byte	0x1
 526 00f7 1B       		.byte	0x1b
 527 00f8 81000000 		.4byte	0x81
 528 00fc 40000000 		.4byte	.LLST2
 529 0100 0A       		.uleb128 0xa
ARM GAS  C:\Users\Hesham\AppData\Local\Temp\ccl0KKX5.s 			page 13


 530 0101 00000000 		.4byte	.LASF19
 531 0105 01       		.byte	0x1
 532 0106 1C       		.byte	0x1c
 533 0107 89010000 		.4byte	0x189
 534 010b 02       		.uleb128 0x2
 535 010c 91       		.byte	0x91
 536 010d 74       		.sleb128 -12
 537 010e 0A       		.uleb128 0xa
 538 010f 3D000000 		.4byte	.LASF20
 539 0113 01       		.byte	0x1
 540 0114 1D       		.byte	0x1d
 541 0115 89010000 		.4byte	0x189
 542 0119 02       		.uleb128 0x2
 543 011a 91       		.byte	0x91
 544 011b 70       		.sleb128 -16
 545 011c 0B       		.uleb128 0xb
 546 011d 14000000 		.4byte	.LVL3
 547 0121 F7040000 		.4byte	0x4f7
 548 0125 40010000 		.4byte	0x140
 549 0129 0C       		.uleb128 0xc
 550 012a 01       		.uleb128 0x1
 551 012b 53       		.byte	0x53
 552 012c 01       		.uleb128 0x1
 553 012d 30       		.byte	0x30
 554 012e 0C       		.uleb128 0xc
 555 012f 01       		.uleb128 0x1
 556 0130 52       		.byte	0x52
 557 0131 01       		.uleb128 0x1
 558 0132 31       		.byte	0x31
 559 0133 0C       		.uleb128 0xc
 560 0134 01       		.uleb128 0x1
 561 0135 51       		.byte	0x51
 562 0136 02       		.uleb128 0x2
 563 0137 91       		.byte	0x91
 564 0138 74       		.sleb128 -12
 565 0139 0C       		.uleb128 0xc
 566 013a 01       		.uleb128 0x1
 567 013b 50       		.byte	0x50
 568 013c 02       		.uleb128 0x2
 569 013d 08       		.byte	0x8
 570 013e 6B       		.byte	0x6b
 571 013f 00       		.byte	0
 572 0140 0D       		.uleb128 0xd
 573 0141 1C000000 		.4byte	.LVL5
 574 0145 21050000 		.4byte	0x521
 575 0149 0D       		.uleb128 0xd
 576 014a 26000000 		.4byte	.LVL6
 577 014e 2C050000 		.4byte	0x52c
 578 0152 0B       		.uleb128 0xb
 579 0153 32000000 		.4byte	.LVL7
 580 0157 37050000 		.4byte	0x537
 581 015b 76010000 		.4byte	0x176
 582 015f 0C       		.uleb128 0xc
 583 0160 01       		.uleb128 0x1
 584 0161 53       		.byte	0x53
 585 0162 01       		.uleb128 0x1
 586 0163 30       		.byte	0x30
ARM GAS  C:\Users\Hesham\AppData\Local\Temp\ccl0KKX5.s 			page 14


 587 0164 0C       		.uleb128 0xc
 588 0165 01       		.uleb128 0x1
 589 0166 52       		.byte	0x52
 590 0167 01       		.uleb128 0x1
 591 0168 31       		.byte	0x31
 592 0169 0C       		.uleb128 0xc
 593 016a 01       		.uleb128 0x1
 594 016b 51       		.byte	0x51
 595 016c 02       		.uleb128 0x2
 596 016d 7D       		.byte	0x7d
 597 016e 00       		.sleb128 0
 598 016f 0C       		.uleb128 0xc
 599 0170 01       		.uleb128 0x1
 600 0171 50       		.byte	0x50
 601 0172 02       		.uleb128 0x2
 602 0173 08       		.byte	0x8
 603 0174 6B       		.byte	0x6b
 604 0175 00       		.byte	0
 605 0176 0D       		.uleb128 0xd
 606 0177 3A000000 		.4byte	.LVL9
 607 017b 21050000 		.4byte	0x521
 608 017f 0D       		.uleb128 0xd
 609 0180 44000000 		.4byte	.LVL10
 610 0184 2C050000 		.4byte	0x52c
 611 0188 00       		.byte	0
 612 0189 0E       		.uleb128 0xe
 613 018a 81000000 		.4byte	0x81
 614 018e 99010000 		.4byte	0x199
 615 0192 0F       		.uleb128 0xf
 616 0193 B3000000 		.4byte	0xb3
 617 0197 00       		.byte	0
 618 0198 00       		.byte	0
 619 0199 10       		.uleb128 0x10
 620 019a 2F020000 		.4byte	.LASF21
 621 019e 01       		.byte	0x1
 622 019f 41       		.byte	0x41
 623 01a0 8D000000 		.4byte	0x8d
 624 01a4 00000000 		.4byte	.LFB64
 625 01a8 0A000000 		.4byte	.LFE64-.LFB64
 626 01ac 01       		.uleb128 0x1
 627 01ad 9C       		.byte	0x9c
 628 01ae C2010000 		.4byte	0x1c2
 629 01b2 11       		.uleb128 0x11
 630 01b3 08000000 		.4byte	.LVL11
 631 01b7 BA000000 		.4byte	0xba
 632 01bb 0C       		.uleb128 0xc
 633 01bc 01       		.uleb128 0x1
 634 01bd 50       		.byte	0x50
 635 01be 01       		.uleb128 0x1
 636 01bf 3F       		.byte	0x3f
 637 01c0 00       		.byte	0
 638 01c1 00       		.byte	0
 639 01c2 12       		.uleb128 0x12
 640 01c3 39010000 		.4byte	.LASF22
 641 01c7 01       		.byte	0x1
 642 01c8 48       		.byte	0x48
 643 01c9 00000000 		.4byte	.LFB65
ARM GAS  C:\Users\Hesham\AppData\Local\Temp\ccl0KKX5.s 			page 15


 644 01cd 88000000 		.4byte	.LFE65-.LFB65
 645 01d1 01       		.uleb128 0x1
 646 01d2 9C       		.byte	0x9c
 647 01d3 C7020000 		.4byte	0x2c7
 648 01d7 13       		.uleb128 0x13
 649 01d8 585F4700 		.ascii	"X_G\000"
 650 01dc 01       		.byte	0x1
 651 01dd 48       		.byte	0x48
 652 01de C7020000 		.4byte	0x2c7
 653 01e2 5F000000 		.4byte	.LLST3
 654 01e6 13       		.uleb128 0x13
 655 01e7 595F4700 		.ascii	"Y_G\000"
 656 01eb 01       		.byte	0x1
 657 01ec 48       		.byte	0x48
 658 01ed C7020000 		.4byte	0x2c7
 659 01f1 8B000000 		.4byte	.LLST4
 660 01f5 13       		.uleb128 0x13
 661 01f6 5A5F4700 		.ascii	"Z_G\000"
 662 01fa 01       		.byte	0x1
 663 01fb 48       		.byte	0x48
 664 01fc C7020000 		.4byte	0x2c7
 665 0200 B7000000 		.4byte	.LLST5
 666 0204 0A       		.uleb128 0xa
 667 0205 EB010000 		.4byte	.LASF24
 668 0209 01       		.byte	0x1
 669 020a 4A       		.byte	0x4a
 670 020b AE000000 		.4byte	0xae
 671 020f 02       		.uleb128 0x2
 672 0210 91       		.byte	0x91
 673 0211 6F       		.sleb128 -17
 674 0212 0A       		.uleb128 0xa
 675 0213 47000000 		.4byte	.LASF25
 676 0217 01       		.byte	0x1
 677 0218 4B       		.byte	0x4b
 678 0219 AE000000 		.4byte	0xae
 679 021d 02       		.uleb128 0x2
 680 021e 91       		.byte	0x91
 681 021f 6E       		.sleb128 -18
 682 0220 0A       		.uleb128 0xa
 683 0221 66020000 		.4byte	.LASF26
 684 0225 01       		.byte	0x1
 685 0226 4C       		.byte	0x4c
 686 0227 AE000000 		.4byte	0xae
 687 022b 02       		.uleb128 0x2
 688 022c 91       		.byte	0x91
 689 022d 6D       		.sleb128 -19
 690 022e 0A       		.uleb128 0xa
 691 022f E5000000 		.4byte	.LASF27
 692 0233 01       		.byte	0x1
 693 0234 4D       		.byte	0x4d
 694 0235 AE000000 		.4byte	0xae
 695 0239 02       		.uleb128 0x2
 696 023a 91       		.byte	0x91
 697 023b 6C       		.sleb128 -20
 698 023c 0A       		.uleb128 0xa
 699 023d 14000000 		.4byte	.LASF28
 700 0241 01       		.byte	0x1
ARM GAS  C:\Users\Hesham\AppData\Local\Temp\ccl0KKX5.s 			page 16


 701 0242 4E       		.byte	0x4e
 702 0243 AE000000 		.4byte	0xae
 703 0247 02       		.uleb128 0x2
 704 0248 91       		.byte	0x91
 705 0249 6B       		.sleb128 -21
 706 024a 0A       		.uleb128 0xa
 707 024b 21020000 		.4byte	.LASF29
 708 024f 01       		.byte	0x1
 709 0250 4F       		.byte	0x4f
 710 0251 AE000000 		.4byte	0xae
 711 0255 02       		.uleb128 0x2
 712 0256 91       		.byte	0x91
 713 0257 6A       		.sleb128 -22
 714 0258 0B       		.uleb128 0xb
 715 0259 10000000 		.4byte	.LVL14
 716 025d BA000000 		.4byte	0xba
 717 0261 6B020000 		.4byte	0x26b
 718 0265 0C       		.uleb128 0xc
 719 0266 01       		.uleb128 0x1
 720 0267 50       		.byte	0x50
 721 0268 01       		.uleb128 0x1
 722 0269 49       		.byte	0x49
 723 026a 00       		.byte	0
 724 026b 0B       		.uleb128 0xb
 725 026c 1A000000 		.4byte	.LVL15
 726 0270 BA000000 		.4byte	0xba
 727 0274 7E020000 		.4byte	0x27e
 728 0278 0C       		.uleb128 0xc
 729 0279 01       		.uleb128 0x1
 730 027a 50       		.byte	0x50
 731 027b 01       		.uleb128 0x1
 732 027c 48       		.byte	0x48
 733 027d 00       		.byte	0
 734 027e 0B       		.uleb128 0xb
 735 027f 24000000 		.4byte	.LVL16
 736 0283 BA000000 		.4byte	0xba
 737 0287 91020000 		.4byte	0x291
 738 028b 0C       		.uleb128 0xc
 739 028c 01       		.uleb128 0x1
 740 028d 50       		.byte	0x50
 741 028e 01       		.uleb128 0x1
 742 028f 4B       		.byte	0x4b
 743 0290 00       		.byte	0
 744 0291 0B       		.uleb128 0xb
 745 0292 2E000000 		.4byte	.LVL17
 746 0296 BA000000 		.4byte	0xba
 747 029a A4020000 		.4byte	0x2a4
 748 029e 0C       		.uleb128 0xc
 749 029f 01       		.uleb128 0x1
 750 02a0 50       		.byte	0x50
 751 02a1 01       		.uleb128 0x1
 752 02a2 4A       		.byte	0x4a
 753 02a3 00       		.byte	0
 754 02a4 0B       		.uleb128 0xb
 755 02a5 38000000 		.4byte	.LVL18
 756 02a9 BA000000 		.4byte	0xba
 757 02ad B7020000 		.4byte	0x2b7
ARM GAS  C:\Users\Hesham\AppData\Local\Temp\ccl0KKX5.s 			page 17


 758 02b1 0C       		.uleb128 0xc
 759 02b2 01       		.uleb128 0x1
 760 02b3 50       		.byte	0x50
 761 02b4 01       		.uleb128 0x1
 762 02b5 4D       		.byte	0x4d
 763 02b6 00       		.byte	0
 764 02b7 11       		.uleb128 0x11
 765 02b8 42000000 		.4byte	.LVL19
 766 02bc BA000000 		.4byte	0xba
 767 02c0 0C       		.uleb128 0xc
 768 02c1 01       		.uleb128 0x1
 769 02c2 50       		.byte	0x50
 770 02c3 01       		.uleb128 0x1
 771 02c4 4C       		.byte	0x4c
 772 02c5 00       		.byte	0
 773 02c6 00       		.byte	0
 774 02c7 14       		.uleb128 0x14
 775 02c8 04       		.byte	0x4
 776 02c9 33000000 		.4byte	0x33
 777 02cd 12       		.uleb128 0x12
 778 02ce 55000000 		.4byte	.LASF30
 779 02d2 01       		.byte	0x1
 780 02d3 67       		.byte	0x67
 781 02d4 00000000 		.4byte	.LFB66
 782 02d8 98000000 		.4byte	.LFE66-.LFB66
 783 02dc 01       		.uleb128 0x1
 784 02dd 9C       		.byte	0x9c
 785 02de D8030000 		.4byte	0x3d8
 786 02e2 13       		.uleb128 0x13
 787 02e3 585F4100 		.ascii	"X_A\000"
 788 02e7 01       		.byte	0x1
 789 02e8 67       		.byte	0x67
 790 02e9 C7020000 		.4byte	0x2c7
 791 02ed E3000000 		.4byte	.LLST6
 792 02f1 13       		.uleb128 0x13
 793 02f2 595F4100 		.ascii	"Y_A\000"
 794 02f6 01       		.byte	0x1
 795 02f7 67       		.byte	0x67
 796 02f8 C7020000 		.4byte	0x2c7
 797 02fc 0F010000 		.4byte	.LLST7
 798 0300 13       		.uleb128 0x13
 799 0301 5A5F4100 		.ascii	"Z_A\000"
 800 0305 01       		.byte	0x1
 801 0306 67       		.byte	0x67
 802 0307 C7020000 		.4byte	0x2c7
 803 030b 3B010000 		.4byte	.LLST8
 804 030f 0A       		.uleb128 0xa
 805 0310 0D010000 		.4byte	.LASF31
 806 0314 01       		.byte	0x1
 807 0315 69       		.byte	0x69
 808 0316 AE000000 		.4byte	0xae
 809 031a 02       		.uleb128 0x2
 810 031b 91       		.byte	0x91
 811 031c 6F       		.sleb128 -17
 812 031d 0A       		.uleb128 0xa
 813 031e FE010000 		.4byte	.LASF32
 814 0322 01       		.byte	0x1
ARM GAS  C:\Users\Hesham\AppData\Local\Temp\ccl0KKX5.s 			page 18


 815 0323 6A       		.byte	0x6a
 816 0324 AE000000 		.4byte	0xae
 817 0328 02       		.uleb128 0x2
 818 0329 91       		.byte	0x91
 819 032a 6E       		.sleb128 -18
 820 032b 0A       		.uleb128 0xa
 821 032c 58020000 		.4byte	.LASF33
 822 0330 01       		.byte	0x1
 823 0331 6B       		.byte	0x6b
 824 0332 AE000000 		.4byte	0xae
 825 0336 02       		.uleb128 0x2
 826 0337 91       		.byte	0x91
 827 0338 6D       		.sleb128 -19
 828 0339 0A       		.uleb128 0xa
 829 033a BA000000 		.4byte	.LASF34
 830 033e 01       		.byte	0x1
 831 033f 6C       		.byte	0x6c
 832 0340 AE000000 		.4byte	0xae
 833 0344 02       		.uleb128 0x2
 834 0345 91       		.byte	0x91
 835 0346 6C       		.sleb128 -20
 836 0347 0A       		.uleb128 0xa
 837 0348 28030000 		.4byte	.LASF35
 838 034c 01       		.byte	0x1
 839 034d 6D       		.byte	0x6d
 840 034e AE000000 		.4byte	0xae
 841 0352 02       		.uleb128 0x2
 842 0353 91       		.byte	0x91
 843 0354 6B       		.sleb128 -21
 844 0355 0A       		.uleb128 0xa
 845 0356 1B020000 		.4byte	.LASF36
 846 035a 01       		.byte	0x1
 847 035b 6E       		.byte	0x6e
 848 035c AE000000 		.4byte	0xae
 849 0360 02       		.uleb128 0x2
 850 0361 91       		.byte	0x91
 851 0362 6A       		.sleb128 -22
 852 0363 0B       		.uleb128 0xb
 853 0364 10000000 		.4byte	.LVL23
 854 0368 BA000000 		.4byte	0xba
 855 036c 77030000 		.4byte	0x377
 856 0370 0C       		.uleb128 0xc
 857 0371 01       		.uleb128 0x1
 858 0372 50       		.byte	0x50
 859 0373 02       		.uleb128 0x2
 860 0374 08       		.byte	0x8
 861 0375 29       		.byte	0x29
 862 0376 00       		.byte	0
 863 0377 0B       		.uleb128 0xb
 864 0378 1A000000 		.4byte	.LVL24
 865 037c BA000000 		.4byte	0xba
 866 0380 8B030000 		.4byte	0x38b
 867 0384 0C       		.uleb128 0xc
 868 0385 01       		.uleb128 0x1
 869 0386 50       		.byte	0x50
 870 0387 02       		.uleb128 0x2
 871 0388 08       		.byte	0x8
ARM GAS  C:\Users\Hesham\AppData\Local\Temp\ccl0KKX5.s 			page 19


 872 0389 28       		.byte	0x28
 873 038a 00       		.byte	0
 874 038b 0B       		.uleb128 0xb
 875 038c 24000000 		.4byte	.LVL25
 876 0390 BA000000 		.4byte	0xba
 877 0394 9F030000 		.4byte	0x39f
 878 0398 0C       		.uleb128 0xc
 879 0399 01       		.uleb128 0x1
 880 039a 50       		.byte	0x50
 881 039b 02       		.uleb128 0x2
 882 039c 08       		.byte	0x8
 883 039d 2B       		.byte	0x2b
 884 039e 00       		.byte	0
 885 039f 0B       		.uleb128 0xb
 886 03a0 2E000000 		.4byte	.LVL26
 887 03a4 BA000000 		.4byte	0xba
 888 03a8 B3030000 		.4byte	0x3b3
 889 03ac 0C       		.uleb128 0xc
 890 03ad 01       		.uleb128 0x1
 891 03ae 50       		.byte	0x50
 892 03af 02       		.uleb128 0x2
 893 03b0 08       		.byte	0x8
 894 03b1 2A       		.byte	0x2a
 895 03b2 00       		.byte	0
 896 03b3 0B       		.uleb128 0xb
 897 03b4 38000000 		.4byte	.LVL27
 898 03b8 BA000000 		.4byte	0xba
 899 03bc C7030000 		.4byte	0x3c7
 900 03c0 0C       		.uleb128 0xc
 901 03c1 01       		.uleb128 0x1
 902 03c2 50       		.byte	0x50
 903 03c3 02       		.uleb128 0x2
 904 03c4 08       		.byte	0x8
 905 03c5 2D       		.byte	0x2d
 906 03c6 00       		.byte	0
 907 03c7 11       		.uleb128 0x11
 908 03c8 42000000 		.4byte	.LVL28
 909 03cc BA000000 		.4byte	0xba
 910 03d0 0C       		.uleb128 0xc
 911 03d1 01       		.uleb128 0x1
 912 03d2 50       		.byte	0x50
 913 03d3 02       		.uleb128 0x2
 914 03d4 08       		.byte	0x8
 915 03d5 2C       		.byte	0x2c
 916 03d6 00       		.byte	0
 917 03d7 00       		.byte	0
 918 03d8 15       		.uleb128 0x15
 919 03d9 26000000 		.4byte	.LASF50
 920 03dd 01       		.byte	0x1
 921 03de 86       		.byte	0x86
 922 03df 00000000 		.4byte	.LFB67
 923 03e3 44000000 		.4byte	.LFE67-.LFB67
 924 03e7 01       		.uleb128 0x1
 925 03e8 9C       		.byte	0x9c
 926 03e9 6B040000 		.4byte	0x46b
 927 03ed 09       		.uleb128 0x9
 928 03ee DB000000 		.4byte	.LASF17
ARM GAS  C:\Users\Hesham\AppData\Local\Temp\ccl0KKX5.s 			page 20


 929 03f2 01       		.byte	0x1
 930 03f3 88       		.byte	0x88
 931 03f4 81000000 		.4byte	0x81
 932 03f8 67010000 		.4byte	.LLST9
 933 03fc 0A       		.uleb128 0xa
 934 03fd 00000000 		.4byte	.LASF19
 935 0401 01       		.byte	0x1
 936 0402 89       		.byte	0x89
 937 0403 6B040000 		.4byte	0x46b
 938 0407 02       		.uleb128 0x2
 939 0408 91       		.byte	0x91
 940 0409 74       		.sleb128 -12
 941 040a 0B       		.uleb128 0xb
 942 040b 1C000000 		.4byte	.LVL32
 943 040f F7040000 		.4byte	0x4f7
 944 0413 2E040000 		.4byte	0x42e
 945 0417 0C       		.uleb128 0xc
 946 0418 01       		.uleb128 0x1
 947 0419 53       		.byte	0x53
 948 041a 01       		.uleb128 0x1
 949 041b 30       		.byte	0x30
 950 041c 0C       		.uleb128 0xc
 951 041d 01       		.uleb128 0x1
 952 041e 52       		.byte	0x52
 953 041f 01       		.uleb128 0x1
 954 0420 32       		.byte	0x32
 955 0421 0C       		.uleb128 0xc
 956 0422 01       		.uleb128 0x1
 957 0423 51       		.byte	0x51
 958 0424 02       		.uleb128 0x2
 959 0425 91       		.byte	0x91
 960 0426 74       		.sleb128 -12
 961 0427 0C       		.uleb128 0xc
 962 0428 01       		.uleb128 0x1
 963 0429 50       		.byte	0x50
 964 042a 02       		.uleb128 0x2
 965 042b 08       		.byte	0x8
 966 042c 6B       		.byte	0x6b
 967 042d 00       		.byte	0
 968 042e 0B       		.uleb128 0xb
 969 042f 30000000 		.4byte	.LVL34
 970 0433 CD020000 		.4byte	0x2cd
 971 0437 4E040000 		.4byte	0x44e
 972 043b 0C       		.uleb128 0xc
 973 043c 01       		.uleb128 0x1
 974 043d 52       		.byte	0x52
 975 043e 02       		.uleb128 0x2
 976 043f 74       		.byte	0x74
 977 0440 0A       		.sleb128 10
 978 0441 0C       		.uleb128 0xc
 979 0442 01       		.uleb128 0x1
 980 0443 51       		.byte	0x51
 981 0444 02       		.uleb128 0x2
 982 0445 74       		.byte	0x74
 983 0446 08       		.sleb128 8
 984 0447 0C       		.uleb128 0xc
 985 0448 01       		.uleb128 0x1
ARM GAS  C:\Users\Hesham\AppData\Local\Temp\ccl0KKX5.s 			page 21


 986 0449 50       		.byte	0x50
 987 044a 02       		.uleb128 0x2
 988 044b 74       		.byte	0x74
 989 044c 06       		.sleb128 6
 990 044d 00       		.byte	0
 991 044e 11       		.uleb128 0x11
 992 044f 3A000000 		.4byte	.LVL35
 993 0453 C2010000 		.4byte	0x1c2
 994 0457 0C       		.uleb128 0xc
 995 0458 01       		.uleb128 0x1
 996 0459 52       		.byte	0x52
 997 045a 02       		.uleb128 0x2
 998 045b 74       		.byte	0x74
 999 045c 04       		.sleb128 4
 1000 045d 0C       		.uleb128 0xc
 1001 045e 01       		.uleb128 0x1
 1002 045f 51       		.byte	0x51
 1003 0460 02       		.uleb128 0x2
 1004 0461 74       		.byte	0x74
 1005 0462 02       		.sleb128 2
 1006 0463 0C       		.uleb128 0xc
 1007 0464 01       		.uleb128 0x1
 1008 0465 50       		.byte	0x50
 1009 0466 02       		.uleb128 0x2
 1010 0467 74       		.byte	0x74
 1011 0468 00       		.sleb128 0
 1012 0469 00       		.byte	0
 1013 046a 00       		.byte	0
 1014 046b 0E       		.uleb128 0xe
 1015 046c 81000000 		.4byte	0x81
 1016 0470 7B040000 		.4byte	0x47b
 1017 0474 0F       		.uleb128 0xf
 1018 0475 B3000000 		.4byte	0xb3
 1019 0479 01       		.byte	0x1
 1020 047a 00       		.byte	0
 1021 047b 16       		.uleb128 0x16
 1022 047c 50010000 		.4byte	.LASF37
 1023 0480 05       		.byte	0x5
 1024 0481 9606     		.2byte	0x696
 1025 0483 87040000 		.4byte	0x487
 1026 0487 06       		.uleb128 0x6
 1027 0488 76000000 		.4byte	0x76
 1028 048c 17       		.uleb128 0x17
 1029 048d 27020000 		.4byte	.LASF38
 1030 0491 01       		.byte	0x1
 1031 0492 0C       		.byte	0xc
 1032 0493 9D040000 		.4byte	0x49d
 1033 0497 05       		.uleb128 0x5
 1034 0498 03       		.byte	0x3
 1035 0499 00000000 		.4byte	X_G_Abs
 1036 049d 06       		.uleb128 0x6
 1037 049e 33000000 		.4byte	0x33
 1038 04a2 17       		.uleb128 0x17
 1039 04a3 5E020000 		.4byte	.LASF39
 1040 04a7 01       		.byte	0x1
 1041 04a8 0E       		.byte	0xe
 1042 04a9 9D040000 		.4byte	0x49d
ARM GAS  C:\Users\Hesham\AppData\Local\Temp\ccl0KKX5.s 			page 22


 1043 04ad 05       		.uleb128 0x5
 1044 04ae 03       		.byte	0x3
 1045 04af 00000000 		.4byte	Y_G_Abs
 1046 04b3 17       		.uleb128 0x17
 1047 04b4 94020000 		.4byte	.LASF40
 1048 04b8 01       		.byte	0x1
 1049 04b9 10       		.byte	0x10
 1050 04ba 9D040000 		.4byte	0x49d
 1051 04be 05       		.uleb128 0x5
 1052 04bf 03       		.byte	0x3
 1053 04c0 00000000 		.4byte	Z_G_Abs
 1054 04c4 17       		.uleb128 0x17
 1055 04c5 4D000000 		.4byte	.LASF41
 1056 04c9 01       		.byte	0x1
 1057 04ca 12       		.byte	0x12
 1058 04cb 9D040000 		.4byte	0x49d
 1059 04cf 05       		.uleb128 0x5
 1060 04d0 03       		.byte	0x3
 1061 04d1 00000000 		.4byte	X_A_Abs
 1062 04d5 17       		.uleb128 0x17
 1063 04d6 92000000 		.4byte	.LASF42
 1064 04da 01       		.byte	0x1
 1065 04db 14       		.byte	0x14
 1066 04dc 9D040000 		.4byte	0x49d
 1067 04e0 05       		.uleb128 0x5
 1068 04e1 03       		.byte	0x3
 1069 04e2 00000000 		.4byte	Y_A_Abs
 1070 04e6 17       		.uleb128 0x17
 1071 04e7 D3000000 		.4byte	.LASF43
 1072 04eb 01       		.byte	0x1
 1073 04ec 16       		.byte	0x16
 1074 04ed 9D040000 		.4byte	0x49d
 1075 04f1 05       		.uleb128 0x5
 1076 04f2 03       		.byte	0x3
 1077 04f3 00000000 		.4byte	Z_A_Abs
 1078 04f7 18       		.uleb128 0x18
 1079 04f8 77000000 		.4byte	.LASF51
 1080 04fc 06       		.byte	0x6
 1081 04fd A7       		.byte	0xa7
 1082 04fe 81000000 		.4byte	0x81
 1083 0502 1B050000 		.4byte	0x51b
 1084 0506 19       		.uleb128 0x19
 1085 0507 81000000 		.4byte	0x81
 1086 050b 19       		.uleb128 0x19
 1087 050c 1B050000 		.4byte	0x51b
 1088 0510 19       		.uleb128 0x19
 1089 0511 81000000 		.4byte	0x81
 1090 0515 19       		.uleb128 0x19
 1091 0516 81000000 		.4byte	0x81
 1092 051a 00       		.byte	0
 1093 051b 14       		.uleb128 0x14
 1094 051c 04       		.byte	0x4
 1095 051d 81000000 		.4byte	0x81
 1096 0521 1A       		.uleb128 0x1a
 1097 0522 A5020000 		.4byte	.LASF44
 1098 0526 06       		.byte	0x6
 1099 0527 A3       		.byte	0xa3
ARM GAS  C:\Users\Hesham\AppData\Local\Temp\ccl0KKX5.s 			page 23


 1100 0528 81000000 		.4byte	0x81
 1101 052c 1A       		.uleb128 0x1a
 1102 052d 76020000 		.4byte	.LASF45
 1103 0531 06       		.byte	0x6
 1104 0532 A4       		.byte	0xa4
 1105 0533 81000000 		.4byte	0x81
 1106 0537 1B       		.uleb128 0x1b
 1107 0538 F9000000 		.4byte	.LASF52
 1108 053c 06       		.byte	0x6
 1109 053d A9       		.byte	0xa9
 1110 053e 81000000 		.4byte	0x81
 1111 0542 19       		.uleb128 0x19
 1112 0543 81000000 		.4byte	0x81
 1113 0547 19       		.uleb128 0x19
 1114 0548 1B050000 		.4byte	0x51b
 1115 054c 19       		.uleb128 0x19
 1116 054d 81000000 		.4byte	0x81
 1117 0551 19       		.uleb128 0x19
 1118 0552 81000000 		.4byte	0x81
 1119 0556 00       		.byte	0
 1120 0557 00       		.byte	0
 1121              		.section	.debug_abbrev,"",%progbits
 1122              	.Ldebug_abbrev0:
 1123 0000 01       		.uleb128 0x1
 1124 0001 11       		.uleb128 0x11
 1125 0002 01       		.byte	0x1
 1126 0003 25       		.uleb128 0x25
 1127 0004 0E       		.uleb128 0xe
 1128 0005 13       		.uleb128 0x13
 1129 0006 0B       		.uleb128 0xb
 1130 0007 03       		.uleb128 0x3
 1131 0008 0E       		.uleb128 0xe
 1132 0009 1B       		.uleb128 0x1b
 1133 000a 0E       		.uleb128 0xe
 1134 000b 55       		.uleb128 0x55
 1135 000c 17       		.uleb128 0x17
 1136 000d 11       		.uleb128 0x11
 1137 000e 01       		.uleb128 0x1
 1138 000f 10       		.uleb128 0x10
 1139 0010 17       		.uleb128 0x17
 1140 0011 00       		.byte	0
 1141 0012 00       		.byte	0
 1142 0013 02       		.uleb128 0x2
 1143 0014 24       		.uleb128 0x24
 1144 0015 00       		.byte	0
 1145 0016 0B       		.uleb128 0xb
 1146 0017 0B       		.uleb128 0xb
 1147 0018 3E       		.uleb128 0x3e
 1148 0019 0B       		.uleb128 0xb
 1149 001a 03       		.uleb128 0x3
 1150 001b 0E       		.uleb128 0xe
 1151 001c 00       		.byte	0
 1152 001d 00       		.byte	0
 1153 001e 03       		.uleb128 0x3
 1154 001f 16       		.uleb128 0x16
 1155 0020 00       		.byte	0
 1156 0021 03       		.uleb128 0x3
ARM GAS  C:\Users\Hesham\AppData\Local\Temp\ccl0KKX5.s 			page 24


 1157 0022 0E       		.uleb128 0xe
 1158 0023 3A       		.uleb128 0x3a
 1159 0024 0B       		.uleb128 0xb
 1160 0025 3B       		.uleb128 0x3b
 1161 0026 0B       		.uleb128 0xb
 1162 0027 49       		.uleb128 0x49
 1163 0028 13       		.uleb128 0x13
 1164 0029 00       		.byte	0
 1165 002a 00       		.byte	0
 1166 002b 04       		.uleb128 0x4
 1167 002c 24       		.uleb128 0x24
 1168 002d 00       		.byte	0
 1169 002e 0B       		.uleb128 0xb
 1170 002f 0B       		.uleb128 0xb
 1171 0030 3E       		.uleb128 0x3e
 1172 0031 0B       		.uleb128 0xb
 1173 0032 03       		.uleb128 0x3
 1174 0033 08       		.uleb128 0x8
 1175 0034 00       		.byte	0
 1176 0035 00       		.byte	0
 1177 0036 05       		.uleb128 0x5
 1178 0037 16       		.uleb128 0x16
 1179 0038 00       		.byte	0
 1180 0039 03       		.uleb128 0x3
 1181 003a 0E       		.uleb128 0xe
 1182 003b 3A       		.uleb128 0x3a
 1183 003c 0B       		.uleb128 0xb
 1184 003d 3B       		.uleb128 0x3b
 1185 003e 05       		.uleb128 0x5
 1186 003f 49       		.uleb128 0x49
 1187 0040 13       		.uleb128 0x13
 1188 0041 00       		.byte	0
 1189 0042 00       		.byte	0
 1190 0043 06       		.uleb128 0x6
 1191 0044 35       		.uleb128 0x35
 1192 0045 00       		.byte	0
 1193 0046 49       		.uleb128 0x49
 1194 0047 13       		.uleb128 0x13
 1195 0048 00       		.byte	0
 1196 0049 00       		.byte	0
 1197 004a 07       		.uleb128 0x7
 1198 004b 2E       		.uleb128 0x2e
 1199 004c 01       		.byte	0x1
 1200 004d 3F       		.uleb128 0x3f
 1201 004e 19       		.uleb128 0x19
 1202 004f 03       		.uleb128 0x3
 1203 0050 0E       		.uleb128 0xe
 1204 0051 3A       		.uleb128 0x3a
 1205 0052 0B       		.uleb128 0xb
 1206 0053 3B       		.uleb128 0x3b
 1207 0054 0B       		.uleb128 0xb
 1208 0055 27       		.uleb128 0x27
 1209 0056 19       		.uleb128 0x19
 1210 0057 49       		.uleb128 0x49
 1211 0058 13       		.uleb128 0x13
 1212 0059 11       		.uleb128 0x11
 1213 005a 01       		.uleb128 0x1
ARM GAS  C:\Users\Hesham\AppData\Local\Temp\ccl0KKX5.s 			page 25


 1214 005b 12       		.uleb128 0x12
 1215 005c 06       		.uleb128 0x6
 1216 005d 40       		.uleb128 0x40
 1217 005e 18       		.uleb128 0x18
 1218 005f 9742     		.uleb128 0x2117
 1219 0061 19       		.uleb128 0x19
 1220 0062 01       		.uleb128 0x1
 1221 0063 13       		.uleb128 0x13
 1222 0064 00       		.byte	0
 1223 0065 00       		.byte	0
 1224 0066 08       		.uleb128 0x8
 1225 0067 05       		.uleb128 0x5
 1226 0068 00       		.byte	0
 1227 0069 03       		.uleb128 0x3
 1228 006a 0E       		.uleb128 0xe
 1229 006b 3A       		.uleb128 0x3a
 1230 006c 0B       		.uleb128 0xb
 1231 006d 3B       		.uleb128 0x3b
 1232 006e 0B       		.uleb128 0xb
 1233 006f 49       		.uleb128 0x49
 1234 0070 13       		.uleb128 0x13
 1235 0071 02       		.uleb128 0x2
 1236 0072 17       		.uleb128 0x17
 1237 0073 00       		.byte	0
 1238 0074 00       		.byte	0
 1239 0075 09       		.uleb128 0x9
 1240 0076 34       		.uleb128 0x34
 1241 0077 00       		.byte	0
 1242 0078 03       		.uleb128 0x3
 1243 0079 0E       		.uleb128 0xe
 1244 007a 3A       		.uleb128 0x3a
 1245 007b 0B       		.uleb128 0xb
 1246 007c 3B       		.uleb128 0x3b
 1247 007d 0B       		.uleb128 0xb
 1248 007e 49       		.uleb128 0x49
 1249 007f 13       		.uleb128 0x13
 1250 0080 02       		.uleb128 0x2
 1251 0081 17       		.uleb128 0x17
 1252 0082 00       		.byte	0
 1253 0083 00       		.byte	0
 1254 0084 0A       		.uleb128 0xa
 1255 0085 34       		.uleb128 0x34
 1256 0086 00       		.byte	0
 1257 0087 03       		.uleb128 0x3
 1258 0088 0E       		.uleb128 0xe
 1259 0089 3A       		.uleb128 0x3a
 1260 008a 0B       		.uleb128 0xb
 1261 008b 3B       		.uleb128 0x3b
 1262 008c 0B       		.uleb128 0xb
 1263 008d 49       		.uleb128 0x49
 1264 008e 13       		.uleb128 0x13
 1265 008f 02       		.uleb128 0x2
 1266 0090 18       		.uleb128 0x18
 1267 0091 00       		.byte	0
 1268 0092 00       		.byte	0
 1269 0093 0B       		.uleb128 0xb
 1270 0094 898201   		.uleb128 0x4109
ARM GAS  C:\Users\Hesham\AppData\Local\Temp\ccl0KKX5.s 			page 26


 1271 0097 01       		.byte	0x1
 1272 0098 11       		.uleb128 0x11
 1273 0099 01       		.uleb128 0x1
 1274 009a 31       		.uleb128 0x31
 1275 009b 13       		.uleb128 0x13
 1276 009c 01       		.uleb128 0x1
 1277 009d 13       		.uleb128 0x13
 1278 009e 00       		.byte	0
 1279 009f 00       		.byte	0
 1280 00a0 0C       		.uleb128 0xc
 1281 00a1 8A8201   		.uleb128 0x410a
 1282 00a4 00       		.byte	0
 1283 00a5 02       		.uleb128 0x2
 1284 00a6 18       		.uleb128 0x18
 1285 00a7 9142     		.uleb128 0x2111
 1286 00a9 18       		.uleb128 0x18
 1287 00aa 00       		.byte	0
 1288 00ab 00       		.byte	0
 1289 00ac 0D       		.uleb128 0xd
 1290 00ad 898201   		.uleb128 0x4109
 1291 00b0 00       		.byte	0
 1292 00b1 11       		.uleb128 0x11
 1293 00b2 01       		.uleb128 0x1
 1294 00b3 31       		.uleb128 0x31
 1295 00b4 13       		.uleb128 0x13
 1296 00b5 00       		.byte	0
 1297 00b6 00       		.byte	0
 1298 00b7 0E       		.uleb128 0xe
 1299 00b8 01       		.uleb128 0x1
 1300 00b9 01       		.byte	0x1
 1301 00ba 49       		.uleb128 0x49
 1302 00bb 13       		.uleb128 0x13
 1303 00bc 01       		.uleb128 0x1
 1304 00bd 13       		.uleb128 0x13
 1305 00be 00       		.byte	0
 1306 00bf 00       		.byte	0
 1307 00c0 0F       		.uleb128 0xf
 1308 00c1 21       		.uleb128 0x21
 1309 00c2 00       		.byte	0
 1310 00c3 49       		.uleb128 0x49
 1311 00c4 13       		.uleb128 0x13
 1312 00c5 2F       		.uleb128 0x2f
 1313 00c6 0B       		.uleb128 0xb
 1314 00c7 00       		.byte	0
 1315 00c8 00       		.byte	0
 1316 00c9 10       		.uleb128 0x10
 1317 00ca 2E       		.uleb128 0x2e
 1318 00cb 01       		.byte	0x1
 1319 00cc 3F       		.uleb128 0x3f
 1320 00cd 19       		.uleb128 0x19
 1321 00ce 03       		.uleb128 0x3
 1322 00cf 0E       		.uleb128 0xe
 1323 00d0 3A       		.uleb128 0x3a
 1324 00d1 0B       		.uleb128 0xb
 1325 00d2 3B       		.uleb128 0x3b
 1326 00d3 0B       		.uleb128 0xb
 1327 00d4 49       		.uleb128 0x49
ARM GAS  C:\Users\Hesham\AppData\Local\Temp\ccl0KKX5.s 			page 27


 1328 00d5 13       		.uleb128 0x13
 1329 00d6 11       		.uleb128 0x11
 1330 00d7 01       		.uleb128 0x1
 1331 00d8 12       		.uleb128 0x12
 1332 00d9 06       		.uleb128 0x6
 1333 00da 40       		.uleb128 0x40
 1334 00db 18       		.uleb128 0x18
 1335 00dc 9742     		.uleb128 0x2117
 1336 00de 19       		.uleb128 0x19
 1337 00df 01       		.uleb128 0x1
 1338 00e0 13       		.uleb128 0x13
 1339 00e1 00       		.byte	0
 1340 00e2 00       		.byte	0
 1341 00e3 11       		.uleb128 0x11
 1342 00e4 898201   		.uleb128 0x4109
 1343 00e7 01       		.byte	0x1
 1344 00e8 11       		.uleb128 0x11
 1345 00e9 01       		.uleb128 0x1
 1346 00ea 31       		.uleb128 0x31
 1347 00eb 13       		.uleb128 0x13
 1348 00ec 00       		.byte	0
 1349 00ed 00       		.byte	0
 1350 00ee 12       		.uleb128 0x12
 1351 00ef 2E       		.uleb128 0x2e
 1352 00f0 01       		.byte	0x1
 1353 00f1 3F       		.uleb128 0x3f
 1354 00f2 19       		.uleb128 0x19
 1355 00f3 03       		.uleb128 0x3
 1356 00f4 0E       		.uleb128 0xe
 1357 00f5 3A       		.uleb128 0x3a
 1358 00f6 0B       		.uleb128 0xb
 1359 00f7 3B       		.uleb128 0x3b
 1360 00f8 0B       		.uleb128 0xb
 1361 00f9 27       		.uleb128 0x27
 1362 00fa 19       		.uleb128 0x19
 1363 00fb 11       		.uleb128 0x11
 1364 00fc 01       		.uleb128 0x1
 1365 00fd 12       		.uleb128 0x12
 1366 00fe 06       		.uleb128 0x6
 1367 00ff 40       		.uleb128 0x40
 1368 0100 18       		.uleb128 0x18
 1369 0101 9742     		.uleb128 0x2117
 1370 0103 19       		.uleb128 0x19
 1371 0104 01       		.uleb128 0x1
 1372 0105 13       		.uleb128 0x13
 1373 0106 00       		.byte	0
 1374 0107 00       		.byte	0
 1375 0108 13       		.uleb128 0x13
 1376 0109 05       		.uleb128 0x5
 1377 010a 00       		.byte	0
 1378 010b 03       		.uleb128 0x3
 1379 010c 08       		.uleb128 0x8
 1380 010d 3A       		.uleb128 0x3a
 1381 010e 0B       		.uleb128 0xb
 1382 010f 3B       		.uleb128 0x3b
 1383 0110 0B       		.uleb128 0xb
 1384 0111 49       		.uleb128 0x49
ARM GAS  C:\Users\Hesham\AppData\Local\Temp\ccl0KKX5.s 			page 28


 1385 0112 13       		.uleb128 0x13
 1386 0113 02       		.uleb128 0x2
 1387 0114 17       		.uleb128 0x17
 1388 0115 00       		.byte	0
 1389 0116 00       		.byte	0
 1390 0117 14       		.uleb128 0x14
 1391 0118 0F       		.uleb128 0xf
 1392 0119 00       		.byte	0
 1393 011a 0B       		.uleb128 0xb
 1394 011b 0B       		.uleb128 0xb
 1395 011c 49       		.uleb128 0x49
 1396 011d 13       		.uleb128 0x13
 1397 011e 00       		.byte	0
 1398 011f 00       		.byte	0
 1399 0120 15       		.uleb128 0x15
 1400 0121 2E       		.uleb128 0x2e
 1401 0122 01       		.byte	0x1
 1402 0123 3F       		.uleb128 0x3f
 1403 0124 19       		.uleb128 0x19
 1404 0125 03       		.uleb128 0x3
 1405 0126 0E       		.uleb128 0xe
 1406 0127 3A       		.uleb128 0x3a
 1407 0128 0B       		.uleb128 0xb
 1408 0129 3B       		.uleb128 0x3b
 1409 012a 0B       		.uleb128 0xb
 1410 012b 11       		.uleb128 0x11
 1411 012c 01       		.uleb128 0x1
 1412 012d 12       		.uleb128 0x12
 1413 012e 06       		.uleb128 0x6
 1414 012f 40       		.uleb128 0x40
 1415 0130 18       		.uleb128 0x18
 1416 0131 9742     		.uleb128 0x2117
 1417 0133 19       		.uleb128 0x19
 1418 0134 01       		.uleb128 0x1
 1419 0135 13       		.uleb128 0x13
 1420 0136 00       		.byte	0
 1421 0137 00       		.byte	0
 1422 0138 16       		.uleb128 0x16
 1423 0139 34       		.uleb128 0x34
 1424 013a 00       		.byte	0
 1425 013b 03       		.uleb128 0x3
 1426 013c 0E       		.uleb128 0xe
 1427 013d 3A       		.uleb128 0x3a
 1428 013e 0B       		.uleb128 0xb
 1429 013f 3B       		.uleb128 0x3b
 1430 0140 05       		.uleb128 0x5
 1431 0141 49       		.uleb128 0x49
 1432 0142 13       		.uleb128 0x13
 1433 0143 3F       		.uleb128 0x3f
 1434 0144 19       		.uleb128 0x19
 1435 0145 3C       		.uleb128 0x3c
 1436 0146 19       		.uleb128 0x19
 1437 0147 00       		.byte	0
 1438 0148 00       		.byte	0
 1439 0149 17       		.uleb128 0x17
 1440 014a 34       		.uleb128 0x34
 1441 014b 00       		.byte	0
ARM GAS  C:\Users\Hesham\AppData\Local\Temp\ccl0KKX5.s 			page 29


 1442 014c 03       		.uleb128 0x3
 1443 014d 0E       		.uleb128 0xe
 1444 014e 3A       		.uleb128 0x3a
 1445 014f 0B       		.uleb128 0xb
 1446 0150 3B       		.uleb128 0x3b
 1447 0151 0B       		.uleb128 0xb
 1448 0152 49       		.uleb128 0x49
 1449 0153 13       		.uleb128 0x13
 1450 0154 3F       		.uleb128 0x3f
 1451 0155 19       		.uleb128 0x19
 1452 0156 02       		.uleb128 0x2
 1453 0157 18       		.uleb128 0x18
 1454 0158 00       		.byte	0
 1455 0159 00       		.byte	0
 1456 015a 18       		.uleb128 0x18
 1457 015b 2E       		.uleb128 0x2e
 1458 015c 01       		.byte	0x1
 1459 015d 3F       		.uleb128 0x3f
 1460 015e 19       		.uleb128 0x19
 1461 015f 03       		.uleb128 0x3
 1462 0160 0E       		.uleb128 0xe
 1463 0161 3A       		.uleb128 0x3a
 1464 0162 0B       		.uleb128 0xb
 1465 0163 3B       		.uleb128 0x3b
 1466 0164 0B       		.uleb128 0xb
 1467 0165 27       		.uleb128 0x27
 1468 0166 19       		.uleb128 0x19
 1469 0167 49       		.uleb128 0x49
 1470 0168 13       		.uleb128 0x13
 1471 0169 3C       		.uleb128 0x3c
 1472 016a 19       		.uleb128 0x19
 1473 016b 01       		.uleb128 0x1
 1474 016c 13       		.uleb128 0x13
 1475 016d 00       		.byte	0
 1476 016e 00       		.byte	0
 1477 016f 19       		.uleb128 0x19
 1478 0170 05       		.uleb128 0x5
 1479 0171 00       		.byte	0
 1480 0172 49       		.uleb128 0x49
 1481 0173 13       		.uleb128 0x13
 1482 0174 00       		.byte	0
 1483 0175 00       		.byte	0
 1484 0176 1A       		.uleb128 0x1a
 1485 0177 2E       		.uleb128 0x2e
 1486 0178 00       		.byte	0
 1487 0179 3F       		.uleb128 0x3f
 1488 017a 19       		.uleb128 0x19
 1489 017b 03       		.uleb128 0x3
 1490 017c 0E       		.uleb128 0xe
 1491 017d 3A       		.uleb128 0x3a
 1492 017e 0B       		.uleb128 0xb
 1493 017f 3B       		.uleb128 0x3b
 1494 0180 0B       		.uleb128 0xb
 1495 0181 27       		.uleb128 0x27
 1496 0182 19       		.uleb128 0x19
 1497 0183 49       		.uleb128 0x49
 1498 0184 13       		.uleb128 0x13
ARM GAS  C:\Users\Hesham\AppData\Local\Temp\ccl0KKX5.s 			page 30


 1499 0185 3C       		.uleb128 0x3c
 1500 0186 19       		.uleb128 0x19
 1501 0187 00       		.byte	0
 1502 0188 00       		.byte	0
 1503 0189 1B       		.uleb128 0x1b
 1504 018a 2E       		.uleb128 0x2e
 1505 018b 01       		.byte	0x1
 1506 018c 3F       		.uleb128 0x3f
 1507 018d 19       		.uleb128 0x19
 1508 018e 03       		.uleb128 0x3
 1509 018f 0E       		.uleb128 0xe
 1510 0190 3A       		.uleb128 0x3a
 1511 0191 0B       		.uleb128 0xb
 1512 0192 3B       		.uleb128 0x3b
 1513 0193 0B       		.uleb128 0xb
 1514 0194 27       		.uleb128 0x27
 1515 0195 19       		.uleb128 0x19
 1516 0196 49       		.uleb128 0x49
 1517 0197 13       		.uleb128 0x13
 1518 0198 3C       		.uleb128 0x3c
 1519 0199 19       		.uleb128 0x19
 1520 019a 00       		.byte	0
 1521 019b 00       		.byte	0
 1522 019c 00       		.byte	0
 1523              		.section	.debug_loc,"",%progbits
 1524              	.Ldebug_loc0:
 1525              	.LLST0:
 1526 0000 00000000 		.4byte	.LVL0
 1527 0004 08000000 		.4byte	.LVL2
 1528 0008 0100     		.2byte	0x1
 1529 000a 50       		.byte	0x50
 1530 000b 08000000 		.4byte	.LVL2
 1531 000f 4E000000 		.4byte	.LFE63
 1532 0013 0400     		.2byte	0x4
 1533 0015 F3       		.byte	0xf3
 1534 0016 01       		.uleb128 0x1
 1535 0017 50       		.byte	0x50
 1536 0018 9F       		.byte	0x9f
 1537 0019 00000000 		.4byte	0
 1538 001d 00000000 		.4byte	0
 1539              	.LLST1:
 1540 0021 04000000 		.4byte	.LVL1
 1541 0025 08000000 		.4byte	.LVL2
 1542 0029 0200     		.2byte	0x2
 1543 002b 30       		.byte	0x30
 1544 002c 9F       		.byte	0x9f
 1545 002d 14000000 		.4byte	.LVL3
 1546 0031 18000000 		.4byte	.LVL4
 1547 0035 0100     		.2byte	0x1
 1548 0037 50       		.byte	0x50
 1549 0038 00000000 		.4byte	0
 1550 003c 00000000 		.4byte	0
 1551              	.LLST2:
 1552 0040 04000000 		.4byte	.LVL1
 1553 0044 32000000 		.4byte	.LVL7
 1554 0048 0200     		.2byte	0x2
 1555 004a 30       		.byte	0x30
ARM GAS  C:\Users\Hesham\AppData\Local\Temp\ccl0KKX5.s 			page 31


 1556 004b 9F       		.byte	0x9f
 1557 004c 32000000 		.4byte	.LVL7
 1558 0050 36000000 		.4byte	.LVL8
 1559 0054 0100     		.2byte	0x1
 1560 0056 50       		.byte	0x50
 1561 0057 00000000 		.4byte	0
 1562 005b 00000000 		.4byte	0
 1563              	.LLST3:
 1564 005f 00000000 		.4byte	.LVL12
 1565 0063 0C000000 		.4byte	.LVL13
 1566 0067 0100     		.2byte	0x1
 1567 0069 50       		.byte	0x50
 1568 006a 0C000000 		.4byte	.LVL13
 1569 006e 82000000 		.4byte	.LVL20
 1570 0072 0100     		.2byte	0x1
 1571 0074 56       		.byte	0x56
 1572 0075 82000000 		.4byte	.LVL20
 1573 0079 88000000 		.4byte	.LFE65
 1574 007d 0400     		.2byte	0x4
 1575 007f F3       		.byte	0xf3
 1576 0080 01       		.uleb128 0x1
 1577 0081 50       		.byte	0x50
 1578 0082 9F       		.byte	0x9f
 1579 0083 00000000 		.4byte	0
 1580 0087 00000000 		.4byte	0
 1581              	.LLST4:
 1582 008b 00000000 		.4byte	.LVL12
 1583 008f 0F000000 		.4byte	.LVL14-1
 1584 0093 0100     		.2byte	0x1
 1585 0095 51       		.byte	0x51
 1586 0096 0F000000 		.4byte	.LVL14-1
 1587 009a 82000000 		.4byte	.LVL20
 1588 009e 0100     		.2byte	0x1
 1589 00a0 55       		.byte	0x55
 1590 00a1 82000000 		.4byte	.LVL20
 1591 00a5 88000000 		.4byte	.LFE65
 1592 00a9 0400     		.2byte	0x4
 1593 00ab F3       		.byte	0xf3
 1594 00ac 01       		.uleb128 0x1
 1595 00ad 51       		.byte	0x51
 1596 00ae 9F       		.byte	0x9f
 1597 00af 00000000 		.4byte	0
 1598 00b3 00000000 		.4byte	0
 1599              	.LLST5:
 1600 00b7 00000000 		.4byte	.LVL12
 1601 00bb 0F000000 		.4byte	.LVL14-1
 1602 00bf 0100     		.2byte	0x1
 1603 00c1 52       		.byte	0x52
 1604 00c2 0F000000 		.4byte	.LVL14-1
 1605 00c6 82000000 		.4byte	.LVL20
 1606 00ca 0100     		.2byte	0x1
 1607 00cc 54       		.byte	0x54
 1608 00cd 82000000 		.4byte	.LVL20
 1609 00d1 88000000 		.4byte	.LFE65
 1610 00d5 0400     		.2byte	0x4
 1611 00d7 F3       		.byte	0xf3
 1612 00d8 01       		.uleb128 0x1
ARM GAS  C:\Users\Hesham\AppData\Local\Temp\ccl0KKX5.s 			page 32


 1613 00d9 52       		.byte	0x52
 1614 00da 9F       		.byte	0x9f
 1615 00db 00000000 		.4byte	0
 1616 00df 00000000 		.4byte	0
 1617              	.LLST6:
 1618 00e3 00000000 		.4byte	.LVL21
 1619 00e7 0C000000 		.4byte	.LVL22
 1620 00eb 0100     		.2byte	0x1
 1621 00ed 50       		.byte	0x50
 1622 00ee 0C000000 		.4byte	.LVL22
 1623 00f2 94000000 		.4byte	.LVL29
 1624 00f6 0100     		.2byte	0x1
 1625 00f8 56       		.byte	0x56
 1626 00f9 94000000 		.4byte	.LVL29
 1627 00fd 98000000 		.4byte	.LFE66
 1628 0101 0400     		.2byte	0x4
 1629 0103 F3       		.byte	0xf3
 1630 0104 01       		.uleb128 0x1
 1631 0105 50       		.byte	0x50
 1632 0106 9F       		.byte	0x9f
 1633 0107 00000000 		.4byte	0
 1634 010b 00000000 		.4byte	0
 1635              	.LLST7:
 1636 010f 00000000 		.4byte	.LVL21
 1637 0113 0F000000 		.4byte	.LVL23-1
 1638 0117 0100     		.2byte	0x1
 1639 0119 51       		.byte	0x51
 1640 011a 0F000000 		.4byte	.LVL23-1
 1641 011e 94000000 		.4byte	.LVL29
 1642 0122 0100     		.2byte	0x1
 1643 0124 55       		.byte	0x55
 1644 0125 94000000 		.4byte	.LVL29
 1645 0129 98000000 		.4byte	.LFE66
 1646 012d 0400     		.2byte	0x4
 1647 012f F3       		.byte	0xf3
 1648 0130 01       		.uleb128 0x1
 1649 0131 51       		.byte	0x51
 1650 0132 9F       		.byte	0x9f
 1651 0133 00000000 		.4byte	0
 1652 0137 00000000 		.4byte	0
 1653              	.LLST8:
 1654 013b 00000000 		.4byte	.LVL21
 1655 013f 0F000000 		.4byte	.LVL23-1
 1656 0143 0100     		.2byte	0x1
 1657 0145 52       		.byte	0x52
 1658 0146 0F000000 		.4byte	.LVL23-1
 1659 014a 94000000 		.4byte	.LVL29
 1660 014e 0100     		.2byte	0x1
 1661 0150 54       		.byte	0x54
 1662 0151 94000000 		.4byte	.LVL29
 1663 0155 98000000 		.4byte	.LFE66
 1664 0159 0400     		.2byte	0x4
 1665 015b F3       		.byte	0xf3
 1666 015c 01       		.uleb128 0x1
 1667 015d 52       		.byte	0x52
 1668 015e 9F       		.byte	0x9f
 1669 015f 00000000 		.4byte	0
ARM GAS  C:\Users\Hesham\AppData\Local\Temp\ccl0KKX5.s 			page 33


 1670 0163 00000000 		.4byte	0
 1671              	.LLST9:
 1672 0167 04000000 		.4byte	.LVL30
 1673 016b 10000000 		.4byte	.LVL31
 1674 016f 0200     		.2byte	0x2
 1675 0171 30       		.byte	0x30
 1676 0172 9F       		.byte	0x9f
 1677 0173 1C000000 		.4byte	.LVL32
 1678 0177 24000000 		.4byte	.LVL33
 1679 017b 0100     		.2byte	0x1
 1680 017d 50       		.byte	0x50
 1681 017e 00000000 		.4byte	0
 1682 0182 00000000 		.4byte	0
 1683              		.section	.debug_aranges,"",%progbits
 1684 0000 3C000000 		.4byte	0x3c
 1685 0004 0200     		.2byte	0x2
 1686 0006 00000000 		.4byte	.Ldebug_info0
 1687 000a 04       		.byte	0x4
 1688 000b 00       		.byte	0
 1689 000c 0000     		.2byte	0
 1690 000e 0000     		.2byte	0
 1691 0010 00000000 		.4byte	.LFB63
 1692 0014 4E000000 		.4byte	.LFE63-.LFB63
 1693 0018 00000000 		.4byte	.LFB64
 1694 001c 0A000000 		.4byte	.LFE64-.LFB64
 1695 0020 00000000 		.4byte	.LFB65
 1696 0024 88000000 		.4byte	.LFE65-.LFB65
 1697 0028 00000000 		.4byte	.LFB66
 1698 002c 98000000 		.4byte	.LFE66-.LFB66
 1699 0030 00000000 		.4byte	.LFB67
 1700 0034 44000000 		.4byte	.LFE67-.LFB67
 1701 0038 00000000 		.4byte	0
 1702 003c 00000000 		.4byte	0
 1703              		.section	.debug_ranges,"",%progbits
 1704              	.Ldebug_ranges0:
 1705 0000 00000000 		.4byte	.LFB63
 1706 0004 4E000000 		.4byte	.LFE63
 1707 0008 00000000 		.4byte	.LFB64
 1708 000c 0A000000 		.4byte	.LFE64
 1709 0010 00000000 		.4byte	.LFB65
 1710 0014 88000000 		.4byte	.LFE65
 1711 0018 00000000 		.4byte	.LFB66
 1712 001c 98000000 		.4byte	.LFE66
 1713 0020 00000000 		.4byte	.LFB67
 1714 0024 44000000 		.4byte	.LFE67
 1715 0028 00000000 		.4byte	0
 1716 002c 00000000 		.4byte	0
 1717              		.section	.debug_line,"",%progbits
 1718              	.Ldebug_line0:
 1719 0000 0D020000 		.section	.debug_str,"MS",%progbits,1
 1719      02007101 
 1719      00000201 
 1719      FB0E0D00 
 1719      01010101 
 1720              	.LASF19:
 1721 0000 57525F42 		.ascii	"WR_Buffer\000"
 1721      75666665 
ARM GAS  C:\Users\Hesham\AppData\Local\Temp\ccl0KKX5.s 			page 34


 1721      7200
 1722              	.LASF18:
 1723 000a 52445F53 		.ascii	"RD_Status\000"
 1723      74617475 
 1723      7300
 1724              	.LASF28:
 1725 0014 5A5F4C5F 		.ascii	"Z_L_G\000"
 1725      4700
 1726              	.LASF23:
 1727 001a 5265665F 		.ascii	"Ref_Address\000"
 1727      41646472 
 1727      65737300 
 1728              	.LASF50:
 1729 0026 496E6974 		.ascii	"Init_LSM6DS0\000"
 1729      5F4C534D 
 1729      36445330 
 1729      00
 1730              	.LASF9:
 1731 0033 5F5F696E 		.ascii	"__int32_t\000"
 1731      7433325F 
 1731      7400
 1732              	.LASF20:
 1733 003d 52445F42 		.ascii	"RD_Buffer\000"
 1733      75666665 
 1733      7200
 1734              	.LASF25:
 1735 0047 585F485F 		.ascii	"X_H_G\000"
 1735      4700
 1736              	.LASF41:
 1737 004d 585F415F 		.ascii	"X_A_Abs\000"
 1737      41627300 
 1738              	.LASF30:
 1739 0055 4C534D36 		.ascii	"LSM6DS0_Read_Acelerometer\000"
 1739      4453305F 
 1739      52656164 
 1739      5F416365 
 1739      6C65726F 
 1740              	.LASF10:
 1741 006f 696E7433 		.ascii	"int32_t\000"
 1741      325F7400 
 1742              	.LASF51:
 1743 0077 4932435F 		.ascii	"I2C_1_MasterWriteBuf\000"
 1743      315F4D61 
 1743      73746572 
 1743      57726974 
 1743      65427566 
 1744              	.LASF13:
 1745 008c 666C6F61 		.ascii	"float\000"
 1745      7400
 1746              	.LASF42:
 1747 0092 595F415F 		.ascii	"Y_A_Abs\000"
 1747      41627300 
 1748              	.LASF1:
 1749 009a 756E7369 		.ascii	"unsigned char\000"
 1749      676E6564 
 1749      20636861 
 1749      7200
ARM GAS  C:\Users\Hesham\AppData\Local\Temp\ccl0KKX5.s 			page 35


 1750              	.LASF5:
 1751 00a8 6C6F6E67 		.ascii	"long unsigned int\000"
 1751      20756E73 
 1751      69676E65 
 1751      6420696E 
 1751      7400
 1752              	.LASF34:
 1753 00ba 595F485F 		.ascii	"Y_H_A\000"
 1753      4100
 1754              	.LASF3:
 1755 00c0 73686F72 		.ascii	"short unsigned int\000"
 1755      7420756E 
 1755      7369676E 
 1755      65642069 
 1755      6E7400
 1756              	.LASF43:
 1757 00d3 5A5F415F 		.ascii	"Z_A_Abs\000"
 1757      41627300 
 1758              	.LASF17:
 1759 00db 57525F53 		.ascii	"WR_Status\000"
 1759      74617475 
 1759      7300
 1760              	.LASF27:
 1761 00e5 595F485F 		.ascii	"Y_H_G\000"
 1761      4700
 1762              	.LASF14:
 1763 00eb 646F7562 		.ascii	"double\000"
 1763      6C6500
 1764              	.LASF12:
 1765 00f2 75696E74 		.ascii	"uint16\000"
 1765      313600
 1766              	.LASF52:
 1767 00f9 4932435F 		.ascii	"I2C_1_MasterReadBuf\000"
 1767      315F4D61 
 1767      73746572 
 1767      52656164 
 1767      42756600 
 1768              	.LASF31:
 1769 010d 585F4C5F 		.ascii	"X_L_A\000"
 1769      4100
 1770              	.LASF47:
 1771 0113 4C534D36 		.ascii	"LSM6DS0AccelerometerGyroscopeSensor.c\000"
 1771      44533041 
 1771      6363656C 
 1771      65726F6D 
 1771      65746572 
 1772              	.LASF22:
 1773 0139 4C534D36 		.ascii	"LSM6DS0_Read_Gyrometer\000"
 1773      4453305F 
 1773      52656164 
 1773      5F477972 
 1773      6F6D6574 
 1774              	.LASF37:
 1775 0150 49544D5F 		.ascii	"ITM_RxBuffer\000"
 1775      52784275 
 1775      66666572 
 1775      00
ARM GAS  C:\Users\Hesham\AppData\Local\Temp\ccl0KKX5.s 			page 36


 1776              	.LASF46:
 1777 015d 474E5520 		.ascii	"GNU C 4.9.3 20150303 (release) [ARM/embedded-4_9-br"
 1777      4320342E 
 1777      392E3320 
 1777      32303135 
 1777      30333033 
 1778 0190 616E6368 		.ascii	"anch revision 221220] -mcpu=cortex-m3 -mthumb -g -O"
 1778      20726576 
 1778      6973696F 
 1778      6E203232 
 1778      31323230 
 1779 01c3 67202D66 		.ascii	"g -ffunction-sections -ffat-lto-objects\000"
 1779      66756E63 
 1779      74696F6E 
 1779      2D736563 
 1779      74696F6E 
 1780              	.LASF24:
 1781 01eb 585F4C5F 		.ascii	"X_L_G\000"
 1781      4700
 1782              	.LASF8:
 1783 01f1 756E7369 		.ascii	"unsigned int\000"
 1783      676E6564 
 1783      20696E74 
 1783      00
 1784              	.LASF32:
 1785 01fe 585F485F 		.ascii	"X_H_A\000"
 1785      4100
 1786              	.LASF7:
 1787 0204 6C6F6E67 		.ascii	"long long unsigned int\000"
 1787      206C6F6E 
 1787      6720756E 
 1787      7369676E 
 1787      65642069 
 1788              	.LASF36:
 1789 021b 5A5F485F 		.ascii	"Z_H_A\000"
 1789      4100
 1790              	.LASF29:
 1791 0221 5A5F485F 		.ascii	"Z_H_G\000"
 1791      4700
 1792              	.LASF38:
 1793 0227 585F475F 		.ascii	"X_G_Abs\000"
 1793      41627300 
 1794              	.LASF21:
 1795 022f 4C534D36 		.ascii	"LSM6DS0_TEST\000"
 1795      4453305F 
 1795      54455354 
 1795      00
 1796              	.LASF16:
 1797 023c 73697A65 		.ascii	"sizetype\000"
 1797      74797065 
 1797      00
 1798              	.LASF6:
 1799 0245 6C6F6E67 		.ascii	"long long int\000"
 1799      206C6F6E 
 1799      6720696E 
 1799      7400
 1800              	.LASF15:
ARM GAS  C:\Users\Hesham\AppData\Local\Temp\ccl0KKX5.s 			page 37


 1801 0253 63686172 		.ascii	"char\000"
 1801      00
 1802              	.LASF33:
 1803 0258 595F4C5F 		.ascii	"Y_L_A\000"
 1803      4100
 1804              	.LASF39:
 1805 025e 595F475F 		.ascii	"Y_G_Abs\000"
 1805      41627300 
 1806              	.LASF26:
 1807 0266 595F4C5F 		.ascii	"Y_L_G\000"
 1807      4700
 1808              	.LASF2:
 1809 026c 73686F72 		.ascii	"short int\000"
 1809      7420696E 
 1809      7400
 1810              	.LASF45:
 1811 0276 4932435F 		.ascii	"I2C_1_MasterClearStatus\000"
 1811      315F4D61 
 1811      73746572 
 1811      436C6561 
 1811      72537461 
 1812              	.LASF11:
 1813 028e 75696E74 		.ascii	"uint8\000"
 1813      3800
 1814              	.LASF40:
 1815 0294 5A5F475F 		.ascii	"Z_G_Abs\000"
 1815      41627300 
 1816              	.LASF4:
 1817 029c 6C6F6E67 		.ascii	"long int\000"
 1817      20696E74 
 1817      00
 1818              	.LASF44:
 1819 02a5 4932435F 		.ascii	"I2C_1_MasterStatus\000"
 1819      315F4D61 
 1819      73746572 
 1819      53746174 
 1819      757300
 1820              	.LASF49:
 1821 02b8 4932435F 		.ascii	"I2C_LSM6DS0\000"
 1821      4C534D36 
 1821      44533000 
 1822              	.LASF48:
 1823 02c4 433A5C55 		.ascii	"C:\\Users\\Hesham\\Documents\\PSoC Creator\\PrISM_L"
 1823      73657273 
 1823      5C486573 
 1823      68616D5C 
 1823      446F6375 
 1824 02f2 65643031 		.ascii	"ed01\\UART\\Lab_1_PreCourses\\Design01.cydsn\000"
 1824      5C554152 
 1824      545C4C61 
 1824      625F315F 
 1824      50726543 
 1825              	.LASF0:
 1826 031c 7369676E 		.ascii	"signed char\000"
 1826      65642063 
 1826      68617200 
 1827              	.LASF35:
ARM GAS  C:\Users\Hesham\AppData\Local\Temp\ccl0KKX5.s 			page 38


 1828 0328 5A5F4C5F 		.ascii	"Z_L_A\000"
 1828      4100
 1829              		.ident	"GCC: (GNU Tools for ARM Embedded Processors) 4.9.3 20150303 (release) [ARM/embedded-4_9-br
